[35m[1mConsolidate compiler generated dependencies of target tf_node[0m
[ 50%] Built target pub_occupancy_grid
[ 50%] Built target laserScan_
[ 62%] [32mBuilding CXX object CMakeFiles/mobile_base.dir/src/mobile_base.cpp.o[0m
[ 75%] [32mBuilding CXX object CMakeFiles/tf_node.dir/src/tf_node.cpp.o[0m
[01m[K/home/catia/ros2_ws/src/navigation_/src/tf_node.cpp:13:9:[m[K [01;35m[Kwarning: [m[Kmissing terminating " character
   13 |         [01;35m[K"[m[Kodom_subscriber_ = this->create_subscription<nav_msgs::msg::Odometry>(
      |         [01;35m[K^[m[K
[01m[K/home/catia/ros2_ws/src/navigation_/src/tf_node.cpp:13:9:[m[K [01;31m[Kerror: [m[Kmissing terminating " character
   13 |         [01;31m[K"odom_subscriber_ = this->create_subscription<nav_msgs::msg::Odometry>([m[K
      |         [01;31m[K^~~~~~~~~~~~~~~~~~~~~~~~~~~~~~~~~~~~~~~~~~~~~~~~~~~~~~~~~~~~~~~~~~~~~~~[m[K
[01m[K/home/catia/ros2_ws/src/navigation_/src/tf_node.cpp:14:108:[m[K [01;35m[Kwarning: [m[Kmissing terminating " character
   14 |             "/odom", 10, std::bind(&TransformBroadcasterNode::odom_callback, this, std::placeholders::_1));[01;35m[K"[m[K
      |                                                                                                            [01;35m[K^[m[K
[01m[K/home/catia/ros2_ws/src/navigation_/src/tf_node.cpp:14:108:[m[K [01;31m[Kerror: [m[Kmissing terminating " character
[01m[K/home/catia/ros2_ws/src/navigation_/src/tf_node.cpp:28:5:[m[K [01;35m[Kwarning: [m[Kmissing terminating " character
   28 |     [01;35m[K"[m[Kvoid odom_callback(const nav_msgs::msg::Odometry::SharedPtr msg) {
      |     [01;35m[K^[m[K
[01m[K/home/catia/ros2_ws/src/navigation_/src/tf_node.cpp:28:5:[m[K [01;31m[Kerror: [m[Kmissing terminating " character
   28 |     [01;31m[K"void odom_callback(const nav_msgs::msg::Odometry::SharedPtr msg) {[m[K
      |     [01;31m[K^~~~~~~~~~~~~~~~~~~~~~~~~~~~~~~~~~~~~~~~~~~~~~~~~~~~~~~~~~~~~~~~~~~[m[K
[01m[K/home/catia/ros2_ws/src/navigation_/src/tf_node.cpp:41:6:[m[K [01;35m[Kwarning: [m[Kmissing terminating " character
   41 |     }[01;35m[K"[m[K
      |      [01;35m[K^[m[K
[01m[K/home/catia/ros2_ws/src/navigation_/src/tf_node.cpp:41:6:[m[K [01;31m[Kerror: [m[Kmissing terminating " character
[01m[K/home/catia/ros2_ws/src/navigation_/src/tf_node.cpp:105:5:[m[K [01;35m[Kwarning: [m[Kmissing terminating " character
  105 |     [01;35m[K"[m[Kvoid publish_odom_to_base() {
      |     [01;35m[K^[m[K
[01m[K/home/catia/ros2_ws/src/navigation_/src/tf_node.cpp:105:5:[m[K [01;31m[Kerror: [m[Kmissing terminating " character
  105 |     [01;31m[K"void publish_odom_to_base() {[m[K
      |     [01;31m[K^~~~~~~~~~~~~~~~~~~~~~~~~~~~~~[m[K
[01m[K/home/catia/ros2_ws/src/navigation_/src/tf_node.cpp:123:6:[m[K [01;35m[Kwarning: [m[Kmissing terminating " character
  123 |     }[01;35m[K"[m[K
      |      [01;35m[K^[m[K
[01m[K/home/catia/ros2_ws/src/navigation_/src/tf_node.cpp:123:6:[m[K [01;31m[Kerror: [m[Kmissing terminating " character
[01m[K/home/catia/ros2_ws/src/navigation_/src/tf_node.cpp:31:9:[m[K [01;31m[Kerror: [m[Kâ€˜[01m[Kodom_to_base[m[Kâ€™ does not name a type
   31 |         [01;31m[Kodom_to_base[m[K.header.stamp = this->get_clock()->now();
      |         [01;31m[K^~~~~~~~~~~~[m[K
[01m[K/home/catia/ros2_ws/src/navigation_/src/tf_node.cpp:32:9:[m[K [01;31m[Kerror: [m[Kâ€˜[01m[Kodom_to_base[m[Kâ€™ does not name a type
   32 |         [01;31m[Kodom_to_base[m[K.header.frame_id = "odom";
      |         [01;31m[K^~~~~~~~~~~~[m[K
[01m[K/home/catia/ros2_ws/src/navigation_/src/tf_node.cpp:33:9:[m[K [01;31m[Kerror: [m[Kâ€˜[01m[Kodom_to_base[m[Kâ€™ does not name a type
   33 |         [01;31m[Kodom_to_base[m[K.child_frame_id = "base_link";
      |         [01;31m[K^~~~~~~~~~~~[m[K
[01m[K/home/catia/ros2_ws/src/navigation_/src/tf_node.cpp:35:9:[m[K [01;31m[Kerror: [m[Kâ€˜[01m[Kodom_to_base[m[Kâ€™ does not name a type
   35 |         [01;31m[Kodom_to_base[m[K.transform.translation.x = msg->pose.pose.position.x;
      |         [01;31m[K^~~~~~~~~~~~[m[K
[01m[K/home/catia/ros2_ws/src/navigation_/src/tf_node.cpp:36:9:[m[K [01;31m[Kerror: [m[Kâ€˜[01m[Kodom_to_base[m[Kâ€™ does not name a type
   36 |         [01;31m[Kodom_to_base[m[K.transform.translation.y = msg->pose.pose.position.y;
      |         [01;31m[K^~~~~~~~~~~~[m[K
[01m[K/home/catia/ros2_ws/src/navigation_/src/tf_node.cpp:37:9:[m[K [01;31m[Kerror: [m[Kâ€˜[01m[Kodom_to_base[m[Kâ€™ does not name a type
   37 |         [01;31m[Kodom_to_base[m[K.transform.translation.z = msg->pose.pose.position.z;
      |         [01;31m[K^~~~~~~~~~~~[m[K
[01m[K/home/catia/ros2_ws/src/navigation_/src/tf_node.cpp:38:9:[m[K [01;31m[Kerror: [m[Kâ€˜[01m[Kodom_to_base[m[Kâ€™ does not name a type
   38 |         [01;31m[Kodom_to_base[m[K.transform.rotation = msg->pose.pose.orientation;
      |         [01;31m[K^~~~~~~~~~~~[m[K
[01m[K/home/catia/ros2_ws/src/navigation_/src/tf_node.cpp:40:9:[m[K [01;31m[Kerror: [m[Kâ€˜[01m[Kbroadcaster_[m[Kâ€™ does not name a type
   40 |         [01;31m[Kbroadcaster_[m[K->sendTransform(odom_to_base);
      |         [01;31m[K^~~~~~~~~~~~[m[K
[01m[K/home/catia/ros2_ws/src/navigation_/src/tf_node.cpp:41:6:[m[K [01;31m[Kerror: [m[Kexpected â€˜[01m[K;[m[Kâ€™ after class definition
   41 |     }[01;31m[K"[m[K
      |      [01;31m[K^[m[K
      |      [32m[K;[m[K
[01m[K/home/catia/ros2_ws/src/navigation_/src/tf_node.cpp:[m[K In constructor â€˜[01m[KTransformBroadcasterNode::TransformBroadcasterNode()[m[Kâ€™:
[01m[K/home/catia/ros2_ws/src/navigation_/src/tf_node.cpp:10:9:[m[K [01;31m[Kerror: [m[Kâ€˜[01m[Kbroadcaster_[m[Kâ€™ was not declared in this scope
   10 |         [01;31m[Kbroadcaster_[m[K = std::make_shared<tf2_ros::TransformBroadcaster>(this);
      |         [01;31m[K^~~~~~~~~~~~[m[K
[01m[K/home/catia/ros2_ws/src/navigation_/src/tf_node.cpp:14:13:[m[K [01;35m[Kwarning: [m[Kleft operand of comma operator has no effect [[01;35m[K]8;;https://gcc.gnu.org/onlinedocs/gcc/Warning-Options.html#index-Wunused-value-Wunused-value]8;;[m[K]
   14 |             [01;35m[K"/odom"[m[K, 10, std::bind(&TransformBroadcasterNode::odom_callback, this, std::placeholders::_1));"
      |             [01;35m[K^~~~~~~[m[K
[01m[K/home/catia/ros2_ws/src/navigation_/src/tf_node.cpp:14:63:[m[K [01;31m[Kerror: [m[Kâ€˜[01m[Kodom_callback[m[Kâ€™ is not a member of â€˜[01m[KTransformBroadcasterNode[m[Kâ€™
   14 |             "/odom", 10, std::bind(&TransformBroadcasterNode::[01;31m[Kodom_callback[m[K, this, std::placeholders::_1));"
      |                                                               [01;31m[K^~~~~~~~~~~~~[m[K
[01m[K/home/catia/ros2_ws/src/navigation_/src/tf_node.cpp:16:9:[m[K [01;31m[Kerror: [m[Kâ€˜[01m[Kbase_subscriber_[m[Kâ€™ was not declared in this scope
   16 |         [01;31m[Kbase_subscriber_[m[K = this->create_subscription<nav_msgs::msg::Odometry>(
      |         [01;31m[K^~~~~~~~~~~~~~~~[m[K
[01m[K/home/catia/ros2_ws/src/navigation_/src/tf_node.cpp:17:67:[m[K [01;31m[Kerror: [m[Kâ€˜[01m[Kbase_callback[m[Kâ€™ is not a member of â€˜[01m[KTransformBroadcasterNode[m[Kâ€™
   17 |             "/base_pub", 10, std::bind(&TransformBroadcasterNode::[01;31m[Kbase_callback[m[K, this, std::placeholders::_1));
      |                                                                   [01;31m[K^~~~~~~~~~~~~[m[K
[01m[K/home/catia/ros2_ws/src/navigation_/src/tf_node.cpp:20:9:[m[K [01;31m[Kerror: [m[Kâ€˜[01m[Ktimer_[m[Kâ€™ was not declared in this scope; did you mean â€˜[01m[Ktimer_t[m[Kâ€™?
   20 |         [01;31m[Ktimer_[m[K = this->create_wall_timer(
      |         [01;31m[K^~~~~~[m[K
      |         [32m[Ktimer_t[m[K
[01m[K/home/catia/ros2_ws/src/navigation_/src/tf_node.cpp:22:50:[m[K [01;31m[Kerror: [m[Kâ€˜[01m[Kpublish_map_to_odom[m[Kâ€™ is not a member of â€˜[01m[KTransformBroadcasterNode[m[Kâ€™
   22 |             std::bind(&TransformBroadcasterNode::[01;31m[Kpublish_map_to_odom[m[K, this));
      |                                                  [01;31m[K^~~~~~~~~~~~~~~~~~~[m[K
[01m[K/home/catia/ros2_ws/src/navigation_/src/tf_node.cpp:24:9:[m[K [01;31m[Kerror: [m[Kâ€˜[01m[Kpublish_base_to_laser[m[Kâ€™ was not declared in this scope
   24 |         [01;31m[Kpublish_base_to_laser[m[K();
      |         [01;31m[K^~~~~~~~~~~~~~~~~~~~~[m[K
[01m[K/home/catia/ros2_ws/src/navigation_/src/tf_node.cpp:[m[K In function â€˜[01m[Kvoid base_callback(nav_msgs::msg::Odometry_<std::allocator<void> >::SharedPtr)[m[Kâ€™:
[01m[K/home/catia/ros2_ws/src/navigation_/src/tf_node.cpp:45:38:[m[K [01;31m[Kerror: [m[Kinvalid use of â€˜[01m[Kthis[m[Kâ€™ in non-member function
   45 |         base_to_laser.header.stamp = [01;31m[Kthis[m[K->get_clock()->now();
      |                                      [01;31m[K^~~~[m[K
[01m[K/home/catia/ros2_ws/src/navigation_/src/tf_node.cpp:61:9:[m[K [01;31m[Kerror: [m[Kâ€˜[01m[Kbroadcaster_[m[Kâ€™ was not declared in this scope
   61 |         [01;31m[Kbroadcaster_[m[K->sendTransform(base_to_laser);
      |         [01;31m[K^~~~~~~~~~~~[m[K
[01m[K/home/catia/ros2_ws/src/navigation_/src/tf_node.cpp:[m[K In function â€˜[01m[Kvoid publish_map_to_odom()[m[Kâ€™:
[01m[K/home/catia/ros2_ws/src/navigation_/src/tf_node.cpp:67:36:[m[K [01;31m[Kerror: [m[Kinvalid use of â€˜[01m[Kthis[m[Kâ€™ in non-member function
   67 |         map_to_odom.header.stamp = [01;31m[Kthis[m[K->get_clock()->now();
      |                                    [01;31m[K^~~~[m[K
[01m[K/home/catia/ros2_ws/src/navigation_/src/tf_node.cpp:82:9:[m[K [01;31m[Kerror: [m[Kâ€˜[01m[Kbroadcaster_[m[Kâ€™ was not declared in this scope
   82 |         [01;31m[Kbroadcaster_[m[K->sendTransform(map_to_odom);
      |         [01;31m[K^~~~~~~~~~~~[m[K
[01m[K/home/catia/ros2_ws/src/navigation_/src/tf_node.cpp:[m[K In function â€˜[01m[Kvoid publish_base_to_laser()[m[Kâ€™:
[01m[K/home/catia/ros2_ws/src/navigation_/src/tf_node.cpp:88:38:[m[K [01;31m[Kerror: [m[Kinvalid use of â€˜[01m[Kthis[m[Kâ€™ in non-member function
   88 |         base_to_laser.header.stamp = [01;31m[Kthis[m[K->get_clock()->now();
      |                                      [01;31m[K^~~~[m[K
[01m[K/home/catia/ros2_ws/src/navigation_/src/tf_node.cpp:103:9:[m[K [01;31m[Kerror: [m[Kâ€˜[01m[Kbroadcaster_[m[Kâ€™ was not declared in this scope
  103 |         [01;31m[Kbroadcaster_[m[K->sendTransform(base_to_laser);
      |         [01;31m[K^~~~~~~~~~~~[m[K
[01m[K/home/catia/ros2_ws/src/navigation_/src/tf_node.cpp:[m[K At global scope:
[01m[K/home/catia/ros2_ws/src/navigation_/src/tf_node.cpp:107:9:[m[K [01;31m[Kerror: [m[Kâ€˜[01m[Kodom_to_base[m[Kâ€™ does not name a type
  107 |         [01;31m[Kodom_to_base[m[K.header.stamp = this->get_clock()->now();
      |         [01;31m[K^~~~~~~~~~~~[m[K
[01m[K/home/catia/ros2_ws/src/navigation_/src/tf_node.cpp:108:9:[m[K [01;31m[Kerror: [m[Kâ€˜[01m[Kodom_to_base[m[Kâ€™ does not name a type
  108 |         [01;31m[Kodom_to_base[m[K.header.frame_id = "odom";
      |         [01;31m[K^~~~~~~~~~~~[m[K
[01m[K/home/catia/ros2_ws/src/navigation_/src/tf_node.cpp:109:9:[m[K [01;31m[Kerror: [m[Kâ€˜[01m[Kodom_to_base[m[Kâ€™ does not name a type
  109 |         [01;31m[Kodom_to_base[m[K.child_frame_id = "base_link";
      |         [01;31m[K^~~~~~~~~~~~[m[K
[01m[K/home/catia/ros2_ws/src/navigation_/src/tf_node.cpp:112:9:[m[K [01;31m[Kerror: [m[Kâ€˜[01m[Kodom_to_base[m[Kâ€™ does not name a type
  112 |         [01;31m[Kodom_to_base[m[K.transform.translation.x = x_;
      |         [01;31m[K^~~~~~~~~~~~[m[K
[01m[K/home/catia/ros2_ws/src/navigation_/src/tf_node.cpp:113:9:[m[K [01;31m[Kerror: [m[Kâ€˜[01m[Kodom_to_base[m[Kâ€™ does not name a type
  113 |         [01;31m[Kodom_to_base[m[K.transform.translation.y = y_;
      |         [01;31m[K^~~~~~~~~~~~[m[K
[01m[K/home/catia/ros2_ws/src/navigation_/src/tf_node.cpp:114:9:[m[K [01;31m[Kerror: [m[Kâ€˜[01m[Kodom_to_base[m[Kâ€™ does not name a type
  114 |         [01;31m[Kodom_to_base[m[K.transform.translation.z = 0.0;
      |         [01;31m[K^~~~~~~~~~~~[m[K
[01m[K/home/catia/ros2_ws/src/navigation_/src/tf_node.cpp:116:9:[m[K [01;31m[Kerror: [m[Kâ€˜[01m[Kq[m[Kâ€™ does not name a type
  116 |         [01;31m[Kq[m[K.setRPY(0, 0, theta_);
      |         [01;31m[K^[m[K
[01m[K/home/catia/ros2_ws/src/navigation_/src/tf_node.cpp:117:9:[m[K [01;31m[Kerror: [m[Kâ€˜[01m[Kodom_to_base[m[Kâ€™ does not name a type
  117 |         [01;31m[Kodom_to_base[m[K.transform.rotation.x = q.x();
      |         [01;31m[K^~~~~~~~~~~~[m[K
[01m[K/home/catia/ros2_ws/src/navigation_/src/tf_node.cpp:118:9:[m[K [01;31m[Kerror: [m[Kâ€˜[01m[Kodom_to_base[m[Kâ€™ does not name a type
  118 |         [01;31m[Kodom_to_base[m[K.transform.rotation.y = q.y();
      |         [01;31m[K^~~~~~~~~~~~[m[K
[01m[K/home/catia/ros2_ws/src/navigation_/src/tf_node.cpp:119:9:[m[K [01;31m[Kerror: [m[Kâ€˜[01m[Kodom_to_base[m[Kâ€™ does not name a type
  119 |         [01;31m[Kodom_to_base[m[K.transform.rotation.z = q.z();
      |         [01;31m[K^~~~~~~~~~~~[m[K
[01m[K/home/catia/ros2_ws/src/navigation_/src/tf_node.cpp:120:9:[m[K [01;31m[Kerror: [m[Kâ€˜[01m[Kodom_to_base[m[Kâ€™ does not name a type
  120 |         [01;31m[Kodom_to_base[m[K.transform.rotation.w = q.w();
      |         [01;31m[K^~~~~~~~~~~~[m[K
[01m[K/home/catia/ros2_ws/src/navigation_/src/tf_node.cpp:122:9:[m[K [01;31m[Kerror: [m[Kâ€˜[01m[Kbroadcaster_[m[Kâ€™ does not name a type
  122 |         [01;31m[Kbroadcaster_[m[K->sendTransform(odom_to_base);
      |         [01;31m[K^~~~~~~~~~~~[m[K
[01m[K/home/catia/ros2_ws/src/navigation_/src/tf_node.cpp:123:5:[m[K [01;31m[Kerror: [m[Kexpected declaration before â€˜[01m[K}[m[Kâ€™ token
  123 |     [01;31m[K}[m[K"
      |     [01;31m[K^[m[K
[01m[K/home/catia/ros2_ws/src/navigation_/src/tf_node.cpp:130:1:[m[K [01;31m[Kerror: [m[Kexpected declaration before â€˜[01m[K}[m[Kâ€™ token
  130 | [01;31m[K}[m[K;
      | [01;31m[K^[m[K
gmake[2]: *** [CMakeFiles/tf_node.dir/build.make:76: CMakeFiles/tf_node.dir/src/tf_node.cpp.o] Error 1
gmake[1]: *** [CMakeFiles/Makefile2:221: CMakeFiles/tf_node.dir/all] Error 2
gmake[1]: *** Waiting for unfinished jobs....
[ 87%] [32m[1mLinking CXX executable mobile_base[0m
[ 87%] Built target mobile_base
gmake: *** [Makefile:146: all] Error 2
