[0.008s] Invoking command in '/home/catia/ros2_ws/build/navigation_': CMAKE_PREFIX_PATH=${CMAKE_PREFIX_PATH}:/opt/ros/humble /usr/bin/cmake --build /home/catia/ros2_ws/build/navigation_ -- -j8 -l8
[0.041s] [35m[1mConsolidate compiler generated dependencies of target tf_node[0m
[0.050s] [ 50%] Built target pub_occupancy_grid
[0.051s] [ 50%] Built target laserScan_
[0.052s] [ 62%] [32mBuilding CXX object CMakeFiles/mobile_base.dir/src/mobile_base.cpp.o[0m
[0.055s] [ 75%] [32mBuilding CXX object CMakeFiles/tf_node.dir/src/tf_node.cpp.o[0m
[0.223s] [01m[K/home/catia/ros2_ws/src/navigation_/src/tf_node.cpp:13:9:[m[K [01;35m[Kwarning: [m[Kmissing terminating " character
[0.223s]    13 |         [01;35m[K"[m[Kodom_subscriber_ = this->create_subscription<nav_msgs::msg::Odometry>(
[0.224s]       |         [01;35m[K^[m[K
[0.224s] [01m[K/home/catia/ros2_ws/src/navigation_/src/tf_node.cpp:13:9:[m[K [01;31m[Kerror: [m[Kmissing terminating " character
[0.224s]    13 |         [01;31m[K"odom_subscriber_ = this->create_subscription<nav_msgs::msg::Odometry>([m[K
[0.224s]       |         [01;31m[K^~~~~~~~~~~~~~~~~~~~~~~~~~~~~~~~~~~~~~~~~~~~~~~~~~~~~~~~~~~~~~~~~~~~~~~[m[K
[0.224s] [01m[K/home/catia/ros2_ws/src/navigation_/src/tf_node.cpp:14:108:[m[K [01;35m[Kwarning: [m[Kmissing terminating " character
[0.224s]    14 |             "/odom", 10, std::bind(&TransformBroadcasterNode::odom_callback, this, std::placeholders::_1));[01;35m[K"[m[K
[0.224s]       |                                                                                                            [01;35m[K^[m[K
[0.224s] [01m[K/home/catia/ros2_ws/src/navigation_/src/tf_node.cpp:14:108:[m[K [01;31m[Kerror: [m[Kmissing terminating " character
[0.224s] [01m[K/home/catia/ros2_ws/src/navigation_/src/tf_node.cpp:28:5:[m[K [01;35m[Kwarning: [m[Kmissing terminating " character
[0.224s]    28 |     [01;35m[K"[m[Kvoid odom_callback(const nav_msgs::msg::Odometry::SharedPtr msg) {
[0.224s]       |     [01;35m[K^[m[K
[0.224s] [01m[K/home/catia/ros2_ws/src/navigation_/src/tf_node.cpp:28:5:[m[K [01;31m[Kerror: [m[Kmissing terminating " character
[0.224s]    28 |     [01;31m[K"void odom_callback(const nav_msgs::msg::Odometry::SharedPtr msg) {[m[K
[0.225s]       |     [01;31m[K^~~~~~~~~~~~~~~~~~~~~~~~~~~~~~~~~~~~~~~~~~~~~~~~~~~~~~~~~~~~~~~~~~~[m[K
[0.225s] [01m[K/home/catia/ros2_ws/src/navigation_/src/tf_node.cpp:41:6:[m[K [01;35m[Kwarning: [m[Kmissing terminating " character
[0.225s]    41 |     }[01;35m[K"[m[K
[0.225s]       |      [01;35m[K^[m[K
[0.225s] [01m[K/home/catia/ros2_ws/src/navigation_/src/tf_node.cpp:41:6:[m[K [01;31m[Kerror: [m[Kmissing terminating " character
[0.225s] [01m[K/home/catia/ros2_ws/src/navigation_/src/tf_node.cpp:105:5:[m[K [01;35m[Kwarning: [m[Kmissing terminating " character
[0.225s]   105 |     [01;35m[K"[m[Kvoid publish_odom_to_base() {
[0.225s]       |     [01;35m[K^[m[K
[0.225s] [01m[K/home/catia/ros2_ws/src/navigation_/src/tf_node.cpp:105:5:[m[K [01;31m[Kerror: [m[Kmissing terminating " character
[0.225s]   105 |     [01;31m[K"void publish_odom_to_base() {[m[K
[0.225s]       |     [01;31m[K^~~~~~~~~~~~~~~~~~~~~~~~~~~~~~[m[K
[0.225s] [01m[K/home/catia/ros2_ws/src/navigation_/src/tf_node.cpp:123:6:[m[K [01;35m[Kwarning: [m[Kmissing terminating " character
[0.226s]   123 |     }[01;35m[K"[m[K
[0.226s]       |      [01;35m[K^[m[K
[0.226s] [01m[K/home/catia/ros2_ws/src/navigation_/src/tf_node.cpp:123:6:[m[K [01;31m[Kerror: [m[Kmissing terminating " character
[1.927s] [01m[K/home/catia/ros2_ws/src/navigation_/src/tf_node.cpp:31:9:[m[K [01;31m[Kerror: [m[Kâ€˜[01m[Kodom_to_base[m[Kâ€™ does not name a type
[1.928s]    31 |         [01;31m[Kodom_to_base[m[K.header.stamp = this->get_clock()->now();
[1.928s]       |         [01;31m[K^~~~~~~~~~~~[m[K
[1.930s] [01m[K/home/catia/ros2_ws/src/navigation_/src/tf_node.cpp:32:9:[m[K [01;31m[Kerror: [m[Kâ€˜[01m[Kodom_to_base[m[Kâ€™ does not name a type
[1.930s]    32 |         [01;31m[Kodom_to_base[m[K.header.frame_id = "odom";
[1.930s]       |         [01;31m[K^~~~~~~~~~~~[m[K
[1.932s] [01m[K/home/catia/ros2_ws/src/navigation_/src/tf_node.cpp:33:9:[m[K [01;31m[Kerror: [m[Kâ€˜[01m[Kodom_to_base[m[Kâ€™ does not name a type
[1.932s]    33 |         [01;31m[Kodom_to_base[m[K.child_frame_id = "base_link";
[1.932s]       |         [01;31m[K^~~~~~~~~~~~[m[K
[1.935s] [01m[K/home/catia/ros2_ws/src/navigation_/src/tf_node.cpp:35:9:[m[K [01;31m[Kerror: [m[Kâ€˜[01m[Kodom_to_base[m[Kâ€™ does not name a type
[1.935s]    35 |         [01;31m[Kodom_to_base[m[K.transform.translation.x = msg->pose.pose.position.x;
[1.935s]       |         [01;31m[K^~~~~~~~~~~~[m[K
[1.937s] [01m[K/home/catia/ros2_ws/src/navigation_/src/tf_node.cpp:36:9:[m[K [01;31m[Kerror: [m[Kâ€˜[01m[Kodom_to_base[m[Kâ€™ does not name a type
[1.937s]    36 |         [01;31m[Kodom_to_base[m[K.transform.translation.y = msg->pose.pose.position.y;
[1.937s]       |         [01;31m[K^~~~~~~~~~~~[m[K
[1.939s] [01m[K/home/catia/ros2_ws/src/navigation_/src/tf_node.cpp:37:9:[m[K [01;31m[Kerror: [m[Kâ€˜[01m[Kodom_to_base[m[Kâ€™ does not name a type
[1.939s]    37 |         [01;31m[Kodom_to_base[m[K.transform.translation.z = msg->pose.pose.position.z;
[1.940s]       |         [01;31m[K^~~~~~~~~~~~[m[K
[1.942s] [01m[K/home/catia/ros2_ws/src/navigation_/src/tf_node.cpp:38:9:[m[K [01;31m[Kerror: [m[Kâ€˜[01m[Kodom_to_base[m[Kâ€™ does not name a type
[1.942s]    38 |         [01;31m[Kodom_to_base[m[K.transform.rotation = msg->pose.pose.orientation;
[1.942s]       |         [01;31m[K^~~~~~~~~~~~[m[K
[1.944s] [01m[K/home/catia/ros2_ws/src/navigation_/src/tf_node.cpp:40:9:[m[K [01;31m[Kerror: [m[Kâ€˜[01m[Kbroadcaster_[m[Kâ€™ does not name a type
[1.944s]    40 |         [01;31m[Kbroadcaster_[m[K->sendTransform(odom_to_base);
[1.944s]       |         [01;31m[K^~~~~~~~~~~~[m[K
[1.944s] [01m[K/home/catia/ros2_ws/src/navigation_/src/tf_node.cpp:41:6:[m[K [01;31m[Kerror: [m[Kexpected â€˜[01m[K;[m[Kâ€™ after class definition
[1.944s]    41 |     }[01;31m[K"[m[K
[1.944s]       |      [01;31m[K^[m[K
[1.944s]       |      [32m[K;[m[K
[1.951s] [01m[K/home/catia/ros2_ws/src/navigation_/src/tf_node.cpp:[m[K In constructor â€˜[01m[KTransformBroadcasterNode::TransformBroadcasterNode()[m[Kâ€™:
[1.951s] [01m[K/home/catia/ros2_ws/src/navigation_/src/tf_node.cpp:10:9:[m[K [01;31m[Kerror: [m[Kâ€˜[01m[Kbroadcaster_[m[Kâ€™ was not declared in this scope
[1.951s]    10 |         [01;31m[Kbroadcaster_[m[K = std::make_shared<tf2_ros::TransformBroadcaster>(this);
[1.951s]       |         [01;31m[K^~~~~~~~~~~~[m[K
[1.953s] [01m[K/home/catia/ros2_ws/src/navigation_/src/tf_node.cpp:14:13:[m[K [01;35m[Kwarning: [m[Kleft operand of comma operator has no effect [[01;35m[K]8;;https://gcc.gnu.org/onlinedocs/gcc/Warning-Options.html#index-Wunused-value-Wunused-value]8;;[m[K]
[1.953s]    14 |             [01;35m[K"/odom"[m[K, 10, std::bind(&TransformBroadcasterNode::odom_callback, this, std::placeholders::_1));"
[1.953s]       |             [01;35m[K^~~~~~~[m[K
[1.953s] [01m[K/home/catia/ros2_ws/src/navigation_/src/tf_node.cpp:14:63:[m[K [01;31m[Kerror: [m[Kâ€˜[01m[Kodom_callback[m[Kâ€™ is not a member of â€˜[01m[KTransformBroadcasterNode[m[Kâ€™
[1.953s]    14 |             "/odom", 10, std::bind(&TransformBroadcasterNode::[01;31m[Kodom_callback[m[K, this, std::placeholders::_1));"
[1.953s]       |                                                               [01;31m[K^~~~~~~~~~~~~[m[K
[1.960s] [01m[K/home/catia/ros2_ws/src/navigation_/src/tf_node.cpp:16:9:[m[K [01;31m[Kerror: [m[Kâ€˜[01m[Kbase_subscriber_[m[Kâ€™ was not declared in this scope
[1.961s]    16 |         [01;31m[Kbase_subscriber_[m[K = this->create_subscription<nav_msgs::msg::Odometry>(
[1.961s]       |         [01;31m[K^~~~~~~~~~~~~~~~[m[K
[1.961s] [01m[K/home/catia/ros2_ws/src/navigation_/src/tf_node.cpp:17:67:[m[K [01;31m[Kerror: [m[Kâ€˜[01m[Kbase_callback[m[Kâ€™ is not a member of â€˜[01m[KTransformBroadcasterNode[m[Kâ€™
[1.961s]    17 |             "/base_pub", 10, std::bind(&TransformBroadcasterNode::[01;31m[Kbase_callback[m[K, this, std::placeholders::_1));
[1.961s]       |                                                                   [01;31m[K^~~~~~~~~~~~~[m[K
[1.965s] [01m[K/home/catia/ros2_ws/src/navigation_/src/tf_node.cpp:20:9:[m[K [01;31m[Kerror: [m[Kâ€˜[01m[Ktimer_[m[Kâ€™ was not declared in this scope; did you mean â€˜[01m[Ktimer_t[m[Kâ€™?
[1.965s]    20 |         [01;31m[Ktimer_[m[K = this->create_wall_timer(
[1.965s]       |         [01;31m[K^~~~~~[m[K
[1.965s]       |         [32m[Ktimer_t[m[K
[1.965s] [01m[K/home/catia/ros2_ws/src/navigation_/src/tf_node.cpp:22:50:[m[K [01;31m[Kerror: [m[Kâ€˜[01m[Kpublish_map_to_odom[m[Kâ€™ is not a member of â€˜[01m[KTransformBroadcasterNode[m[Kâ€™
[1.965s]    22 |             std::bind(&TransformBroadcasterNode::[01;31m[Kpublish_map_to_odom[m[K, this));
[1.965s]       |                                                  [01;31m[K^~~~~~~~~~~~~~~~~~~[m[K
[1.974s] [01m[K/home/catia/ros2_ws/src/navigation_/src/tf_node.cpp:24:9:[m[K [01;31m[Kerror: [m[Kâ€˜[01m[Kpublish_base_to_laser[m[Kâ€™ was not declared in this scope
[1.974s]    24 |         [01;31m[Kpublish_base_to_laser[m[K();
[1.974s]       |         [01;31m[K^~~~~~~~~~~~~~~~~~~~~[m[K
[1.976s] [01m[K/home/catia/ros2_ws/src/navigation_/src/tf_node.cpp:[m[K In function â€˜[01m[Kvoid base_callback(nav_msgs::msg::Odometry_<std::allocator<void> >::SharedPtr)[m[Kâ€™:
[1.976s] [01m[K/home/catia/ros2_ws/src/navigation_/src/tf_node.cpp:45:38:[m[K [01;31m[Kerror: [m[Kinvalid use of â€˜[01m[Kthis[m[Kâ€™ in non-member function
[1.976s]    45 |         base_to_laser.header.stamp = [01;31m[Kthis[m[K->get_clock()->now();
[1.976s]       |                                      [01;31m[K^~~~[m[K
[1.980s] [01m[K/home/catia/ros2_ws/src/navigation_/src/tf_node.cpp:61:9:[m[K [01;31m[Kerror: [m[Kâ€˜[01m[Kbroadcaster_[m[Kâ€™ was not declared in this scope
[1.980s]    61 |         [01;31m[Kbroadcaster_[m[K->sendTransform(base_to_laser);
[1.980s]       |         [01;31m[K^~~~~~~~~~~~[m[K
[1.980s] [01m[K/home/catia/ros2_ws/src/navigation_/src/tf_node.cpp:[m[K In function â€˜[01m[Kvoid publish_map_to_odom()[m[Kâ€™:
[1.980s] [01m[K/home/catia/ros2_ws/src/navigation_/src/tf_node.cpp:67:36:[m[K [01;31m[Kerror: [m[Kinvalid use of â€˜[01m[Kthis[m[Kâ€™ in non-member function
[1.981s]    67 |         map_to_odom.header.stamp = [01;31m[Kthis[m[K->get_clock()->now();
[1.981s]       |                                    [01;31m[K^~~~[m[K
[1.984s] [01m[K/home/catia/ros2_ws/src/navigation_/src/tf_node.cpp:82:9:[m[K [01;31m[Kerror: [m[Kâ€˜[01m[Kbroadcaster_[m[Kâ€™ was not declared in this scope
[1.985s]    82 |         [01;31m[Kbroadcaster_[m[K->sendTransform(map_to_odom);
[1.985s]       |         [01;31m[K^~~~~~~~~~~~[m[K
[1.985s] [01m[K/home/catia/ros2_ws/src/navigation_/src/tf_node.cpp:[m[K In function â€˜[01m[Kvoid publish_base_to_laser()[m[Kâ€™:
[1.985s] [01m[K/home/catia/ros2_ws/src/navigation_/src/tf_node.cpp:88:38:[m[K [01;31m[Kerror: [m[Kinvalid use of â€˜[01m[Kthis[m[Kâ€™ in non-member function
[1.985s]    88 |         base_to_laser.header.stamp = [01;31m[Kthis[m[K->get_clock()->now();
[1.985s]       |                                      [01;31m[K^~~~[m[K
[1.989s] [01m[K/home/catia/ros2_ws/src/navigation_/src/tf_node.cpp:103:9:[m[K [01;31m[Kerror: [m[Kâ€˜[01m[Kbroadcaster_[m[Kâ€™ was not declared in this scope
[1.989s]   103 |         [01;31m[Kbroadcaster_[m[K->sendTransform(base_to_laser);
[1.989s]       |         [01;31m[K^~~~~~~~~~~~[m[K
[1.990s] [01m[K/home/catia/ros2_ws/src/navigation_/src/tf_node.cpp:[m[K At global scope:
[1.991s] [01m[K/home/catia/ros2_ws/src/navigation_/src/tf_node.cpp:107:9:[m[K [01;31m[Kerror: [m[Kâ€˜[01m[Kodom_to_base[m[Kâ€™ does not name a type
[1.991s]   107 |         [01;31m[Kodom_to_base[m[K.header.stamp = this->get_clock()->now();
[1.991s]       |         [01;31m[K^~~~~~~~~~~~[m[K
[1.992s] [01m[K/home/catia/ros2_ws/src/navigation_/src/tf_node.cpp:108:9:[m[K [01;31m[Kerror: [m[Kâ€˜[01m[Kodom_to_base[m[Kâ€™ does not name a type
[1.992s]   108 |         [01;31m[Kodom_to_base[m[K.header.frame_id = "odom";
[1.992s]       |         [01;31m[K^~~~~~~~~~~~[m[K
[1.993s] [01m[K/home/catia/ros2_ws/src/navigation_/src/tf_node.cpp:109:9:[m[K [01;31m[Kerror: [m[Kâ€˜[01m[Kodom_to_base[m[Kâ€™ does not name a type
[1.993s]   109 |         [01;31m[Kodom_to_base[m[K.child_frame_id = "base_link";
[1.994s]       |         [01;31m[K^~~~~~~~~~~~[m[K
[1.995s] [01m[K/home/catia/ros2_ws/src/navigation_/src/tf_node.cpp:112:9:[m[K [01;31m[Kerror: [m[Kâ€˜[01m[Kodom_to_base[m[Kâ€™ does not name a type
[1.995s]   112 |         [01;31m[Kodom_to_base[m[K.transform.translation.x = x_;
[1.995s]       |         [01;31m[K^~~~~~~~~~~~[m[K
[1.996s] [01m[K/home/catia/ros2_ws/src/navigation_/src/tf_node.cpp:113:9:[m[K [01;31m[Kerror: [m[Kâ€˜[01m[Kodom_to_base[m[Kâ€™ does not name a type
[1.996s]   113 |         [01;31m[Kodom_to_base[m[K.transform.translation.y = y_;
[1.996s]       |         [01;31m[K^~~~~~~~~~~~[m[K
[1.998s] [01m[K/home/catia/ros2_ws/src/navigation_/src/tf_node.cpp:114:9:[m[K [01;31m[Kerror: [m[Kâ€˜[01m[Kodom_to_base[m[Kâ€™ does not name a type
[1.998s]   114 |         [01;31m[Kodom_to_base[m[K.transform.translation.z = 0.0;
[1.998s]       |         [01;31m[K^~~~~~~~~~~~[m[K
[1.998s] [01m[K/home/catia/ros2_ws/src/navigation_/src/tf_node.cpp:116:9:[m[K [01;31m[Kerror: [m[Kâ€˜[01m[Kq[m[Kâ€™ does not name a type
[1.998s]   116 |         [01;31m[Kq[m[K.setRPY(0, 0, theta_);
[1.998s]       |         [01;31m[K^[m[K
[2.000s] [01m[K/home/catia/ros2_ws/src/navigation_/src/tf_node.cpp:117:9:[m[K [01;31m[Kerror: [m[Kâ€˜[01m[Kodom_to_base[m[Kâ€™ does not name a type
[2.000s]   117 |         [01;31m[Kodom_to_base[m[K.transform.rotation.x = q.x();
[2.000s]       |         [01;31m[K^~~~~~~~~~~~[m[K
[2.001s] [01m[K/home/catia/ros2_ws/src/navigation_/src/tf_node.cpp:118:9:[m[K [01;31m[Kerror: [m[Kâ€˜[01m[Kodom_to_base[m[Kâ€™ does not name a type
[2.001s]   118 |         [01;31m[Kodom_to_base[m[K.transform.rotation.y = q.y();
[2.001s]       |         [01;31m[K^~~~~~~~~~~~[m[K
[2.002s] [01m[K/home/catia/ros2_ws/src/navigation_/src/tf_node.cpp:119:9:[m[K [01;31m[Kerror: [m[Kâ€˜[01m[Kodom_to_base[m[Kâ€™ does not name a type
[2.003s]   119 |         [01;31m[Kodom_to_base[m[K.transform.rotation.z = q.z();
[2.003s]       |         [01;31m[K^~~~~~~~~~~~[m[K
[2.004s] [01m[K/home/catia/ros2_ws/src/navigation_/src/tf_node.cpp:120:9:[m[K [01;31m[Kerror: [m[Kâ€˜[01m[Kodom_to_base[m[Kâ€™ does not name a type
[2.004s]   120 |         [01;31m[Kodom_to_base[m[K.transform.rotation.w = q.w();
[2.004s]       |         [01;31m[K^~~~~~~~~~~~[m[K
[2.005s] [01m[K/home/catia/ros2_ws/src/navigation_/src/tf_node.cpp:122:9:[m[K [01;31m[Kerror: [m[Kâ€˜[01m[Kbroadcaster_[m[Kâ€™ does not name a type
[2.005s]   122 |         [01;31m[Kbroadcaster_[m[K->sendTransform(odom_to_base);
[2.005s]       |         [01;31m[K^~~~~~~~~~~~[m[K
[2.005s] [01m[K/home/catia/ros2_ws/src/navigation_/src/tf_node.cpp:123:5:[m[K [01;31m[Kerror: [m[Kexpected declaration before â€˜[01m[K}[m[Kâ€™ token
[2.005s]   123 |     [01;31m[K}[m[K"
[2.005s]       |     [01;31m[K^[m[K
[2.035s] [01m[K/home/catia/ros2_ws/src/navigation_/src/tf_node.cpp:130:1:[m[K [01;31m[Kerror: [m[Kexpected declaration before â€˜[01m[K}[m[Kâ€™ token
[2.035s]   130 | [01;31m[K}[m[K;
[2.035s]       | [01;31m[K^[m[K
[2.563s] gmake[2]: *** [CMakeFiles/tf_node.dir/build.make:76: CMakeFiles/tf_node.dir/src/tf_node.cpp.o] Error 1
[2.564s] gmake[1]: *** [CMakeFiles/Makefile2:221: CMakeFiles/tf_node.dir/all] Error 2
[2.564s] gmake[1]: *** Waiting for unfinished jobs....
[3.996s] [ 87%] [32m[1mLinking CXX executable mobile_base[0m
[4.200s] [ 87%] Built target mobile_base
[4.200s] gmake: *** [Makefile:146: all] Error 2
[4.203s] Invoked command in '/home/catia/ros2_ws/build/navigation_' returned '2': CMAKE_PREFIX_PATH=${CMAKE_PREFIX_PATH}:/opt/ros/humble /usr/bin/cmake --build /home/catia/ros2_ws/build/navigation_ -- -j8 -l8
