[01m[K/home/catia/ros2_ws/src/navigation_/src/pub_occupancy_grid.cpp:[m[K In member function â€˜[01m[Kvoid OccupancyGrid_Publisher::og_callback()[m[Kâ€™:
[01m[K/home/catia/ros2_ws/src/navigation_/src/pub_occupancy_grid.cpp:29:7:[m[K [01;31m[Kerror: [m[Kexpected â€˜[01m[K,[m[Kâ€™ or â€˜[01m[K;[m[Kâ€™ before â€˜[01m[Kog_msg[m[Kâ€™
   29 |       [01;31m[Kog_msg[m[K.header.stamp = rclcpp::Clock().now();
      |       [01;31m[K^~~~~~[m[K
[01m[K/home/catia/ros2_ws/src/navigation_/src/pub_occupancy_grid.cpp:35:19:[m[K [01;31m[Kerror: [m[Kâ€˜[01m[Kusing _info_type = struct nav_msgs::msg::MapMetaData_<std::allocator<void> >[m[Kâ€™ {aka â€˜[01m[Kstruct nav_msgs::msg::MapMetaData_<std::allocator<void> >[m[Kâ€™} has no member named â€˜[01m[Kheigth[m[Kâ€™; did you mean â€˜[01m[Kheight[m[Kâ€™?
   35 |       og_msg.info.[01;31m[Kheigth[m[K = 3;
      |                   [01;31m[K^~~~~~[m[K
      |                   [32m[Kheight[m[K
gmake[2]: *** [CMakeFiles/pub_occupancy_grid.dir/build.make:76: CMakeFiles/pub_occupancy_grid.dir/src/pub_occupancy_grid.cpp.o] Error 1
gmake[1]: *** [CMakeFiles/Makefile2:137: CMakeFiles/pub_occupancy_grid.dir/all] Error 2
gmake: *** [Makefile:146: all] Error 2
