[0.011s] Invoking command in '/home/catia/ros2_ws/build/navigation_': CMAKE_PREFIX_PATH=${CMAKE_PREFIX_PATH}:/opt/ros/humble /usr/bin/cmake --build /home/catia/ros2_ws/build/navigation_ -- -j8 -l8
[0.028s] -- Found ament_cmake: 1.3.9 (/opt/ros/humble/share/ament_cmake/cmake)
[0.134s] -- Found rclcpp: 16.0.9 (/opt/ros/humble/share/rclcpp/cmake)
[0.175s] -- Found rosidl_generator_c: 3.1.5 (/opt/ros/humble/share/rosidl_generator_c/cmake)
[0.179s] -- Found rosidl_adapter: 3.1.5 (/opt/ros/humble/share/rosidl_adapter/cmake)
[0.188s] -- Found rosidl_generator_cpp: 3.1.5 (/opt/ros/humble/share/rosidl_generator_cpp/cmake)
[0.200s] -- Using all available rosidl_typesupport_c: rosidl_typesupport_fastrtps_c;rosidl_typesupport_introspection_c
[0.217s] -- Using all available rosidl_typesupport_cpp: rosidl_typesupport_fastrtps_cpp;rosidl_typesupport_introspection_cpp
[0.277s] -- Found rmw_implementation_cmake: 6.1.2 (/opt/ros/humble/share/rmw_implementation_cmake/cmake)
[0.280s] -- Found rmw_fastrtps_cpp: 6.2.6 (/opt/ros/humble/share/rmw_fastrtps_cpp/cmake)
[0.360s] -- Found OpenSSL: /usr/lib/x86_64-linux-gnu/libcrypto.so (found version "3.0.2")  
[0.382s] -- Found FastRTPS: /opt/ros/humble/include  
[0.422s] -- Using RMW implementation 'rmw_fastrtps_cpp' as default
[0.432s] -- Looking for pthread.h
[0.501s] -- Looking for pthread.h - found
[0.502s] -- Performing Test CMAKE_HAVE_LIBC_PTHREAD
[0.569s] -- Performing Test CMAKE_HAVE_LIBC_PTHREAD - Success
[0.570s] -- Found Threads: TRUE  
[0.717s] -- Found nav_msgs: 4.2.4 (/opt/ros/humble/share/nav_msgs/cmake)
[0.833s] -- Found ament_lint_auto: 0.12.11 (/opt/ros/humble/share/ament_lint_auto/cmake)
[0.889s] -- Added test 'cppcheck' to perform static code analysis on C / C++ code
[0.889s] -- Configured cppcheck include dirs: 
[0.889s] -- Configured cppcheck exclude dirs and/or files: 
[0.889s] -- Added test 'lint_cmake' to check CMake code style
[0.890s] -- Added test 'uncrustify' to check C / C++ code style
[0.890s] -- Configured uncrustify additional arguments: 
[0.890s] -- Added test 'xmllint' to check XML markup files
[0.891s] -- Configuring done
[0.899s] -- Generating done
[0.900s] -- Build files have been written to: /home/catia/ros2_ws/build/navigation_
[0.928s] [ 50%] [32mBuilding CXX object CMakeFiles/pub_occupancy_grid.dir/src/pub_occupancy_grid.cpp.o[0m
[2.895s] [01m[K/home/catia/ros2_ws/src/navigation_/src/pub_occupancy_grid.cpp:[m[K In member function â€˜[01m[Kvoid OccupancyGrid_Publisher::og_callback()[m[Kâ€™:
[2.895s] [01m[K/home/catia/ros2_ws/src/navigation_/src/pub_occupancy_grid.cpp:29:7:[m[K [01;31m[Kerror: [m[Kexpected â€˜[01m[K,[m[Kâ€™ or â€˜[01m[K;[m[Kâ€™ before â€˜[01m[Kog_msg[m[Kâ€™
[2.895s]    29 |       [01;31m[Kog_msg[m[K.header.stamp = rclcpp::Clock().now();
[2.895s]       |       [01;31m[K^~~~~~[m[K
[2.897s] [01m[K/home/catia/ros2_ws/src/navigation_/src/pub_occupancy_grid.cpp:35:19:[m[K [01;31m[Kerror: [m[Kâ€˜[01m[Kusing _info_type = struct nav_msgs::msg::MapMetaData_<std::allocator<void> >[m[Kâ€™ {aka â€˜[01m[Kstruct nav_msgs::msg::MapMetaData_<std::allocator<void> >[m[Kâ€™} has no member named â€˜[01m[Kheigth[m[Kâ€™; did you mean â€˜[01m[Kheight[m[Kâ€™?
[2.897s]    35 |       og_msg.info.[01;31m[Kheigth[m[K = 3;
[2.897s]       |                   [01;31m[K^~~~~~[m[K
[2.897s]       |                   [32m[Kheight[m[K
[3.516s] gmake[2]: *** [CMakeFiles/pub_occupancy_grid.dir/build.make:76: CMakeFiles/pub_occupancy_grid.dir/src/pub_occupancy_grid.cpp.o] Error 1
[3.516s] gmake[1]: *** [CMakeFiles/Makefile2:137: CMakeFiles/pub_occupancy_grid.dir/all] Error 2
[3.516s] gmake: *** [Makefile:146: all] Error 2
[3.518s] Invoked command in '/home/catia/ros2_ws/build/navigation_' returned '2': CMAKE_PREFIX_PATH=${CMAKE_PREFIX_PATH}:/opt/ros/humble /usr/bin/cmake --build /home/catia/ros2_ws/build/navigation_ -- -j8 -l8
