[35m[1mConsolidate compiler generated dependencies of target mobile_base[0m
[35m[1mConsolidate compiler generated dependencies of target tf_node[0m
[ 25%] Built target pub_occupancy_grid
[ 50%] Built target laserScan_
[ 75%] Built target mobile_base
[ 87%] [32mBuilding CXX object CMakeFiles/tf_node.dir/src/tf_node.cpp.o[0m
[01m[K/home/catia/ros2_ws/src/navigation_/src/tf_node.cpp:[m[K In constructor â€˜[01m[KTransformBroadcasterNode::TransformBroadcasterNode()[m[Kâ€™:
[01m[K/home/catia/ros2_ws/src/navigation_/src/tf_node.cpp:16:78:[m[K [01;31m[Kerror: [m[Kexpected â€˜[01m[K;[m[Kâ€™ before â€˜[01m[K)[m[Kâ€™ token
   16 |             std::bind(&TransformBroadcasterNode::publish_base_to_laser, this)[01;31m[K)[m[K;
      |                                                                              [01;31m[K^[m[K
gmake[2]: *** [CMakeFiles/tf_node.dir/build.make:76: CMakeFiles/tf_node.dir/src/tf_node.cpp.o] Error 1
gmake[1]: *** [CMakeFiles/Makefile2:221: CMakeFiles/tf_node.dir/all] Error 2
gmake: *** [Makefile:146: all] Error 2
