[01m[K/home/catia/ros2_ws/src/navigation_/src/mobile_base.cpp:[m[K In member function â€˜[01m[Kvoid MobileBasePublisher::publish_marker()[m[Kâ€™:
[01m[K/home/catia/ros2_ws/src/navigation_/src/mobile_base.cpp:74:63:[m[K [01;31m[Kerror: [m[Kexpected primary-expression before â€˜[01m[K/[m[Kâ€™ token
   74 |     marker.type = visualization_msgs::msg::Marker::CYLINDER;  [01;31m[K/[m[K
      |                                                               [01;31m[K^[m[K
gmake[2]: *** [CMakeFiles/mobile_base.dir/build.make:76: CMakeFiles/mobile_base.dir/src/mobile_base.cpp.o] Error 1
gmake[1]: *** [CMakeFiles/Makefile2:195: CMakeFiles/mobile_base.dir/all] Error 2
gmake[1]: *** Waiting for unfinished jobs....
gmake: *** [Makefile:146: all] Error 2
