[0.009s] Invoking command in '/home/catia/ros2_ws/build/navigation_': CMAKE_PREFIX_PATH=${CMAKE_PREFIX_PATH}:/opt/ros/humble /usr/bin/cmake --build /home/catia/ros2_ws/build/navigation_ -- -j8 -l8
[0.042s] [35m[1mConsolidate compiler generated dependencies of target laserScan_[0m
[0.052s] [ 66%] Built target pub_occupancy_grid
[0.052s] [ 66%] Built target mobile_base
[0.056s] [ 83%] [32mBuilding CXX object CMakeFiles/laserScan_.dir/src/laser_scan.cpp.o[0m
[1.784s] [01m[K/home/catia/ros2_ws/src/navigation_/src/laser_scan.cpp:[m[K In member function â€˜[01m[Kvoid LaserPublisher::publish_base_link_to_odom_transform()[m[Kâ€™:
[1.784s] [01m[K/home/catia/ros2_ws/src/navigation_/src/laser_scan.cpp:75:9:[m[K [01;31m[Kerror: [m[Kâ€˜[01m[Ktf2[m[Kâ€™ has not been declared
[1.784s]    75 |         [01;31m[Ktf2[m[K::Quaternion q;
[1.784s]       |         [01;31m[K^~~[m[K
[1.790s] [01m[K/home/catia/ros2_ws/src/navigation_/src/laser_scan.cpp:76:9:[m[K [01;31m[Kerror: [m[Kâ€˜[01m[Kq[m[Kâ€™ was not declared in this scope
[1.790s]    76 |         [01;31m[Kq[m[K.setRPY(0, 0, 0);
[1.790s]       |         [01;31m[K^[m[K
[2.463s] gmake[2]: *** [CMakeFiles/laserScan_.dir/build.make:76: CMakeFiles/laserScan_.dir/src/laser_scan.cpp.o] Error 1
[2.463s] gmake[1]: *** [CMakeFiles/Makefile2:167: CMakeFiles/laserScan_.dir/all] Error 2
[2.463s] gmake: *** [Makefile:146: all] Error 2
[2.465s] Invoked command in '/home/catia/ros2_ws/build/navigation_' returned '2': CMAKE_PREFIX_PATH=${CMAKE_PREFIX_PATH}:/opt/ros/humble /usr/bin/cmake --build /home/catia/ros2_ws/build/navigation_ -- -j8 -l8
