[01m[K/home/catia/ros2_ws/src/navigation_/src/laser_scan.cpp:[m[K In member function â€˜[01m[Kvoid LaserPublisher::laser_callback()[m[Kâ€™:
[01m[K/home/catia/ros2_ws/src/navigation_/src/laser_scan.cpp:36:13:[m[K [01;31m[Kerror: [m[Kâ€˜[01m[Krange[m[Kâ€™ was not declared in this scope; did you mean â€˜[01m[Kranges[m[Kâ€™?
   36 |             [01;31m[Krange[m[K[i] = static_cast<float>(rand()) / (static_cast<float>(RAND_MAX / 10.0));
      |             [01;31m[K^~~~~[m[K
      |             [32m[Kranges[m[K
[01m[K/home/catia/ros2_ws/src/navigation_/src/laser_scan.cpp:48:27:[m[K [01;31m[Kerror: [m[Kâ€˜[01m[Krange[m[Kâ€™ was not declared in this scope; did you mean â€˜[01m[Kranges[m[Kâ€™?
   48 |         scan_msg.ranges = [01;31m[Krange[m[K;
      |                           [01;31m[K^~~~~[m[K
      |                           [32m[Kranges[m[K
gmake[2]: *** [CMakeFiles/laserScan_.dir/build.make:76: CMakeFiles/laserScan_.dir/src/laser_scan.cpp.o] Error 1
gmake[1]: *** [CMakeFiles/Makefile2:171: CMakeFiles/laserScan_.dir/all] Error 2
gmake: *** [Makefile:146: all] Error 2
