[ 30%] [32mBuilding CXX object CMakeFiles/laserScan_.dir/src/laser_scan.cpp.o[0m
[ 50%] Built target pub_occupancy_grid
[ 50%] Built target tf_node
[ 70%] Built target ipose
[ 90%] Built target mobile_base
[01m[K/home/catia/ros2_ws/src/navigation_/src/laser_scan.cpp:[m[K In constructor â€˜[01m[KLaserPublisher::LaserPublisher()[m[Kâ€™:
[01m[K/home/catia/ros2_ws/src/navigation_/src/laser_scan.cpp:21:5:[m[K [01;31m[Kerror: [m[Kexpected identifier before â€˜[01m[K{[m[Kâ€™ token
   21 |     [01;31m[K{[m[K
      |     [01;31m[K^[m[K
[01m[K/home/catia/ros2_ws/src/navigation_/src/laser_scan.cpp:24:82:[m[K [01;31m[Kerror: [m[Kâ€˜[01m[Klaser_callback[m[Kâ€™ is not a member of â€˜[01m[KLaserPublisher[m[Kâ€™
   24 |         laser_timer_ = this->create_wall_timer(500ms, std::bind(&LaserPublisher::[01;31m[Klaser_callback[m[K, this));
      |                                                                                  [01;31m[K^~~~~~~~~~~~~~[m[K
gmake[2]: *** [CMakeFiles/laserScan_.dir/build.make:76: CMakeFiles/laserScan_.dir/src/laser_scan.cpp.o] Error 1
gmake[1]: *** [CMakeFiles/Makefile2:171: CMakeFiles/laserScan_.dir/all] Error 2
gmake: *** [Makefile:146: all] Error 2
