[0.012s] Invoking command in '/home/catia/ros2_ws/build/navigation_': CMAKE_PREFIX_PATH=${CMAKE_PREFIX_PATH}:/opt/ros/humble /usr/bin/cmake --build /home/catia/ros2_ws/build/navigation_ -- -j8 -l8
[0.048s] [35m[1mConsolidate compiler generated dependencies of target laserScan_[0m
[0.058s] [ 20%] Built target pub_occupancy_grid
[0.058s] [ 40%] Built target tf_node
[0.059s] [ 50%] [32mBuilding CXX object CMakeFiles/mobile_base.dir/src/mobile_base.cpp.o[0m
[0.060s] [ 70%] Built target ipose
[0.065s] [ 80%] [32mBuilding CXX object CMakeFiles/laserScan_.dir/src/laser_scan.cpp.o[0m
[1.999s] [01m[K/home/catia/ros2_ws/src/navigation_/src/mobile_base.cpp:[m[K In constructor â€˜[01m[KMobileBasePublisher::MobileBasePublisher()[m[Kâ€™:
[1.999s] [01m[K/home/catia/ros2_ws/src/navigation_/src/mobile_base.cpp:34:7:[m[K [01;31m[Kerror: [m[Kâ€˜[01m[Klast_time[m[Kâ€™ was not declared in this scope; did you mean â€˜[01m[Kbase_timer[m[Kâ€™?
[1.999s]    34 |       [01;31m[Klast_time[m[K = this->get_clock()->now();
[1.999s]       |       [01;31m[K^~~~~~~~~[m[K
[1.999s]       |       [32m[Kbase_timer[m[K
[2.007s] [01m[K/home/catia/ros2_ws/src/navigation_/src/mobile_base.cpp:[m[K In member function â€˜[01m[Kvoid MobileBasePublisher::base_callback()[m[Kâ€™:
[2.007s] [01m[K/home/catia/ros2_ws/src/navigation_/src/mobile_base.cpp:49:35:[m[K [01;31m[Kerror: [m[Kâ€˜[01m[Klast_time[m[Kâ€™ was not declared in this scope; did you mean â€˜[01m[Kbase_timer[m[Kâ€™?
[2.007s]    49 |       double dt = (current_time - [01;31m[Klast_time[m[K).seconds();
[2.007s]       |                                   [01;31m[K^~~~~~~~~[m[K
[2.007s]       |                                   [32m[Kbase_timer[m[K
[3.756s] [ 90%] [32m[1mLinking CXX executable laserScan_[0m
[3.944s] [ 90%] Built target laserScan_
[4.130s] gmake[2]: *** [CMakeFiles/mobile_base.dir/build.make:76: CMakeFiles/mobile_base.dir/src/mobile_base.cpp.o] Error 1
[4.130s] gmake[1]: *** [CMakeFiles/Makefile2:197: CMakeFiles/mobile_base.dir/all] Error 2
[4.130s] gmake: *** [Makefile:146: all] Error 2
[4.132s] Invoked command in '/home/catia/ros2_ws/build/navigation_' returned '2': CMAKE_PREFIX_PATH=${CMAKE_PREFIX_PATH}:/opt/ros/humble /usr/bin/cmake --build /home/catia/ros2_ws/build/navigation_ -- -j8 -l8
