[0.011s] Invoking command in '/home/catia/ros2_ws/build/navigation_': CMAKE_PREFIX_PATH=${CMAKE_PREFIX_PATH}:/opt/ros/humble /usr/bin/cmake --build /home/catia/ros2_ws/build/navigation_ -- -j8 -l8
[0.030s] -- Found ament_cmake: 1.3.9 (/opt/ros/humble/share/ament_cmake/cmake)
[0.140s] -- Found rclcpp: 16.0.9 (/opt/ros/humble/share/rclcpp/cmake)
[0.162s] -- Found rosidl_generator_c: 3.1.5 (/opt/ros/humble/share/rosidl_generator_c/cmake)
[0.165s] -- Found rosidl_adapter: 3.1.5 (/opt/ros/humble/share/rosidl_adapter/cmake)
[0.170s] -- Found rosidl_generator_cpp: 3.1.5 (/opt/ros/humble/share/rosidl_generator_cpp/cmake)
[0.179s] -- Using all available rosidl_typesupport_c: rosidl_typesupport_fastrtps_c;rosidl_typesupport_introspection_c
[0.191s] -- Using all available rosidl_typesupport_cpp: rosidl_typesupport_fastrtps_cpp;rosidl_typesupport_introspection_cpp
[0.235s] -- Found rmw_implementation_cmake: 6.1.2 (/opt/ros/humble/share/rmw_implementation_cmake/cmake)
[0.236s] -- Found rmw_fastrtps_cpp: 6.2.6 (/opt/ros/humble/share/rmw_fastrtps_cpp/cmake)
[0.333s] -- Using RMW implementation 'rmw_fastrtps_cpp' as default
[0.492s] -- Found nav_msgs: 4.2.4 (/opt/ros/humble/share/nav_msgs/cmake)
[0.602s] -- Found sensor_msgs: 4.2.4 (/opt/ros/humble/share/sensor_msgs/cmake)
[0.679s] -- Found tf2: 0.25.7 (/opt/ros/humble/share/tf2/cmake)
[0.686s] -- Found tf2_ros: 0.25.7 (/opt/ros/humble/share/tf2_ros/cmake)
[0.962s] -- Found visualization_msgs: 4.2.4 (/opt/ros/humble/share/visualization_msgs/cmake)
[1.071s] -- Found ament_lint_auto: 0.12.11 (/opt/ros/humble/share/ament_lint_auto/cmake)
[1.134s] -- Added test 'cppcheck' to perform static code analysis on C / C++ code
[1.134s] -- Configured cppcheck include dirs: 
[1.134s] -- Configured cppcheck exclude dirs and/or files: 
[1.134s] -- Added test 'lint_cmake' to check CMake code style
[1.136s] -- Added test 'uncrustify' to check C / C++ code style
[1.136s] -- Configured uncrustify additional arguments: 
[1.137s] -- Added test 'xmllint' to check XML markup files
[1.137s] -- Configuring done
[1.155s] -- Generating done
[1.157s] -- Build files have been written to: /home/catia/ros2_ws/build/navigation_
[1.181s] [35m[1mConsolidate compiler generated dependencies of target mobile_base[0m
[1.181s] [35m[1mConsolidate compiler generated dependencies of target laserScan_[0m
[1.181s] [35m[1mConsolidate compiler generated dependencies of target pub_occupancy_grid[0m
[1.197s] [ 16%] [32mBuilding CXX object CMakeFiles/mobile_base.dir/src/mobile_base.cpp.o[0m
[1.198s] [ 66%] Built target laserScan_
[1.198s] [ 83%] Built target pub_occupancy_grid
[3.265s] [01m[K/home/catia/ros2_ws/src/navigation_/src/mobile_base.cpp:[m[K In constructor â€˜[01m[KMobileBasePublisher::MobileBasePublisher()[m[Kâ€™:
[3.265s] [01m[K/home/catia/ros2_ws/src/navigation_/src/mobile_base.cpp:28:7:[m[K [01;31m[Kerror: [m[Kâ€˜[01m[Kmarker_publisher[m[Kâ€™ was not declared in this scope; did you mean â€˜[01m[Kbase_publisher[m[Kâ€™?
[3.265s]    28 |       [01;31m[Kmarker_publisher[m[K = this->create_publisher<visualization_msgs::msg::Marker>("visualization_marker", 10);
[3.265s]       |       [01;31m[K^~~~~~~~~~~~~~~~[m[K
[3.265s]       |       [32m[Kbase_publisher[m[K
[3.274s] [01m[K/home/catia/ros2_ws/src/navigation_/src/mobile_base.cpp:[m[K In member function â€˜[01m[Kvoid MobileBasePublisher::publish_marker()[m[Kâ€™:
[3.274s] [01m[K/home/catia/ros2_ws/src/navigation_/src/mobile_base.cpp:111:5:[m[K [01;31m[Kerror: [m[Kâ€˜[01m[Kmarker_publisher[m[Kâ€™ was not declared in this scope; did you mean â€˜[01m[Kbase_publisher[m[Kâ€™?
[3.274s]   111 |     [01;31m[Kmarker_publisher[m[K->publish(marker);
[3.274s]       |     [01;31m[K^~~~~~~~~~~~~~~~[m[K
[3.274s]       |     [32m[Kbase_publisher[m[K
[4.081s] gmake[2]: *** [CMakeFiles/mobile_base.dir/build.make:76: CMakeFiles/mobile_base.dir/src/mobile_base.cpp.o] Error 1
[4.081s] gmake[1]: *** [CMakeFiles/Makefile2:193: CMakeFiles/mobile_base.dir/all] Error 2
[4.081s] gmake: *** [Makefile:146: all] Error 2
[4.083s] Invoked command in '/home/catia/ros2_ws/build/navigation_' returned '2': CMAKE_PREFIX_PATH=${CMAKE_PREFIX_PATH}:/opt/ros/humble /usr/bin/cmake --build /home/catia/ros2_ws/build/navigation_ -- -j8 -l8
