[35m[1mConsolidate compiler generated dependencies of target mobile_base[0m
[ 33%] Built target laserScan_
[ 66%] Built target pub_occupancy_grid
[ 83%] [32mBuilding CXX object CMakeFiles/mobile_base.dir/src/mobile_base.cpp.o[0m
[01m[K/home/catia/ros2_ws/src/navigation_/src/mobile_base.cpp:[m[K In member function â€˜[01m[Kvoid MobileBasePublisher::base_callback()[m[Kâ€™:
[01m[K/home/catia/ros2_ws/src/navigation_/src/mobile_base.cpp:44:7:[m[K [01;31m[Kerror: [m[Kâ€˜[01m[Ktf2[m[Kâ€™ has not been declared
   44 |       [01;31m[Ktf2[m[K::Quaternion q;
      |       [01;31m[K^~~[m[K
[01m[K/home/catia/ros2_ws/src/navigation_/src/mobile_base.cpp:45:7:[m[K [01;31m[Kerror: [m[Kâ€˜[01m[Kq[m[Kâ€™ was not declared in this scope
   45 |       [01;31m[Kq[m[K.setRPY(0, 0, theta_);
      |       [01;31m[K^[m[K
gmake[2]: *** [CMakeFiles/mobile_base.dir/build.make:76: CMakeFiles/mobile_base.dir/src/mobile_base.cpp.o] Error 1
gmake[1]: *** [CMakeFiles/Makefile2:193: CMakeFiles/mobile_base.dir/all] Error 2
gmake: *** [Makefile:146: all] Error 2
