[0.009s] Invoking command in '/home/catia/ros2_ws/build/navigation_': CMAKE_PREFIX_PATH=${CMAKE_PREFIX_PATH}:/opt/ros/humble /usr/bin/cmake --build /home/catia/ros2_ws/build/navigation_ -- -j8 -l8
[0.044s] [35m[1mConsolidate compiler generated dependencies of target laserScan_[0m
[0.055s] [ 20%] Built target tf_node
[0.055s] [ 80%] Built target mobile_base
[0.055s] [ 80%] Built target pub_occupancy_grid
[0.055s] [ 80%] Built target ipose
[0.061s] [ 90%] [32mBuilding CXX object CMakeFiles/laserScan_.dir/src/laser_scan.cpp.o[0m
[1.905s] [01m[K/home/catia/ros2_ws/src/navigation_/src/laser_scan.cpp:[m[K In member function â€˜[01m[Kvoid LaserPublisher::laser_callback()[m[Kâ€™:
[1.905s] [01m[K/home/catia/ros2_ws/src/navigation_/src/laser_scan.cpp:36:13:[m[K [01;31m[Kerror: [m[Kâ€˜[01m[Krange[m[Kâ€™ was not declared in this scope; did you mean â€˜[01m[Kranges[m[Kâ€™?
[1.905s]    36 |             [01;31m[Krange[m[K[i] = static_cast<float>(rand()) / (static_cast<float>(RAND_MAX / 10.0));
[1.905s]       |             [01;31m[K^~~~~[m[K
[1.905s]       |             [32m[Kranges[m[K
[1.910s] [01m[K/home/catia/ros2_ws/src/navigation_/src/laser_scan.cpp:43:30:[m[K [01;31m[Kerror: [m[Kâ€˜[01m[Kangle_min_[m[Kâ€™ was not declared in this scope
[1.910s]    43 |         scan_msg.angle_min = [01;31m[Kangle_min_[m[K;
[1.910s]       |                              [01;31m[K^~~~~~~~~~[m[K
[1.915s] [01m[K/home/catia/ros2_ws/src/navigation_/src/laser_scan.cpp:44:30:[m[K [01;31m[Kerror: [m[Kâ€˜[01m[Kangle_max_[m[Kâ€™ was not declared in this scope
[1.915s]    44 |         scan_msg.angle_max = [01;31m[Kangle_max_[m[K;
[1.915s]       |                              [01;31m[K^~~~~~~~~~[m[K
[1.923s] [01m[K/home/catia/ros2_ws/src/navigation_/src/laser_scan.cpp:45:36:[m[K [01;31m[Kerror: [m[Kâ€˜[01m[Kangle_increment_[m[Kâ€™ was not declared in this scope
[1.923s]    45 |         scan_msg.angle_increment = [01;31m[Kangle_increment_[m[K;
[1.923s]       |                                    [01;31m[K^~~~~~~~~~~~~~~~[m[K
[1.928s] [01m[K/home/catia/ros2_ws/src/navigation_/src/laser_scan.cpp:46:30:[m[K [01;31m[Kerror: [m[Kâ€˜[01m[Kmin_range_[m[Kâ€™ was not declared in this scope
[1.928s]    46 |         scan_msg.range_min = [01;31m[Kmin_range_[m[K;
[1.928s]       |                              [01;31m[K^~~~~~~~~~[m[K
[1.935s] [01m[K/home/catia/ros2_ws/src/navigation_/src/laser_scan.cpp:47:30:[m[K [01;31m[Kerror: [m[Kâ€˜[01m[Kmax_range_[m[Kâ€™ was not declared in this scope
[1.935s]    47 |         scan_msg.range_max = [01;31m[Kmax_range_[m[K;
[1.935s]       |                              [01;31m[K^~~~~~~~~~[m[K
[1.940s] [01m[K/home/catia/ros2_ws/src/navigation_/src/laser_scan.cpp:48:27:[m[K [01;31m[Kerror: [m[Kâ€˜[01m[Krange[m[Kâ€™ was not declared in this scope; did you mean â€˜[01m[Kranges[m[Kâ€™?
[1.940s]    48 |         scan_msg.ranges = [01;31m[Krange[m[K;
[1.940s]       |                           [01;31m[K^~~~~[m[K
[1.940s]       |                           [32m[Kranges[m[K
[2.635s] gmake[2]: *** [CMakeFiles/laserScan_.dir/build.make:76: CMakeFiles/laserScan_.dir/src/laser_scan.cpp.o] Error 1
[2.635s] gmake[1]: *** [CMakeFiles/Makefile2:171: CMakeFiles/laserScan_.dir/all] Error 2
[2.635s] gmake: *** [Makefile:146: all] Error 2
[2.638s] Invoked command in '/home/catia/ros2_ws/build/navigation_' returned '2': CMAKE_PREFIX_PATH=${CMAKE_PREFIX_PATH}:/opt/ros/humble /usr/bin/cmake --build /home/catia/ros2_ws/build/navigation_ -- -j8 -l8
