[0.000000] (-) TimerEvent: {}
[0.000400] (nodes) JobQueued: {'identifier': 'nodes', 'dependencies': OrderedDict()}
[0.000661] (nodes) JobStarted: {'identifier': 'nodes'}
[0.009509] (nodes) JobProgress: {'identifier': 'nodes', 'progress': 'cmake'}
[0.010279] (nodes) JobProgress: {'identifier': 'nodes', 'progress': 'build'}
[0.010801] (nodes) Command: {'cmd': ['/usr/bin/cmake', '--build', '/home/catia/ros2_ws/build/nodes', '--', '-j8', '-l8'], 'cwd': '/home/catia/ros2_ws/build/nodes', 'env': OrderedDict([('USER', 'catia'), ('LC_TIME', 'it_IT.UTF-8'), ('XDG_SESSION_TYPE', 'wayland'), ('SHLVL', '1'), ('LD_LIBRARY_PATH', '/usr/lib/x86_64-linux-gnu/gazebo-11/plugins:/opt/ros/humble/opt/rviz_ogre_vendor/lib:/opt/ros/humble/lib/x86_64-linux-gnu:/opt/ros/humble/lib'), ('HOME', '/home/catia'), ('OLDPWD', '/home/catia'), ('DESKTOP_SESSION', 'ubuntu'), ('ROS_PYTHON_VERSION', '3'), ('GNOME_SHELL_SESSION_MODE', 'ubuntu'), ('GTK_MODULES', 'gail:atk-bridge'), ('LC_MONETARY', 'it_IT.UTF-8'), ('SYSTEMD_EXEC_PID', '1677'), ('DBUS_SESSION_BUS_ADDRESS', 'unix:path=/run/user/1000/bus'), ('COLORTERM', 'truecolor'), ('IM_CONFIG_PHASE', '1'), ('WAYLAND_DISPLAY', 'wayland-0'), ('COLCON_PREFIX_PATH', '/home/catia/ros2_ws/install'), ('ROS_DISTRO', 'humble'), ('LOGNAME', 'catia'), ('_', '/usr/bin/colcon'), ('ROS_VERSION', '2'), ('XDG_SESSION_CLASS', 'user'), ('USERNAME', 'catia'), ('TERM', 'xterm-256color'), ('GNOME_DESKTOP_SESSION_ID', 'this-is-deprecated'), ('ROS_LOCALHOST_ONLY', '0'), ('PATH', '/opt/ros/humble/bin:/usr/local/sbin:/usr/local/bin:/usr/sbin:/usr/bin:/sbin:/bin:/usr/games:/usr/local/games:/snap/bin:/snap/bin'), ('SESSION_MANAGER', 'local/cat:@/tmp/.ICE-unix/1486,unix/cat:/tmp/.ICE-unix/1486'), ('XDG_MENU_PREFIX', 'gnome-'), ('LC_ADDRESS', 'it_IT.UTF-8'), ('GNOME_TERMINAL_SCREEN', '/org/gnome/Terminal/screen/4c01835d_6764_4b6f_ab12_942e033690fa'), ('GNOME_SETUP_DISPLAY', ':1'), ('XDG_RUNTIME_DIR', '/run/user/1000'), ('DISPLAY', ':0'), ('LANG', 'en_US.UTF-8'), ('XDG_CURRENT_DESKTOP', 'ubuntu:GNOME'), ('LC_TELEPHONE', 'it_IT.UTF-8'), ('XMODIFIERS', '@im=ibus'), ('XDG_SESSION_DESKTOP', 'ubuntu'), ('XAUTHORITY', '/run/user/1000/.mutter-Xwaylandauth.U5BUS2'), ('GNOME_TERMINAL_SERVICE', ':1.131'), ('SSH_AGENT_LAUNCHER', 'gnome-keyring'), ('SSH_AUTH_SOCK', '/run/user/1000/keyring/ssh'), ('AMENT_PREFIX_PATH', '/home/catia/ros2_ws/install/nodes:/opt/ros/humble'), ('SHELL', '/bin/bash'), ('LC_NAME', 'it_IT.UTF-8'), ('QT_ACCESSIBILITY', '1'), ('GDMSESSION', 'ubuntu'), ('LC_MEASUREMENT', 'it_IT.UTF-8'), ('LC_IDENTIFICATION', 'it_IT.UTF-8'), ('QT_IM_MODULE', 'ibus'), ('PWD', '/home/catia/ros2_ws/build/nodes'), ('TURTLEBOT3_MODEL', 'waffle'), ('LC_ALL', 'en_US.UTF-8'), ('XDG_CONFIG_DIRS', '/etc/xdg/xdg-ubuntu:/etc/xdg'), ('XDG_DATA_DIRS', '/usr/share/ubuntu:/usr/local/share/:/usr/share/:/var/lib/snapd/desktop'), ('PYTHONPATH', '/opt/ros/humble/lib/python3.10/site-packages:/opt/ros/humble/local/lib/python3.10/dist-packages'), ('LC_NUMERIC', 'it_IT.UTF-8'), ('LC_PAPER', 'it_IT.UTF-8'), ('COLCON', '1'), ('VTE_VERSION', '6800'), ('CMAKE_PREFIX_PATH', '/home/catia/ros2_ws/install/nodes:/opt/ros/humble')]), 'shell': False}
[0.079813] (nodes) StdoutLine: {'line': b'\x1b[35m\x1b[1mConsolidate compiler generated dependencies of target sub_node\x1b[0m\n'}
[0.099680] (-) TimerEvent: {}
[0.103484] (nodes) StdoutLine: {'line': b'[ 50%] \x1b[32mBuilding CXX object CMakeFiles/pub_node.dir/src/publisher.cpp.o\x1b[0m\n'}
[0.103679] (nodes) StdoutLine: {'line': b'[ 50%] \x1b[32mBuilding CXX object CMakeFiles/sub_node.dir/src/subscriber.cpp.o\x1b[0m\n'}
[0.199834] (-) TimerEvent: {}
[0.300276] (-) TimerEvent: {}
[0.400815] (-) TimerEvent: {}
[0.501582] (-) TimerEvent: {}
[0.601904] (-) TimerEvent: {}
[0.702540] (-) TimerEvent: {}
[0.802794] (-) TimerEvent: {}
[0.903049] (-) TimerEvent: {}
[1.003360] (-) TimerEvent: {}
[1.103713] (-) TimerEvent: {}
[1.204124] (-) TimerEvent: {}
[1.304375] (-) TimerEvent: {}
[1.404808] (-) TimerEvent: {}
[1.505419] (-) TimerEvent: {}
[1.605689] (-) TimerEvent: {}
[1.705981] (-) TimerEvent: {}
[1.806268] (-) TimerEvent: {}
[1.906621] (-) TimerEvent: {}
[2.006935] (-) TimerEvent: {}
[2.107258] (-) TimerEvent: {}
[2.207570] (-) TimerEvent: {}
[2.240079] (nodes) StderrLine: {'line': b'\x1b[01m\x1b[K/home/catia/ros2_ws/src/nodes/src/publisher.cpp:37:25:\x1b[m\x1b[K \x1b[01;31m\x1b[Kerror: \x1b[m\x1b[Kexpected identifier before numeric constant\n'}
[2.240363] (nodes) StderrLine: {'line': b'   37 |     void timer_callback(\x1b[01;31m\x1b[K2\x1b[m\x1b[K)\n'}
[2.240480] (nodes) StderrLine: {'line': b'      |                         \x1b[01;31m\x1b[K^\x1b[m\x1b[K\n'}
[2.240573] (nodes) StderrLine: {'line': b'\x1b[01m\x1b[K/home/catia/ros2_ws/src/nodes/src/publisher.cpp:37:25:\x1b[m\x1b[K \x1b[01;31m\x1b[Kerror: \x1b[m\x1b[Kexpected \xe2\x80\x98\x1b[01m\x1b[K,\x1b[m\x1b[K\xe2\x80\x99 or \xe2\x80\x98\x1b[01m\x1b[K...\x1b[m\x1b[K\xe2\x80\x99 before numeric constant\n'}
[2.255391] (nodes) StderrLine: {'line': b'\x1b[01m\x1b[K/home/catia/ros2_ws/src/nodes/src/publisher.cpp:\x1b[m\x1b[K In constructor \xe2\x80\x98\x1b[01m\x1b[KMinimalPublisher::MinimalPublisher()\x1b[m\x1b[K\xe2\x80\x99:\n'}
[2.255591] (nodes) StderrLine: {'line': b'\x1b[01m\x1b[K/home/catia/ros2_ws/src/nodes/src/publisher.cpp:25:77:\x1b[m\x1b[K \x1b[01;31m\x1b[Kerror: \x1b[m\x1b[K\xe2\x80\x98\x1b[01m\x1b[Ktimer_callback2\x1b[m\x1b[K\xe2\x80\x99 is not a member of \xe2\x80\x98\x1b[01m\x1b[KMinimalPublisher\x1b[m\x1b[K\xe2\x80\x99\n'}
[2.255696] (nodes) StderrLine: {'line': b'   25 | this->create_wall_timer(500ms, std::bind(&MinimalPublisher::\x1b[01;31m\x1b[Ktimer_callback2\x1b[m\x1b[K, this));\n'}
[2.255786] (nodes) StderrLine: {'line': b'      |                                                             \x1b[01;31m\x1b[K^~~~~~~~~~~~~~~\x1b[m\x1b[K\n'}
[2.255873] (nodes) StderrLine: {'line': b'\n'}
[2.262846] (nodes) StderrLine: {'line': b'\x1b[01m\x1b[K/home/catia/ros2_ws/src/nodes/src/publisher.cpp:\x1b[m\x1b[K In member function \xe2\x80\x98\x1b[01m\x1b[Kvoid MinimalPublisher::timer_callback1()\x1b[m\x1b[K\xe2\x80\x99:\n'}
[2.263039] (nodes) StderrLine: {'line': b'\x1b[01m\x1b[K/home/catia/ros2_ws/src/nodes/src/publisher.cpp:34:7:\x1b[m\x1b[K \x1b[01;31m\x1b[Kerror: \x1b[m\x1b[K\xe2\x80\x98\x1b[01m\x1b[Kpublisher_\x1b[m\x1b[K\xe2\x80\x99 was not declared in this scope; did you mean \xe2\x80\x98\x1b[01m\x1b[Kpublisher_1\x1b[m\x1b[K\xe2\x80\x99?\n'}
[2.263145] (nodes) StderrLine: {'line': b'   34 |       \x1b[01;31m\x1b[Kpublisher_\x1b[m\x1b[K->publish(message);\n'}
[2.263254] (nodes) StderrLine: {'line': b'      |       \x1b[01;31m\x1b[K^~~~~~~~~~\x1b[m\x1b[K\n'}
[2.263337] (nodes) StderrLine: {'line': b'      |       \x1b[32m\x1b[Kpublisher_1\x1b[m\x1b[K\n'}
[2.269076] (nodes) StderrLine: {'line': b'\x1b[01m\x1b[K/home/catia/ros2_ws/src/nodes/src/publisher.cpp:\x1b[m\x1b[K In member function \xe2\x80\x98\x1b[01m\x1b[Kvoid MinimalPublisher::timer_callback(int)\x1b[m\x1b[K\xe2\x80\x99:\n'}
[2.269524] (nodes) StderrLine: {'line': b'\x1b[01m\x1b[K/home/catia/ros2_ws/src/nodes/src/publisher.cpp:42:7:\x1b[m\x1b[K \x1b[01;31m\x1b[Kerror: \x1b[m\x1b[K\xe2\x80\x98\x1b[01m\x1b[Kpublisher_\x1b[m\x1b[K\xe2\x80\x99 was not declared in this scope; did you mean \xe2\x80\x98\x1b[01m\x1b[Kpublisher_1\x1b[m\x1b[K\xe2\x80\x99?\n'}
[2.269656] (nodes) StderrLine: {'line': b'   42 |       \x1b[01;31m\x1b[Kpublisher_\x1b[m\x1b[K->publish(message);\n'}
[2.269771] (nodes) StderrLine: {'line': b'      |       \x1b[01;31m\x1b[K^~~~~~~~~~\x1b[m\x1b[K\n'}
[2.269871] (nodes) StderrLine: {'line': b'      |       \x1b[32m\x1b[Kpublisher_1\x1b[m\x1b[K\n'}
[2.307678] (-) TimerEvent: {}
[2.408008] (-) TimerEvent: {}
[2.508322] (-) TimerEvent: {}
[2.608633] (-) TimerEvent: {}
[2.708969] (-) TimerEvent: {}
[2.809335] (-) TimerEvent: {}
[2.909667] (-) TimerEvent: {}
[2.951544] (nodes) StderrLine: {'line': b'gmake[2]: *** [CMakeFiles/pub_node.dir/build.make:76: CMakeFiles/pub_node.dir/src/publisher.cpp.o] Error 1\n'}
[2.951743] (nodes) StderrLine: {'line': b'gmake[1]: *** [CMakeFiles/Makefile2:139: CMakeFiles/pub_node.dir/all] Error 2\n'}
[2.951802] (nodes) StderrLine: {'line': b'gmake[1]: *** Waiting for unfinished jobs....\n'}
[3.009787] (-) TimerEvent: {}
[3.110102] (-) TimerEvent: {}
[3.210447] (-) TimerEvent: {}
[3.310759] (-) TimerEvent: {}
[3.411068] (-) TimerEvent: {}
[3.511376] (-) TimerEvent: {}
[3.611702] (-) TimerEvent: {}
[3.712063] (-) TimerEvent: {}
[3.812401] (-) TimerEvent: {}
[3.912717] (-) TimerEvent: {}
[4.013019] (-) TimerEvent: {}
[4.113357] (-) TimerEvent: {}
[4.213665] (-) TimerEvent: {}
[4.313998] (-) TimerEvent: {}
[4.414286] (-) TimerEvent: {}
[4.514600] (-) TimerEvent: {}
[4.614893] (-) TimerEvent: {}
[4.715236] (-) TimerEvent: {}
[4.815547] (-) TimerEvent: {}
[4.915798] (-) TimerEvent: {}
[5.016180] (-) TimerEvent: {}
[5.116507] (-) TimerEvent: {}
[5.216779] (-) TimerEvent: {}
[5.317054] (-) TimerEvent: {}
[5.417392] (-) TimerEvent: {}
[5.517674] (-) TimerEvent: {}
[5.617967] (-) TimerEvent: {}
[5.718246] (-) TimerEvent: {}
[5.818564] (-) TimerEvent: {}
[5.918873] (-) TimerEvent: {}
[6.019184] (-) TimerEvent: {}
[6.119513] (-) TimerEvent: {}
[6.220263] (-) TimerEvent: {}
[6.320589] (-) TimerEvent: {}
[6.420907] (-) TimerEvent: {}
[6.521240] (-) TimerEvent: {}
[6.621530] (-) TimerEvent: {}
[6.721848] (-) TimerEvent: {}
[6.822338] (-) TimerEvent: {}
[6.922914] (-) TimerEvent: {}
[7.023217] (-) TimerEvent: {}
[7.118653] (nodes) StdoutLine: {'line': b'[ 75%] \x1b[32m\x1b[1mLinking CXX executable sub_node\x1b[0m\n'}
[7.123355] (-) TimerEvent: {}
[7.223613] (-) TimerEvent: {}
[7.323908] (-) TimerEvent: {}
[7.424255] (-) TimerEvent: {}
[7.524526] (-) TimerEvent: {}
[7.569529] (nodes) StdoutLine: {'line': b'[ 75%] Built target sub_node\n'}
[7.570503] (nodes) StderrLine: {'line': b'gmake: *** [Makefile:146: all] Error 2\n'}
[7.571785] (nodes) CommandEnded: {'returncode': 2}
[7.606300] (nodes) JobEnded: {'identifier': 'nodes', 'rc': 2}
[7.616923] (-) EventReactorShutdown: {}
