[35m[1mConsolidate compiler generated dependencies of target pub_occupancy_grid[0m
[ 50%] [32mBuilding CXX object CMakeFiles/pub_occupancy_grid.dir/src/pub_occupancy_grid.cpp.o[0m
[01m[K/home/catia/ros2_ws/src/navigation_/src/pub_occupancy_grid.cpp:[m[K In member function â€˜[01m[Kvoid OccupancyGrid_Publisher::og_callback()[m[Kâ€™:
[01m[K/home/catia/ros2_ws/src/navigation_/src/pub_occupancy_grid.cpp:35:19:[m[K [01;31m[Kerror: [m[Kâ€˜[01m[Kusing _info_type = struct nav_msgs::msg::MapMetaData_<std::allocator<void> >[m[Kâ€™ {aka â€˜[01m[Kstruct nav_msgs::msg::MapMetaData_<std::allocator<void> >[m[Kâ€™} has no member named â€˜[01m[Kheigth[m[Kâ€™; did you mean â€˜[01m[Kheight[m[Kâ€™?
   35 |       og_msg.info.[01;31m[Kheigth[m[K = 3;
      |                   [01;31m[K^~~~~~[m[K
      |                   [32m[Kheight[m[K
gmake[2]: *** [CMakeFiles/pub_occupancy_grid.dir/build.make:76: CMakeFiles/pub_occupancy_grid.dir/src/pub_occupancy_grid.cpp.o] Error 1
gmake[1]: *** [CMakeFiles/Makefile2:137: CMakeFiles/pub_occupancy_grid.dir/all] Error 2
gmake: *** [Makefile:146: all] Error 2
