[01m[K/home/catia/ros2_ws/src/nodes/src/publisher.cpp:37:25:[m[K [01;31m[Kerror: [m[Kexpected identifier before numeric constant
   37 |     void timer_callback([01;31m[K2[m[K)
      |                         [01;31m[K^[m[K
[01m[K/home/catia/ros2_ws/src/nodes/src/publisher.cpp:37:25:[m[K [01;31m[Kerror: [m[Kexpected â€˜[01m[K,[m[Kâ€™ or â€˜[01m[K...[m[Kâ€™ before numeric constant
[01m[K/home/catia/ros2_ws/src/nodes/src/publisher.cpp:[m[K In constructor â€˜[01m[KMinimalPublisher::MinimalPublisher()[m[Kâ€™:
[01m[K/home/catia/ros2_ws/src/nodes/src/publisher.cpp:25:77:[m[K [01;31m[Kerror: [m[Kâ€˜[01m[Ktimer_callback2[m[Kâ€™ is not a member of â€˜[01m[KMinimalPublisher[m[Kâ€™
   25 | this->create_wall_timer(500ms, std::bind(&MinimalPublisher::[01;31m[Ktimer_callback2[m[K, this));
      |                                                             [01;31m[K^~~~~~~~~~~~~~~[m[K

[01m[K/home/catia/ros2_ws/src/nodes/src/publisher.cpp:[m[K In member function â€˜[01m[Kvoid MinimalPublisher::timer_callback1()[m[Kâ€™:
[01m[K/home/catia/ros2_ws/src/nodes/src/publisher.cpp:34:7:[m[K [01;31m[Kerror: [m[Kâ€˜[01m[Kpublisher_[m[Kâ€™ was not declared in this scope; did you mean â€˜[01m[Kpublisher_1[m[Kâ€™?
   34 |       [01;31m[Kpublisher_[m[K->publish(message);
      |       [01;31m[K^~~~~~~~~~[m[K
      |       [32m[Kpublisher_1[m[K
[01m[K/home/catia/ros2_ws/src/nodes/src/publisher.cpp:[m[K In member function â€˜[01m[Kvoid MinimalPublisher::timer_callback(int)[m[Kâ€™:
[01m[K/home/catia/ros2_ws/src/nodes/src/publisher.cpp:42:7:[m[K [01;31m[Kerror: [m[Kâ€˜[01m[Kpublisher_[m[Kâ€™ was not declared in this scope; did you mean â€˜[01m[Kpublisher_1[m[Kâ€™?
   42 |       [01;31m[Kpublisher_[m[K->publish(message);
      |       [01;31m[K^~~~~~~~~~[m[K
      |       [32m[Kpublisher_1[m[K
gmake[2]: *** [CMakeFiles/pub_node.dir/build.make:76: CMakeFiles/pub_node.dir/src/publisher.cpp.o] Error 1
gmake[1]: *** [CMakeFiles/Makefile2:139: CMakeFiles/pub_node.dir/all] Error 2
gmake[1]: *** Waiting for unfinished jobs....
gmake: *** [Makefile:146: all] Error 2
