[0.000000] (-) TimerEvent: {}
[0.000382] (navigation_) JobQueued: {'identifier': 'navigation_', 'dependencies': OrderedDict()}
[0.000617] (navigation_) JobStarted: {'identifier': 'navigation_'}
[0.011366] (navigation_) JobProgress: {'identifier': 'navigation_', 'progress': 'cmake'}
[0.012686] (navigation_) JobProgress: {'identifier': 'navigation_', 'progress': 'build'}
[0.012769] (navigation_) Command: {'cmd': ['/usr/bin/cmake', '--build', '/home/catia/ros2_ws/build/navigation_', '--', '-j8', '-l8'], 'cwd': '/home/catia/ros2_ws/build/navigation_', 'env': OrderedDict([('USER', 'catia'), ('LC_TIME', 'it_IT.UTF-8'), ('XDG_SESSION_TYPE', 'wayland'), ('SHLVL', '1'), ('LD_LIBRARY_PATH', '/usr/lib/x86_64-linux-gnu/gazebo-11/plugins:/opt/ros/humble/opt/rviz_ogre_vendor/lib:/opt/ros/humble/lib/x86_64-linux-gnu:/opt/ros/humble/lib'), ('HOME', '/home/catia'), ('OLDPWD', '/home/catia'), ('DESKTOP_SESSION', 'ubuntu'), ('ROS_PYTHON_VERSION', '3'), ('GNOME_SHELL_SESSION_MODE', 'ubuntu'), ('GTK_MODULES', 'gail:atk-bridge'), ('LC_MONETARY', 'it_IT.UTF-8'), ('SYSTEMD_EXEC_PID', '1712'), ('DBUS_SESSION_BUS_ADDRESS', 'unix:path=/run/user/1000/bus'), ('COLORTERM', 'truecolor'), ('IM_CONFIG_PHASE', '1'), ('WAYLAND_DISPLAY', 'wayland-0'), ('COLCON_PREFIX_PATH', '/home/catia/ros2_ws/install'), ('ROS_DISTRO', 'humble'), ('LOGNAME', 'catia'), ('_', '/usr/bin/colcon'), ('ROS_VERSION', '2'), ('XDG_SESSION_CLASS', 'user'), ('USERNAME', 'catia'), ('TERM', 'xterm-256color'), ('GNOME_DESKTOP_SESSION_ID', 'this-is-deprecated'), ('ROS_LOCALHOST_ONLY', '0'), ('PATH', '/opt/ros/humble/bin:/usr/local/sbin:/usr/local/bin:/usr/sbin:/usr/bin:/sbin:/bin:/usr/games:/usr/local/games:/snap/bin:/snap/bin'), ('SESSION_MANAGER', 'local/cat:@/tmp/.ICE-unix/1521,unix/cat:/tmp/.ICE-unix/1521'), ('XDG_MENU_PREFIX', 'gnome-'), ('LC_ADDRESS', 'it_IT.UTF-8'), ('GNOME_TERMINAL_SCREEN', '/org/gnome/Terminal/screen/de8169af_c8d7_4c35_ac15_149dcf4d7b34'), ('GNOME_SETUP_DISPLAY', ':1'), ('XDG_RUNTIME_DIR', '/run/user/1000'), ('DISPLAY', ':0'), ('LANG', 'en_US.UTF-8'), ('XDG_CURRENT_DESKTOP', 'ubuntu:GNOME'), ('LC_TELEPHONE', 'it_IT.UTF-8'), ('XMODIFIERS', '@im=ibus'), ('XDG_SESSION_DESKTOP', 'ubuntu'), ('XAUTHORITY', '/run/user/1000/.mutter-Xwaylandauth.PDM9T2'), ('GNOME_TERMINAL_SERVICE', ':1.131'), ('SSH_AGENT_LAUNCHER', 'gnome-keyring'), ('SSH_AUTH_SOCK', '/run/user/1000/keyring/ssh'), ('AMENT_PREFIX_PATH', '/home/catia/ros2_ws/install/nodes:/home/catia/ros2_ws/install/navigation_:/opt/ros/humble'), ('SHELL', '/bin/bash'), ('LC_NAME', 'it_IT.UTF-8'), ('QT_ACCESSIBILITY', '1'), ('GDMSESSION', 'ubuntu'), ('LC_MEASUREMENT', 'it_IT.UTF-8'), ('LC_IDENTIFICATION', 'it_IT.UTF-8'), ('QT_IM_MODULE', 'ibus'), ('PWD', '/home/catia/ros2_ws/build/navigation_'), ('TURTLEBOT3_MODEL', 'waffle'), ('LC_ALL', 'en_US.UTF-8'), ('XDG_CONFIG_DIRS', '/etc/xdg/xdg-ubuntu:/etc/xdg'), ('XDG_DATA_DIRS', '/usr/share/ubuntu:/usr/local/share/:/usr/share/:/var/lib/snapd/desktop'), ('PYTHONPATH', '/opt/ros/humble/lib/python3.10/site-packages:/opt/ros/humble/local/lib/python3.10/dist-packages'), ('LC_NUMERIC', 'it_IT.UTF-8'), ('LC_PAPER', 'it_IT.UTF-8'), ('COLCON', '1'), ('VTE_VERSION', '6800'), ('CMAKE_PREFIX_PATH', '/home/catia/ros2_ws/install/nodes:/home/catia/ros2_ws/install/navigation_:/opt/ros/humble')]), 'shell': False}
[0.088468] (navigation_) StdoutLine: {'line': b'\x1b[35m\x1b[1mConsolidate compiler generated dependencies of target mobile_base\x1b[0m\n'}
[0.099668] (-) TimerEvent: {}
[0.110896] (navigation_) StdoutLine: {'line': b'[ 37%] \x1b[32mBuilding CXX object CMakeFiles/pub_occupancy_grid.dir/src/pub_occupancy_grid.cpp.o\x1b[0m\n'}
[0.111102] (navigation_) StdoutLine: {'line': b'[ 37%] Built target laserScan_\n'}
[0.112927] (navigation_) StdoutLine: {'line': b'[ 75%] Built target tf_node\n'}
[0.113121] (navigation_) StdoutLine: {'line': b'[ 87%] Built target mobile_base\n'}
[0.199835] (-) TimerEvent: {}
[0.300173] (-) TimerEvent: {}
[0.400487] (-) TimerEvent: {}
[0.500750] (-) TimerEvent: {}
[0.601011] (-) TimerEvent: {}
[0.701473] (-) TimerEvent: {}
[0.801818] (-) TimerEvent: {}
[0.902181] (-) TimerEvent: {}
[1.002520] (-) TimerEvent: {}
[1.103014] (-) TimerEvent: {}
[1.203312] (-) TimerEvent: {}
[1.303600] (-) TimerEvent: {}
[1.403922] (-) TimerEvent: {}
[1.504295] (-) TimerEvent: {}
[1.604633] (-) TimerEvent: {}
[1.704978] (-) TimerEvent: {}
[1.805296] (-) TimerEvent: {}
[1.905772] (-) TimerEvent: {}
[2.006210] (-) TimerEvent: {}
[2.106649] (-) TimerEvent: {}
[2.207076] (-) TimerEvent: {}
[2.307538] (-) TimerEvent: {}
[2.403984] (navigation_) StderrLine: {'line': b'\x1b[01m\x1b[K/home/catia/ros2_ws/src/navigation_/src/pub_occupancy_grid.cpp:\x1b[m\x1b[K In member function \xe2\x80\x98\x1b[01m\x1b[Kvoid OccupancyGrid_Publisher::og_callback()\x1b[m\x1b[K\xe2\x80\x99:\n'}
[2.404214] (navigation_) StderrLine: {'line': b'\x1b[01m\x1b[K/home/catia/ros2_ws/src/navigation_/src/pub_occupancy_grid.cpp:50:59:\x1b[m\x1b[K \x1b[01;31m\x1b[Kerror: \x1b[m\x1b[K\xe2\x80\x98\x1b[01m\x1b[Kusing SharedPtr = class std::shared_ptr<rclcpp::Clock>\x1b[m\x1b[K\xe2\x80\x99 {aka \xe2\x80\x98\x1b[01m\x1b[Kclass std::shared_ptr<rclcpp::Clock>\x1b[m\x1b[K\xe2\x80\x99} has no member named \xe2\x80\x98\x1b[01m\x1b[Know\x1b[m\x1b[K\xe2\x80\x99\n'}
[2.404327] (navigation_) StderrLine: {'line': b'   50 |       occupancy_grid_msg.header.stamp = this->get_clock().\x1b[01;31m\x1b[Know\x1b[m\x1b[K();\n'}
[2.404422] (navigation_) StderrLine: {'line': b'      |                                                           \x1b[01;31m\x1b[K^~~\x1b[m\x1b[K\n'}
[2.407686] (-) TimerEvent: {}
[2.508118] (-) TimerEvent: {}
[2.608503] (-) TimerEvent: {}
[2.708855] (-) TimerEvent: {}
[2.809180] (-) TimerEvent: {}
[2.909542] (-) TimerEvent: {}
[3.009893] (-) TimerEvent: {}
[3.110265] (-) TimerEvent: {}
[3.210608] (-) TimerEvent: {}
[3.241877] (navigation_) StderrLine: {'line': b'gmake[2]: *** [CMakeFiles/pub_occupancy_grid.dir/build.make:76: CMakeFiles/pub_occupancy_grid.dir/src/pub_occupancy_grid.cpp.o] Error 1\n'}
[3.242076] (navigation_) StderrLine: {'line': b'gmake[1]: *** [CMakeFiles/Makefile2:143: CMakeFiles/pub_occupancy_grid.dir/all] Error 2\n'}
[3.242376] (navigation_) StderrLine: {'line': b'gmake: *** [Makefile:146: all] Error 2\n'}
[3.244559] (navigation_) CommandEnded: {'returncode': 2}
[3.283566] (navigation_) JobEnded: {'identifier': 'navigation_', 'rc': 2}
[3.294008] (-) EventReactorShutdown: {}
