[0.010s] Invoking command in '/home/catia/ros2_ws/build/nodes': CMAKE_PREFIX_PATH=${CMAKE_PREFIX_PATH}:/opt/ros/humble /usr/bin/cmake --build /home/catia/ros2_ws/build/nodes -- -j8 -l8
[0.042s] [35m[1mConsolidate compiler generated dependencies of target laser_pub[0m
[0.053s] [ 66%] Built target pub_node
[0.053s] [ 66%] Built target sub_node
[0.057s] [ 83%] [32mBuilding CXX object CMakeFiles/laser_pub.dir/src/laser_publisher.cpp.o[0m
[1.798s] [01m[K/home/catia/ros2_ws/src/nodes/src/laser_publisher.cpp:16:5:[m[K [01;31m[Kerror: [m[KISO C++ forbids declaration of â€˜[01m[KMinimalPublisher[m[Kâ€™ with no type [[01;31m[K]8;;https://gcc.gnu.org/onlinedocs/gcc/Warning-Options.html#index-fpermissive-fpermissive]8;;[m[K]
[1.798s]    16 |     [01;31m[KMinimalPublisher[m[K()
[1.798s]       |     [01;31m[K^~~~~~~~~~~~~~~~[m[K
[1.801s] [01m[K/home/catia/ros2_ws/src/nodes/src/laser_publisher.cpp:[m[K In member function â€˜[01m[Kint LaserPublisher::MinimalPublisher()[m[Kâ€™:
[1.801s] [01m[K/home/catia/ros2_ws/src/nodes/src/laser_publisher.cpp:17:7:[m[K [01;31m[Kerror: [m[Konly constructors take member initializers
[1.801s]    17 |     : [01;31m[KNode[m[K("minimal_publisher"),
[1.801s]       |       [01;31m[K^~~~[m[K
[1.801s] [01m[K/home/catia/ros2_ws/src/nodes/src/laser_publisher.cpp:18:5:[m[K [01;31m[Kerror: [m[Kexpected identifier before â€˜[01m[K{[m[Kâ€™ token
[1.801s]    18 |     [01;31m[K{[m[K
[1.801s]       |     [01;31m[K^[m[K
[1.803s] [01m[K/home/catia/ros2_ws/src/nodes/src/laser_publisher.cpp:20:63:[m[K [01;31m[Kerror: [m[Kâ€˜[01m[KMinimalPublisher[m[Kâ€™ is not a class, namespace, or enumeration
[1.803s]    20 |       laser_timer = this->create_wall_timer(500ms, std::bind(&[01;31m[KMinimalPublisher[m[K::laser_callback,this));
[1.803s]       |                                                               [01;31m[K^~~~~~~~~~~~~~~~[m[K
[1.803s] [01m[K/home/catia/ros2_ws/src/nodes/src/laser_publisher.cpp:21:5:[m[K [01;35m[Kwarning: [m[Kno return statement in function returning non-void [[01;35m[K]8;;https://gcc.gnu.org/onlinedocs/gcc/Warning-Options.html#index-Wreturn-type-Wreturn-type]8;;[m[K]
[1.803s]    21 |     [01;35m[K}[m[K
[1.803s]       |     [01;35m[K^[m[K
[2.121s] In file included from [01m[K/usr/include/x86_64-linux-gnu/c++/11/bits/c++allocator.h:33[m[K,
[2.121s]                  from [01m[K/usr/include/c++/11/bits/allocator.h:46[m[K,
[2.121s]                  from [01m[K/usr/include/c++/11/unordered_map:40[m[K,
[2.121s]                  from [01m[K/usr/include/c++/11/functional:61[m[K,
[2.121s]                  from [01m[K/home/catia/ros2_ws/src/nodes/src/laser_publisher.cpp:2[m[K:
[2.121s] /usr/include/c++/11/ext/new_allocator.h: In instantiation of â€˜[01m[Kvoid __gnu_cxx::new_allocator<_Tp>::construct(_Up*, _Args&& ...) [with _Up = LaserPublisher; _Args = {}; _Tp = LaserPublisher][m[Kâ€™:
[2.121s] [01m[K/usr/include/c++/11/bits/alloc_traits.h:516:17:[m[K   required from â€˜[01m[Kstatic void std::allocator_traits<std::allocator<_Tp1> >::construct(std::allocator_traits<std::allocator<_Tp1> >::allocator_type&, _Up*, _Args&& ...) [with _Up = LaserPublisher; _Args = {}; _Tp = LaserPublisher; std::allocator_traits<std::allocator<_Tp1> >::allocator_type = std::allocator<LaserPublisher>][m[Kâ€™
[2.121s] [01m[K/usr/include/c++/11/bits/shared_ptr_base.h:519:39:[m[K   required from â€˜[01m[Kstd::_Sp_counted_ptr_inplace<_Tp, _Alloc, _Lp>::_Sp_counted_ptr_inplace(_Alloc, _Args&& ...) [with _Args = {}; _Tp = LaserPublisher; _Alloc = std::allocator<LaserPublisher>; __gnu_cxx::_Lock_policy _Lp = __gnu_cxx::_S_atomic][m[Kâ€™
[2.121s] [01m[K/usr/include/c++/11/bits/shared_ptr_base.h:650:16:[m[K   required from â€˜[01m[Kstd::__shared_count<_Lp>::__shared_count(_Tp*&, std::_Sp_alloc_shared_tag<_Alloc>, _Args&& ...) [with _Tp = LaserPublisher; _Alloc = std::allocator<LaserPublisher>; _Args = {}; __gnu_cxx::_Lock_policy _Lp = __gnu_cxx::_S_atomic][m[Kâ€™
[2.121s] [01m[K/usr/include/c++/11/bits/shared_ptr_base.h:1342:14:[m[K   required from â€˜[01m[Kstd::__shared_ptr<_Tp, _Lp>::__shared_ptr(std::_Sp_alloc_shared_tag<_Tp>, _Args&& ...) [with _Alloc = std::allocator<LaserPublisher>; _Args = {}; _Tp = LaserPublisher; __gnu_cxx::_Lock_policy _Lp = __gnu_cxx::_S_atomic][m[Kâ€™
[2.121s] [01m[K/usr/include/c++/11/bits/shared_ptr.h:409:59:[m[K   required from â€˜[01m[Kstd::shared_ptr<_Tp>::shared_ptr(std::_Sp_alloc_shared_tag<_Tp>, _Args&& ...) [with _Alloc = std::allocator<LaserPublisher>; _Args = {}; _Tp = LaserPublisher][m[Kâ€™
[2.121s] [01m[K/usr/include/c++/11/bits/shared_ptr.h:862:14:[m[K   required from â€˜[01m[Kstd::shared_ptr<_Tp> std::allocate_shared(const _Alloc&, _Args&& ...) [with _Tp = LaserPublisher; _Alloc = std::allocator<LaserPublisher>; _Args = {}][m[Kâ€™
[2.121s] [01m[K/usr/include/c++/11/bits/shared_ptr.h:878:39:[m[K   required from â€˜[01m[Kstd::shared_ptr<_Tp> std::make_shared(_Args&& ...) [with _Tp = LaserPublisher; _Args = {}][m[Kâ€™
[2.121s] [01m[K/home/catia/ros2_ws/src/nodes/src/laser_publisher.cpp:51:48:[m[K   required from here
[2.121s] [01m[K/usr/include/c++/11/ext/new_allocator.h:162:11:[m[K [01;31m[Kerror: [m[Kuse of deleted function â€˜[01m[KLaserPublisher::LaserPublisher()[m[Kâ€™
[2.121s]   162 |         { [01;31m[K::new((void *)__p) _Up(std::forward<_Args>(__args)...)[m[K; }
[2.121s]       |           [01;31m[K^~~~~~~~~~~~~~~~~~~~~~~~~~~~~~~~~~~~~~~~~~~~~~~~~~~~~~[m[K
[2.121s] [01m[K/home/catia/ros2_ws/src/nodes/src/laser_publisher.cpp:13:7:[m[K [01;36m[Knote: [m[Kâ€˜[01m[KLaserPublisher::LaserPublisher()[m[Kâ€™ is implicitly deleted because the default definition would be ill-formed:
[2.121s]    13 | class [01;36m[KLaserPublisher[m[K: public rclcpp::Node
[2.122s]       |       [01;36m[K^~~~~~~~~~~~~~[m[K
[2.122s] [01m[K/home/catia/ros2_ws/src/nodes/src/laser_publisher.cpp:13:7:[m[K [01;31m[Kerror: [m[Kno matching function for call to â€˜[01m[Krclcpp::Node::Node()[m[Kâ€™
[2.122s] In file included from [01m[K/opt/ros/humble/include/rclcpp/rclcpp/executors/single_threaded_executor.hpp:28[m[K,
[2.122s]                  from [01m[K/opt/ros/humble/include/rclcpp/rclcpp/executors.hpp:22[m[K,
[2.122s]                  from [01m[K/opt/ros/humble/include/rclcpp/rclcpp/rclcpp.hpp:155[m[K,
[2.122s]                  from [01m[K/home/catia/ros2_ws/src/nodes/src/laser_publisher.cpp:6[m[K:
[2.122s] [01m[K/opt/ros/humble/include/rclcpp/rclcpp/node.hpp:1294:3:[m[K [01;36m[Knote: [m[Kcandidate: â€˜[01m[Krclcpp::Node::Node(const rclcpp::Node&, const string&)[m[Kâ€™
[2.122s]  1294 |   [01;36m[KNode[m[K(
[2.122s]       |   [01;36m[K^~~~[m[K
[2.122s] [01m[K/opt/ros/humble/include/rclcpp/rclcpp/node.hpp:1294:3:[m[K [01;36m[Knote: [m[K  candidate expects 2 arguments, 0 provided
[2.122s] [01m[K/opt/ros/humble/include/rclcpp/rclcpp/node.hpp:101:12:[m[K [01;36m[Knote: [m[Kcandidate: â€˜[01m[Krclcpp::Node::Node(const string&, const string&, const rclcpp::NodeOptions&)[m[Kâ€™
[2.122s]   101 |   explicit [01;36m[KNode[m[K(
[2.122s]       |            [01;36m[K^~~~[m[K
[2.122s] [01m[K/opt/ros/humble/include/rclcpp/rclcpp/node.hpp:101:12:[m[K [01;36m[Knote: [m[K  candidate expects 3 arguments, 0 provided
[2.122s] [01m[K/opt/ros/humble/include/rclcpp/rclcpp/node.hpp:89:12:[m[K [01;36m[Knote: [m[Kcandidate: â€˜[01m[Krclcpp::Node::Node(const string&, const rclcpp::NodeOptions&)[m[Kâ€™
[2.122s]    89 |   explicit [01;36m[KNode[m[K(
[2.122s]       |            [01;36m[K^~~~[m[K
[2.122s] [01m[K/opt/ros/humble/include/rclcpp/rclcpp/node.hpp:89:12:[m[K [01;36m[Knote: [m[K  candidate expects 2 arguments, 0 provided
[2.307s] gmake[2]: *** [CMakeFiles/laser_pub.dir/build.make:76: CMakeFiles/laser_pub.dir/src/laser_publisher.cpp.o] Error 1
[2.307s] gmake[1]: *** [CMakeFiles/Makefile2:193: CMakeFiles/laser_pub.dir/all] Error 2
[2.307s] gmake: *** [Makefile:146: all] Error 2
[2.310s] Invoked command in '/home/catia/ros2_ws/build/nodes' returned '2': CMAKE_PREFIX_PATH=${CMAKE_PREFIX_PATH}:/opt/ros/humble /usr/bin/cmake --build /home/catia/ros2_ws/build/nodes -- -j8 -l8
