-- Found ament_cmake: 1.3.9 (/opt/ros/humble/share/ament_cmake/cmake)
-- Found rclcpp: 16.0.9 (/opt/ros/humble/share/rclcpp/cmake)
-- Found rosidl_generator_c: 3.1.5 (/opt/ros/humble/share/rosidl_generator_c/cmake)
-- Found rosidl_adapter: 3.1.5 (/opt/ros/humble/share/rosidl_adapter/cmake)
-- Found rosidl_generator_cpp: 3.1.5 (/opt/ros/humble/share/rosidl_generator_cpp/cmake)
-- Using all available rosidl_typesupport_c: rosidl_typesupport_fastrtps_c;rosidl_typesupport_introspection_c
-- Using all available rosidl_typesupport_cpp: rosidl_typesupport_fastrtps_cpp;rosidl_typesupport_introspection_cpp
-- Found rmw_implementation_cmake: 6.1.2 (/opt/ros/humble/share/rmw_implementation_cmake/cmake)
-- Found rmw_fastrtps_cpp: 6.2.6 (/opt/ros/humble/share/rmw_fastrtps_cpp/cmake)
-- Using RMW implementation 'rmw_fastrtps_cpp' as default
-- Found sensor_msgs: 4.2.4 (/opt/ros/humble/share/sensor_msgs/cmake)
-- Found ament_lint_auto: 0.12.11 (/opt/ros/humble/share/ament_lint_auto/cmake)
-- Added test 'cppcheck' to perform static code analysis on C / C++ code
-- Configured cppcheck include dirs: 
-- Configured cppcheck exclude dirs and/or files: 
-- Added test 'lint_cmake' to check CMake code style
-- Added test 'uncrustify' to check C / C++ code style
-- Configured uncrustify additional arguments: 
-- Added test 'xmllint' to check XML markup files
-- Configuring done
-- Generating done
-- Build files have been written to: /home/catia/ros2_ws/build/nodes
[35m[1mConsolidate compiler generated dependencies of target sub_node[0m
[35m[1mConsolidate compiler generated dependencies of target pub_node[0m
[ 16%] [32mBuilding CXX object CMakeFiles/laser_pub.dir/src/laser_publisher.cpp.o[0m
[ 50%] Built target pub_node
[ 83%] Built target sub_node
[01m[K/home/catia/ros2_ws/src/nodes/src/laser_publisher.cpp:16:5:[m[K [01;31m[Kerror: [m[KISO C++ forbids declaration of â€˜[01m[KMinimalPublisher[m[Kâ€™ with no type [[01;31m[K]8;;https://gcc.gnu.org/onlinedocs/gcc/Warning-Options.html#index-fpermissive-fpermissive]8;;[m[K]
   16 |     [01;31m[KMinimalPublisher[m[K()
      |     [01;31m[K^~~~~~~~~~~~~~~~[m[K
[01m[K/home/catia/ros2_ws/src/nodes/src/laser_publisher.cpp:44:38:[m[K [01;31m[Kerror: [m[Kâ€˜[01m[KString[m[Kâ€™ is not a member of â€˜[01m[Kstd_msgs::msg[m[Kâ€™
   44 |     rclcpp::Publisher<std_msgs::msg::[01;31m[KString[m[K>::SharedPtr laser_publisher;
      |                                      [01;31m[K^~~~~~[m[K
[01m[K/home/catia/ros2_ws/src/nodes/src/laser_publisher.cpp:44:44:[m[K [01;31m[Kerror: [m[Ktemplate argument 1 is invalid
   44 |     rclcpp::Publisher<std_msgs::msg::String[01;31m[K>[m[K::SharedPtr laser_publisher;
      |                                            [01;31m[K^[m[K
[01m[K/home/catia/ros2_ws/src/nodes/src/laser_publisher.cpp:44:47:[m[K [01;31m[Kerror: [m[Kexpected â€˜[01m[K;[m[Kâ€™ at end of member declaration
   44 |     rclcpp::Publisher<std_msgs::msg::String>::[01;31m[KSharedPtr[m[K laser_publisher;
      |                                               [01;31m[K^~~~~~~~~[m[K
      |                                                        [32m[K;[m[K
[01m[K/home/catia/ros2_ws/src/nodes/src/laser_publisher.cpp:44:57:[m[K [01;31m[Kerror: [m[Kâ€˜[01m[Klaser_publisher[m[Kâ€™ does not name a type; did you mean â€˜[01m[KLaserPublisher[m[Kâ€™?
   44 |     rclcpp::Publisher<std_msgs::msg::String>::SharedPtr [01;31m[Klaser_publisher[m[K;
      |                                                         [01;31m[K^~~~~~~~~~~~~~~[m[K
      |                                                         [32m[KLaserPublisher[m[K
[01m[K/home/catia/ros2_ws/src/nodes/src/laser_publisher.cpp:[m[K In member function â€˜[01m[Kint LaserPublisher::MinimalPublisher()[m[Kâ€™:
[01m[K/home/catia/ros2_ws/src/nodes/src/laser_publisher.cpp:17:7:[m[K [01;31m[Kerror: [m[Konly constructors take member initializers
   17 |     : [01;31m[KNode[m[K("minimal_publisher"),
      |       [01;31m[K^~~~[m[K
[01m[K/home/catia/ros2_ws/src/nodes/src/laser_publisher.cpp:18:5:[m[K [01;31m[Kerror: [m[Kexpected identifier before â€˜[01m[K{[m[Kâ€™ token
   18 |     [01;31m[K{[m[K
      |     [01;31m[K^[m[K
[01m[K/home/catia/ros2_ws/src/nodes/src/laser_publisher.cpp:19:7:[m[K [01;31m[Kerror: [m[Kâ€˜[01m[Klaser_publisher[m[Kâ€™ was not declared in this scope; did you mean â€˜[01m[KLaserPublisher[m[Kâ€™?
   19 |       [01;31m[Klaser_publisher[m[K = this->create_publisher<sensor_msgs::msg::LaserScan>("scan", 10);
      |       [01;31m[K^~~~~~~~~~~~~~~[m[K
      |       [32m[KLaserPublisher[m[K
[01m[K/home/catia/ros2_ws/src/nodes/src/laser_publisher.cpp:20:63:[m[K [01;31m[Kerror: [m[Kâ€˜[01m[KMinimalPublisher[m[Kâ€™ is not a class, namespace, or enumeration
   20 |       laser_timer = this->create_wall_timer(500ms, std::bind(&[01;31m[KMinimalPublisher[m[K::laser_callback,this));
      |                                                               [01;31m[K^~~~~~~~~~~~~~~~[m[K
[01m[K/home/catia/ros2_ws/src/nodes/src/laser_publisher.cpp:21:5:[m[K [01;35m[Kwarning: [m[Kno return statement in function returning non-void [[01;35m[K]8;;https://gcc.gnu.org/onlinedocs/gcc/Warning-Options.html#index-Wreturn-type-Wreturn-type]8;;[m[K]
   21 |     [01;35m[K}[m[K
      |     [01;35m[K^[m[K
In file included from [01m[K/usr/include/x86_64-linux-gnu/c++/11/bits/c++allocator.h:33[m[K,
                 from [01m[K/usr/include/c++/11/bits/allocator.h:46[m[K,
                 from [01m[K/usr/include/c++/11/unordered_map:40[m[K,
                 from [01m[K/usr/include/c++/11/functional:61[m[K,
                 from [01m[K/home/catia/ros2_ws/src/nodes/src/laser_publisher.cpp:2[m[K:
/usr/include/c++/11/ext/new_allocator.h: In instantiation of â€˜[01m[Kvoid __gnu_cxx::new_allocator<_Tp>::construct(_Up*, _Args&& ...) [with _Up = LaserPublisher; _Args = {}; _Tp = LaserPublisher][m[Kâ€™:
[01m[K/usr/include/c++/11/bits/alloc_traits.h:516:17:[m[K   required from â€˜[01m[Kstatic void std::allocator_traits<std::allocator<_Tp1> >::construct(std::allocator_traits<std::allocator<_Tp1> >::allocator_type&, _Up*, _Args&& ...) [with _Up = LaserPublisher; _Args = {}; _Tp = LaserPublisher; std::allocator_traits<std::allocator<_Tp1> >::allocator_type = std::allocator<LaserPublisher>][m[Kâ€™
[01m[K/usr/include/c++/11/bits/shared_ptr_base.h:519:39:[m[K   required from â€˜[01m[Kstd::_Sp_counted_ptr_inplace<_Tp, _Alloc, _Lp>::_Sp_counted_ptr_inplace(_Alloc, _Args&& ...) [with _Args = {}; _Tp = LaserPublisher; _Alloc = std::allocator<LaserPublisher>; __gnu_cxx::_Lock_policy _Lp = __gnu_cxx::_S_atomic][m[Kâ€™
[01m[K/usr/include/c++/11/bits/shared_ptr_base.h:650:16:[m[K   required from â€˜[01m[Kstd::__shared_count<_Lp>::__shared_count(_Tp*&, std::_Sp_alloc_shared_tag<_Alloc>, _Args&& ...) [with _Tp = LaserPublisher; _Alloc = std::allocator<LaserPublisher>; _Args = {}; __gnu_cxx::_Lock_policy _Lp = __gnu_cxx::_S_atomic][m[Kâ€™
[01m[K/usr/include/c++/11/bits/shared_ptr_base.h:1342:14:[m[K   required from â€˜[01m[Kstd::__shared_ptr<_Tp, _Lp>::__shared_ptr(std::_Sp_alloc_shared_tag<_Tp>, _Args&& ...) [with _Alloc = std::allocator<LaserPublisher>; _Args = {}; _Tp = LaserPublisher; __gnu_cxx::_Lock_policy _Lp = __gnu_cxx::_S_atomic][m[Kâ€™
[01m[K/usr/include/c++/11/bits/shared_ptr.h:409:59:[m[K   required from â€˜[01m[Kstd::shared_ptr<_Tp>::shared_ptr(std::_Sp_alloc_shared_tag<_Tp>, _Args&& ...) [with _Alloc = std::allocator<LaserPublisher>; _Args = {}; _Tp = LaserPublisher][m[Kâ€™
[01m[K/usr/include/c++/11/bits/shared_ptr.h:862:14:[m[K   required from â€˜[01m[Kstd::shared_ptr<_Tp> std::allocate_shared(const _Alloc&, _Args&& ...) [with _Tp = LaserPublisher; _Alloc = std::allocator<LaserPublisher>; _Args = {}][m[Kâ€™
[01m[K/usr/include/c++/11/bits/shared_ptr.h:878:39:[m[K   required from â€˜[01m[Kstd::shared_ptr<_Tp> std::make_shared(_Args&& ...) [with _Tp = LaserPublisher; _Args = {}][m[Kâ€™
[01m[K/home/catia/ros2_ws/src/nodes/src/laser_publisher.cpp:51:48:[m[K   required from here
[01m[K/usr/include/c++/11/ext/new_allocator.h:162:11:[m[K [01;31m[Kerror: [m[Kuse of deleted function â€˜[01m[KLaserPublisher::LaserPublisher()[m[Kâ€™
  162 |         { [01;31m[K::new((void *)__p) _Up(std::forward<_Args>(__args)...)[m[K; }
      |           [01;31m[K^~~~~~~~~~~~~~~~~~~~~~~~~~~~~~~~~~~~~~~~~~~~~~~~~~~~~~[m[K
[01m[K/home/catia/ros2_ws/src/nodes/src/laser_publisher.cpp:13:7:[m[K [01;36m[Knote: [m[Kâ€˜[01m[KLaserPublisher::LaserPublisher()[m[Kâ€™ is implicitly deleted because the default definition would be ill-formed:
   13 | class [01;36m[KLaserPublisher[m[K: public rclcpp::Node
      |       [01;36m[K^~~~~~~~~~~~~~[m[K
[01m[K/home/catia/ros2_ws/src/nodes/src/laser_publisher.cpp:13:7:[m[K [01;31m[Kerror: [m[Kno matching function for call to â€˜[01m[Krclcpp::Node::Node()[m[Kâ€™
In file included from [01m[K/opt/ros/humble/include/rclcpp/rclcpp/executors/single_threaded_executor.hpp:28[m[K,
                 from [01m[K/opt/ros/humble/include/rclcpp/rclcpp/executors.hpp:22[m[K,
                 from [01m[K/opt/ros/humble/include/rclcpp/rclcpp/rclcpp.hpp:155[m[K,
                 from [01m[K/home/catia/ros2_ws/src/nodes/src/laser_publisher.cpp:6[m[K:
[01m[K/opt/ros/humble/include/rclcpp/rclcpp/node.hpp:1294:3:[m[K [01;36m[Knote: [m[Kcandidate: â€˜[01m[Krclcpp::Node::Node(const rclcpp::Node&, const string&)[m[Kâ€™
 1294 |   [01;36m[KNode[m[K(
      |   [01;36m[K^~~~[m[K
[01m[K/opt/ros/humble/include/rclcpp/rclcpp/node.hpp:1294:3:[m[K [01;36m[Knote: [m[K  candidate expects 2 arguments, 0 provided
[01m[K/opt/ros/humble/include/rclcpp/rclcpp/node.hpp:101:12:[m[K [01;36m[Knote: [m[Kcandidate: â€˜[01m[Krclcpp::Node::Node(const string&, const string&, const rclcpp::NodeOptions&)[m[Kâ€™
  101 |   explicit [01;36m[KNode[m[K(
      |            [01;36m[K^~~~[m[K
[01m[K/opt/ros/humble/include/rclcpp/rclcpp/node.hpp:101:12:[m[K [01;36m[Knote: [m[K  candidate expects 3 arguments, 0 provided
[01m[K/opt/ros/humble/include/rclcpp/rclcpp/node.hpp:89:12:[m[K [01;36m[Knote: [m[Kcandidate: â€˜[01m[Krclcpp::Node::Node(const string&, const rclcpp::NodeOptions&)[m[Kâ€™
   89 |   explicit [01;36m[KNode[m[K(
      |            [01;36m[K^~~~[m[K
[01m[K/opt/ros/humble/include/rclcpp/rclcpp/node.hpp:89:12:[m[K [01;36m[Knote: [m[K  candidate expects 2 arguments, 0 provided
gmake[2]: *** [CMakeFiles/laser_pub.dir/build.make:76: CMakeFiles/laser_pub.dir/src/laser_publisher.cpp.o] Error 1
gmake[1]: *** [CMakeFiles/Makefile2:193: CMakeFiles/laser_pub.dir/all] Error 2
gmake: *** [Makefile:146: all] Error 2
