[35m[1mConsolidate compiler generated dependencies of target laser_pub[0m
[ 66%] Built target sub_node
[ 66%] Built target pub_node
[ 83%] [32mBuilding CXX object CMakeFiles/laser_pub.dir/src/laser_publisher.cpp.o[0m
[01m[K/home/catia/ros2_ws/src/nodes/src/laser_publisher.cpp:[m[K In constructor â€˜[01m[KLaserPublisher::LaserPublisher()[m[Kâ€™:
[01m[K/home/catia/ros2_ws/src/nodes/src/laser_publisher.cpp:18:5:[m[K [01;31m[Kerror: [m[Kexpected identifier before â€˜[01m[K{[m[Kâ€™ token
   18 |     [01;31m[K{[m[K
      |     [01;31m[K^[m[K
[01m[K/home/catia/ros2_ws/src/nodes/src/laser_publisher.cpp:20:79:[m[K [01;31m[Kerror: [m[Kâ€˜[01m[Klaser_callback[m[Kâ€™ is not a member of â€˜[01m[KLaserPublisher[m[Kâ€™
   20 |       laser_timer = this->create_wall_timer(500ms, std::bind(&LaserPublisher::[01;31m[Klaser_callback[m[K,this));
      |                                                                               [01;31m[K^~~~~~~~~~~~~~[m[K
gmake[2]: *** [CMakeFiles/laser_pub.dir/build.make:76: CMakeFiles/laser_pub.dir/src/laser_publisher.cpp.o] Error 1
gmake[1]: *** [CMakeFiles/Makefile2:193: CMakeFiles/laser_pub.dir/all] Error 2
gmake: *** [Makefile:146: all] Error 2
