[01m[K/home/catia/ros2_ws/src/navigation_/src/tf_node.cpp:28:5:[m[K [01;35m[Kwarning: [m[Kmissing terminating " character
   28 |     [01;35m[K"[m[Kvoid odom_callback(const nav_msgs::msg::Odometry::SharedPtr msg) {
      |     [01;35m[K^[m[K
[01m[K/home/catia/ros2_ws/src/navigation_/src/tf_node.cpp:28:5:[m[K [01;31m[Kerror: [m[Kmissing terminating " character
   28 |     [01;31m[K"void odom_callback(const nav_msgs::msg::Odometry::SharedPtr msg) {[m[K
      |     [01;31m[K^~~~~~~~~~~~~~~~~~~~~~~~~~~~~~~~~~~~~~~~~~~~~~~~~~~~~~~~~~~~~~~~~~~[m[K
[01m[K/home/catia/ros2_ws/src/navigation_/src/tf_node.cpp:41:6:[m[K [01;35m[Kwarning: [m[Kmissing terminating " character
   41 |     }[01;35m[K"[m[K
      |      [01;35m[K^[m[K
[01m[K/home/catia/ros2_ws/src/navigation_/src/tf_node.cpp:41:6:[m[K [01;31m[Kerror: [m[Kmissing terminating " character
[01m[K/home/catia/ros2_ws/src/navigation_/src/tf_node.cpp:31:9:[m[K [01;31m[Kerror: [m[Kâ€˜[01m[Kodom_to_base[m[Kâ€™ does not name a type
   31 |         [01;31m[Kodom_to_base[m[K.header.stamp = this->get_clock()->now();
      |         [01;31m[K^~~~~~~~~~~~[m[K
[01m[K/home/catia/ros2_ws/src/navigation_/src/tf_node.cpp:32:9:[m[K [01;31m[Kerror: [m[Kâ€˜[01m[Kodom_to_base[m[Kâ€™ does not name a type
   32 |         [01;31m[Kodom_to_base[m[K.header.frame_id = "odom";
      |         [01;31m[K^~~~~~~~~~~~[m[K
[01m[K/home/catia/ros2_ws/src/navigation_/src/tf_node.cpp:33:9:[m[K [01;31m[Kerror: [m[Kâ€˜[01m[Kodom_to_base[m[Kâ€™ does not name a type
   33 |         [01;31m[Kodom_to_base[m[K.child_frame_id = "base_link";
      |         [01;31m[K^~~~~~~~~~~~[m[K
[01m[K/home/catia/ros2_ws/src/navigation_/src/tf_node.cpp:35:9:[m[K [01;31m[Kerror: [m[Kâ€˜[01m[Kodom_to_base[m[Kâ€™ does not name a type
   35 |         [01;31m[Kodom_to_base[m[K.transform.translation.x = msg->pose.pose.position.x;
      |         [01;31m[K^~~~~~~~~~~~[m[K
[01m[K/home/catia/ros2_ws/src/navigation_/src/tf_node.cpp:36:9:[m[K [01;31m[Kerror: [m[Kâ€˜[01m[Kodom_to_base[m[Kâ€™ does not name a type
   36 |         [01;31m[Kodom_to_base[m[K.transform.translation.y = msg->pose.pose.position.y;
      |         [01;31m[K^~~~~~~~~~~~[m[K
[01m[K/home/catia/ros2_ws/src/navigation_/src/tf_node.cpp:37:9:[m[K [01;31m[Kerror: [m[Kâ€˜[01m[Kodom_to_base[m[Kâ€™ does not name a type
   37 |         [01;31m[Kodom_to_base[m[K.transform.translation.z = msg->pose.pose.position.z;
      |         [01;31m[K^~~~~~~~~~~~[m[K
[01m[K/home/catia/ros2_ws/src/navigation_/src/tf_node.cpp:38:9:[m[K [01;31m[Kerror: [m[Kâ€˜[01m[Kodom_to_base[m[Kâ€™ does not name a type
   38 |         [01;31m[Kodom_to_base[m[K.transform.rotation = msg->pose.pose.orientation;
      |         [01;31m[K^~~~~~~~~~~~[m[K
[01m[K/home/catia/ros2_ws/src/navigation_/src/tf_node.cpp:40:9:[m[K [01;31m[Kerror: [m[Kâ€˜[01m[Kbroadcaster_[m[Kâ€™ does not name a type
   40 |         [01;31m[Kbroadcaster_[m[K->sendTransform(odom_to_base);
      |         [01;31m[K^~~~~~~~~~~~[m[K
[01m[K/home/catia/ros2_ws/src/navigation_/src/tf_node.cpp:41:6:[m[K [01;31m[Kerror: [m[Kexpected â€˜[01m[K;[m[Kâ€™ after class definition
   41 |     }[01;31m[K"[m[K
      |      [01;31m[K^[m[K
      |      [32m[K;[m[K
[01m[K/home/catia/ros2_ws/src/navigation_/src/tf_node.cpp:[m[K In constructor â€˜[01m[KTransformBroadcasterNode::TransformBroadcasterNode()[m[Kâ€™:
[01m[K/home/catia/ros2_ws/src/navigation_/src/tf_node.cpp:10:9:[m[K [01;31m[Kerror: [m[Kâ€˜[01m[Kbroadcaster_[m[Kâ€™ was not declared in this scope
   10 |         [01;31m[Kbroadcaster_[m[K = std::make_shared<tf2_ros::TransformBroadcaster>(this);
      |         [01;31m[K^~~~~~~~~~~~[m[K
[01m[K/home/catia/ros2_ws/src/navigation_/src/tf_node.cpp:13:9:[m[K [01;31m[Kerror: [m[Kâ€˜[01m[Kodom_subscriber_[m[Kâ€™ was not declared in this scope; did you mean â€˜[01m[Kcount_subscribers[m[Kâ€™?
   13 |         [01;31m[Kodom_subscriber_[m[K = this->create_subscription<nav_msgs::msg::Odometry>(
      |         [01;31m[K^~~~~~~~~~~~~~~~[m[K
      |         [32m[Kcount_subscribers[m[K
[01m[K/home/catia/ros2_ws/src/navigation_/src/tf_node.cpp:14:63:[m[K [01;31m[Kerror: [m[Kâ€˜[01m[Kodom_callback[m[Kâ€™ is not a member of â€˜[01m[KTransformBroadcasterNode[m[Kâ€™
   14 |             "/odom", 10, std::bind(&TransformBroadcasterNode::[01;31m[Kodom_callback[m[K, this, std::placeholders::_1));
      |                                                               [01;31m[K^~~~~~~~~~~~~[m[K
[01m[K/home/catia/ros2_ws/src/navigation_/src/tf_node.cpp:16:9:[m[K [01;31m[Kerror: [m[Kâ€˜[01m[Kbase_subscriber_[m[Kâ€™ was not declared in this scope
   16 |         [01;31m[Kbase_subscriber_[m[K = this->create_subscription<nav_msgs::msg::Odometry>(
      |         [01;31m[K^~~~~~~~~~~~~~~~[m[K
[01m[K/home/catia/ros2_ws/src/navigation_/src/tf_node.cpp:17:67:[m[K [01;31m[Kerror: [m[Kâ€˜[01m[Kbase_callback[m[Kâ€™ is not a member of â€˜[01m[KTransformBroadcasterNode[m[Kâ€™
   17 |             "/base_pub", 10, std::bind(&TransformBroadcasterNode::[01;31m[Kbase_callback[m[K, this, std::placeholders::_1));
      |                                                                   [01;31m[K^~~~~~~~~~~~~[m[K
[01m[K/home/catia/ros2_ws/src/navigation_/src/tf_node.cpp:20:9:[m[K [01;31m[Kerror: [m[Kâ€˜[01m[Ktimer_[m[Kâ€™ was not declared in this scope; did you mean â€˜[01m[Ktimer_t[m[Kâ€™?
   20 |         [01;31m[Ktimer_[m[K = this->create_wall_timer(
      |         [01;31m[K^~~~~~[m[K
      |         [32m[Ktimer_t[m[K
[01m[K/home/catia/ros2_ws/src/navigation_/src/tf_node.cpp:22:50:[m[K [01;31m[Kerror: [m[Kâ€˜[01m[Kpublish_map_to_odom[m[Kâ€™ is not a member of â€˜[01m[KTransformBroadcasterNode[m[Kâ€™
   22 |             std::bind(&TransformBroadcasterNode::[01;31m[Kpublish_map_to_odom[m[K, this));
      |                                                  [01;31m[K^~~~~~~~~~~~~~~~~~~[m[K
[01m[K/home/catia/ros2_ws/src/navigation_/src/tf_node.cpp:24:9:[m[K [01;31m[Kerror: [m[Kâ€˜[01m[Kpublish_base_to_laser[m[Kâ€™ was not declared in this scope
   24 |         [01;31m[Kpublish_base_to_laser[m[K();
      |         [01;31m[K^~~~~~~~~~~~~~~~~~~~~[m[K
[01m[K/home/catia/ros2_ws/src/navigation_/src/tf_node.cpp:[m[K In function â€˜[01m[Kvoid odom_callback(nav_msgs::msg::Odometry_<std::allocator<void> >::SharedPtr)[m[Kâ€™:
[01m[K/home/catia/ros2_ws/src/navigation_/src/tf_node.cpp:44:9:[m[K [01;31m[Kerror: [m[Kâ€˜[01m[Kx_[m[Kâ€™ was not declared in this scope
   44 |         [01;31m[Kx_[m[K = msg->pose.pose.position.x;
      |         [01;31m[K^~[m[K
[01m[K/home/catia/ros2_ws/src/navigation_/src/tf_node.cpp:45:9:[m[K [01;31m[Kerror: [m[Kâ€˜[01m[Ky_[m[Kâ€™ was not declared in this scope; did you mean â€˜[01m[Kyn[m[Kâ€™?
   45 |         [01;31m[Ky_[m[K = msg->pose.pose.position.y;
      |         [01;31m[K^~[m[K
      |         [32m[Kyn[m[K
[01m[K/home/catia/ros2_ws/src/navigation_/src/tf_node.cpp:46:9:[m[K [01;31m[Kerror: [m[Kâ€˜[01m[Ktheta_[m[Kâ€™ was not declared in this scope
   46 |         [01;31m[Ktheta_[m[K = tf2::getYaw(msg->pose.pose.orientation);  // Assuming theta is the yaw
      |         [01;31m[K^~~~~~[m[K
[01m[K/home/catia/ros2_ws/src/navigation_/src/tf_node.cpp:46:23:[m[K [01;31m[Kerror: [m[Kâ€˜[01m[KgetYaw[m[Kâ€™ is not a member of â€˜[01m[Ktf2[m[Kâ€™
   46 |         theta_ = tf2::[01;31m[KgetYaw[m[K(msg->pose.pose.orientation);  // Assuming theta is the yaw
      |                       [01;31m[K^~~~~~[m[K
[01m[K/home/catia/ros2_ws/src/navigation_/src/tf_node.cpp:48:9:[m[K [01;31m[Kerror: [m[Kâ€˜[01m[Kpublish_odom_to_base[m[Kâ€™ was not declared in this scope
   48 |         [01;31m[Kpublish_odom_to_base[m[K();  // Call the function here if you want to update the transform
      |         [01;31m[K^~~~~~~~~~~~~~~~~~~~[m[K
[01m[K/home/catia/ros2_ws/src/navigation_/src/tf_node.cpp:[m[K In function â€˜[01m[Kvoid base_callback(nav_msgs::msg::Odometry_<std::allocator<void> >::SharedPtr)[m[Kâ€™:
[01m[K/home/catia/ros2_ws/src/navigation_/src/tf_node.cpp:53:38:[m[K [01;31m[Kerror: [m[Kinvalid use of â€˜[01m[Kthis[m[Kâ€™ in non-member function
   53 |         base_to_laser.header.stamp = [01;31m[Kthis[m[K->get_clock()->now();
      |                                      [01;31m[K^~~~[m[K
[01m[K/home/catia/ros2_ws/src/navigation_/src/tf_node.cpp:69:9:[m[K [01;31m[Kerror: [m[Kâ€˜[01m[Kbroadcaster_[m[Kâ€™ was not declared in this scope
   69 |         [01;31m[Kbroadcaster_[m[K->sendTransform(base_to_laser);
      |         [01;31m[K^~~~~~~~~~~~[m[K
[01m[K/home/catia/ros2_ws/src/navigation_/src/tf_node.cpp:[m[K In function â€˜[01m[Kvoid publish_map_to_odom()[m[Kâ€™:
[01m[K/home/catia/ros2_ws/src/navigation_/src/tf_node.cpp:75:36:[m[K [01;31m[Kerror: [m[Kinvalid use of â€˜[01m[Kthis[m[Kâ€™ in non-member function
   75 |         map_to_odom.header.stamp = [01;31m[Kthis[m[K->get_clock()->now();
      |                                    [01;31m[K^~~~[m[K
[01m[K/home/catia/ros2_ws/src/navigation_/src/tf_node.cpp:90:9:[m[K [01;31m[Kerror: [m[Kâ€˜[01m[Kbroadcaster_[m[Kâ€™ was not declared in this scope
   90 |         [01;31m[Kbroadcaster_[m[K->sendTransform(map_to_odom);
      |         [01;31m[K^~~~~~~~~~~~[m[K
[01m[K/home/catia/ros2_ws/src/navigation_/src/tf_node.cpp:[m[K In function â€˜[01m[Kvoid publish_base_to_laser()[m[Kâ€™:
[01m[K/home/catia/ros2_ws/src/navigation_/src/tf_node.cpp:96:38:[m[K [01;31m[Kerror: [m[Kinvalid use of â€˜[01m[Kthis[m[Kâ€™ in non-member function
   96 |         base_to_laser.header.stamp = [01;31m[Kthis[m[K->get_clock()->now();
      |                                      [01;31m[K^~~~[m[K
[01m[K/home/catia/ros2_ws/src/navigation_/src/tf_node.cpp:111:9:[m[K [01;31m[Kerror: [m[Kâ€˜[01m[Kbroadcaster_[m[Kâ€™ was not declared in this scope
  111 |         [01;31m[Kbroadcaster_[m[K->sendTransform(base_to_laser);
      |         [01;31m[K^~~~~~~~~~~~[m[K
[01m[K/home/catia/ros2_ws/src/navigation_/src/tf_node.cpp:[m[K In function â€˜[01m[Kvoid publish_odom_to_base()[m[Kâ€™:
[01m[K/home/catia/ros2_ws/src/navigation_/src/tf_node.cpp:115:37:[m[K [01;31m[Kerror: [m[Kinvalid use of â€˜[01m[Kthis[m[Kâ€™ in non-member function
  115 |         odom_to_base.header.stamp = [01;31m[Kthis[m[K->get_clock()->now();
      |                                     [01;31m[K^~~~[m[K
[01m[K/home/catia/ros2_ws/src/navigation_/src/tf_node.cpp:120:48:[m[K [01;31m[Kerror: [m[Kâ€˜[01m[Kx_[m[Kâ€™ was not declared in this scope
  120 |         odom_to_base.transform.translation.x = [01;31m[Kx_[m[K;
      |                                                [01;31m[K^~[m[K
[01m[K/home/catia/ros2_ws/src/navigation_/src/tf_node.cpp:121:48:[m[K [01;31m[Kerror: [m[Kâ€˜[01m[Ky_[m[Kâ€™ was not declared in this scope; did you mean â€˜[01m[Kyn[m[Kâ€™?
  121 |         odom_to_base.transform.translation.y = [01;31m[Ky_[m[K;
      |                                                [01;31m[K^~[m[K
      |                                                [32m[Kyn[m[K
[01m[K/home/catia/ros2_ws/src/navigation_/src/tf_node.cpp:124:24:[m[K [01;31m[Kerror: [m[Kâ€˜[01m[Ktheta_[m[Kâ€™ was not declared in this scope
  124 |         q.setRPY(0, 0, [01;31m[Ktheta_[m[K);
      |                        [01;31m[K^~~~~~[m[K
[01m[K/home/catia/ros2_ws/src/navigation_/src/tf_node.cpp:130:9:[m[K [01;31m[Kerror: [m[Kâ€˜[01m[Kbroadcaster_[m[Kâ€™ was not declared in this scope
  130 |         [01;31m[Kbroadcaster_[m[K->sendTransform(odom_to_base);
      |         [01;31m[K^~~~~~~~~~~~[m[K
[01m[K/home/catia/ros2_ws/src/navigation_/src/tf_node.cpp:[m[K At global scope:
[01m[K/home/catia/ros2_ws/src/navigation_/src/tf_node.cpp:138:1:[m[K [01;31m[Kerror: [m[Kexpected declaration before â€˜[01m[K}[m[Kâ€™ token
  138 | [01;31m[K}[m[K;
      | [01;31m[K^[m[K
gmake[2]: *** [CMakeFiles/tf_node.dir/build.make:76: CMakeFiles/tf_node.dir/src/tf_node.cpp.o] Error 1
gmake[1]: *** [CMakeFiles/Makefile2:221: CMakeFiles/tf_node.dir/all] Error 2
gmake: *** [Makefile:146: all] Error 2
