[0.009s] Invoking command in '/home/catia/ros2_ws/build/navigation_': CMAKE_PREFIX_PATH=${CMAKE_PREFIX_PATH}:/opt/ros/humble /usr/bin/cmake --build /home/catia/ros2_ws/build/navigation_ -- -j8 -l8
[0.045s] [35m[1mConsolidate compiler generated dependencies of target tf_node[0m
[0.053s] [ 25%] Built target pub_occupancy_grid
[0.055s] [ 50%] Built target laserScan_
[0.055s] [ 75%] Built target mobile_base
[0.060s] [ 87%] [32mBuilding CXX object CMakeFiles/tf_node.dir/src/tf_node.cpp.o[0m
[0.227s] [01m[K/home/catia/ros2_ws/src/navigation_/src/tf_node.cpp:28:5:[m[K [01;35m[Kwarning: [m[Kmissing terminating " character
[0.227s]    28 |     [01;35m[K"[m[Kvoid odom_callback(const nav_msgs::msg::Odometry::SharedPtr msg) {
[0.227s]       |     [01;35m[K^[m[K
[0.227s] [01m[K/home/catia/ros2_ws/src/navigation_/src/tf_node.cpp:28:5:[m[K [01;31m[Kerror: [m[Kmissing terminating " character
[0.227s]    28 |     [01;31m[K"void odom_callback(const nav_msgs::msg::Odometry::SharedPtr msg) {[m[K
[0.227s]       |     [01;31m[K^~~~~~~~~~~~~~~~~~~~~~~~~~~~~~~~~~~~~~~~~~~~~~~~~~~~~~~~~~~~~~~~~~~[m[K
[0.227s] [01m[K/home/catia/ros2_ws/src/navigation_/src/tf_node.cpp:41:6:[m[K [01;35m[Kwarning: [m[Kmissing terminating " character
[0.227s]    41 |     }[01;35m[K"[m[K
[0.227s]       |      [01;35m[K^[m[K
[0.227s] [01m[K/home/catia/ros2_ws/src/navigation_/src/tf_node.cpp:41:6:[m[K [01;31m[Kerror: [m[Kmissing terminating " character
[1.927s] [01m[K/home/catia/ros2_ws/src/navigation_/src/tf_node.cpp:31:9:[m[K [01;31m[Kerror: [m[Kâ€˜[01m[Kodom_to_base[m[Kâ€™ does not name a type
[1.927s]    31 |         [01;31m[Kodom_to_base[m[K.header.stamp = this->get_clock()->now();
[1.927s]       |         [01;31m[K^~~~~~~~~~~~[m[K
[1.929s] [01m[K/home/catia/ros2_ws/src/navigation_/src/tf_node.cpp:32:9:[m[K [01;31m[Kerror: [m[Kâ€˜[01m[Kodom_to_base[m[Kâ€™ does not name a type
[1.929s]    32 |         [01;31m[Kodom_to_base[m[K.header.frame_id = "odom";
[1.929s]       |         [01;31m[K^~~~~~~~~~~~[m[K
[1.931s] [01m[K/home/catia/ros2_ws/src/navigation_/src/tf_node.cpp:33:9:[m[K [01;31m[Kerror: [m[Kâ€˜[01m[Kodom_to_base[m[Kâ€™ does not name a type
[1.931s]    33 |         [01;31m[Kodom_to_base[m[K.child_frame_id = "base_link";
[1.931s]       |         [01;31m[K^~~~~~~~~~~~[m[K
[1.933s] [01m[K/home/catia/ros2_ws/src/navigation_/src/tf_node.cpp:35:9:[m[K [01;31m[Kerror: [m[Kâ€˜[01m[Kodom_to_base[m[Kâ€™ does not name a type
[1.933s]    35 |         [01;31m[Kodom_to_base[m[K.transform.translation.x = msg->pose.pose.position.x;
[1.933s]       |         [01;31m[K^~~~~~~~~~~~[m[K
[1.935s] [01m[K/home/catia/ros2_ws/src/navigation_/src/tf_node.cpp:36:9:[m[K [01;31m[Kerror: [m[Kâ€˜[01m[Kodom_to_base[m[Kâ€™ does not name a type
[1.935s]    36 |         [01;31m[Kodom_to_base[m[K.transform.translation.y = msg->pose.pose.position.y;
[1.935s]       |         [01;31m[K^~~~~~~~~~~~[m[K
[1.937s] [01m[K/home/catia/ros2_ws/src/navigation_/src/tf_node.cpp:37:9:[m[K [01;31m[Kerror: [m[Kâ€˜[01m[Kodom_to_base[m[Kâ€™ does not name a type
[1.937s]    37 |         [01;31m[Kodom_to_base[m[K.transform.translation.z = msg->pose.pose.position.z;
[1.937s]       |         [01;31m[K^~~~~~~~~~~~[m[K
[1.939s] [01m[K/home/catia/ros2_ws/src/navigation_/src/tf_node.cpp:38:9:[m[K [01;31m[Kerror: [m[Kâ€˜[01m[Kodom_to_base[m[Kâ€™ does not name a type
[1.939s]    38 |         [01;31m[Kodom_to_base[m[K.transform.rotation = msg->pose.pose.orientation;
[1.939s]       |         [01;31m[K^~~~~~~~~~~~[m[K
[1.940s] [01m[K/home/catia/ros2_ws/src/navigation_/src/tf_node.cpp:40:9:[m[K [01;31m[Kerror: [m[Kâ€˜[01m[Kbroadcaster_[m[Kâ€™ does not name a type
[1.940s]    40 |         [01;31m[Kbroadcaster_[m[K->sendTransform(odom_to_base);
[1.940s]       |         [01;31m[K^~~~~~~~~~~~[m[K
[1.941s] [01m[K/home/catia/ros2_ws/src/navigation_/src/tf_node.cpp:41:6:[m[K [01;31m[Kerror: [m[Kexpected â€˜[01m[K;[m[Kâ€™ after class definition
[1.941s]    41 |     }[01;31m[K"[m[K
[1.941s]       |      [01;31m[K^[m[K
[1.941s]       |      [32m[K;[m[K
[1.947s] [01m[K/home/catia/ros2_ws/src/navigation_/src/tf_node.cpp:[m[K In constructor â€˜[01m[KTransformBroadcasterNode::TransformBroadcasterNode()[m[Kâ€™:
[1.947s] [01m[K/home/catia/ros2_ws/src/navigation_/src/tf_node.cpp:10:9:[m[K [01;31m[Kerror: [m[Kâ€˜[01m[Kbroadcaster_[m[Kâ€™ was not declared in this scope
[1.947s]    10 |         [01;31m[Kbroadcaster_[m[K = std::make_shared<tf2_ros::TransformBroadcaster>(this);
[1.947s]       |         [01;31m[K^~~~~~~~~~~~[m[K
[1.956s] [01m[K/home/catia/ros2_ws/src/navigation_/src/tf_node.cpp:13:9:[m[K [01;31m[Kerror: [m[Kâ€˜[01m[Kodom_subscriber_[m[Kâ€™ was not declared in this scope; did you mean â€˜[01m[Kcount_subscribers[m[Kâ€™?
[1.956s]    13 |         [01;31m[Kodom_subscriber_[m[K = this->create_subscription<nav_msgs::msg::Odometry>(
[1.956s]       |         [01;31m[K^~~~~~~~~~~~~~~~[m[K
[1.956s]       |         [32m[Kcount_subscribers[m[K
[1.956s] [01m[K/home/catia/ros2_ws/src/navigation_/src/tf_node.cpp:14:63:[m[K [01;31m[Kerror: [m[Kâ€˜[01m[Kodom_callback[m[Kâ€™ is not a member of â€˜[01m[KTransformBroadcasterNode[m[Kâ€™
[1.956s]    14 |             "/odom", 10, std::bind(&TransformBroadcasterNode::[01;31m[Kodom_callback[m[K, this, std::placeholders::_1));
[1.956s]       |                                                               [01;31m[K^~~~~~~~~~~~~[m[K
[1.964s] [01m[K/home/catia/ros2_ws/src/navigation_/src/tf_node.cpp:16:9:[m[K [01;31m[Kerror: [m[Kâ€˜[01m[Kbase_subscriber_[m[Kâ€™ was not declared in this scope
[1.964s]    16 |         [01;31m[Kbase_subscriber_[m[K = this->create_subscription<nav_msgs::msg::Odometry>(
[1.964s]       |         [01;31m[K^~~~~~~~~~~~~~~~[m[K
[1.964s] [01m[K/home/catia/ros2_ws/src/navigation_/src/tf_node.cpp:17:67:[m[K [01;31m[Kerror: [m[Kâ€˜[01m[Kbase_callback[m[Kâ€™ is not a member of â€˜[01m[KTransformBroadcasterNode[m[Kâ€™
[1.964s]    17 |             "/base_pub", 10, std::bind(&TransformBroadcasterNode::[01;31m[Kbase_callback[m[K, this, std::placeholders::_1));
[1.964s]       |                                                                   [01;31m[K^~~~~~~~~~~~~[m[K
[1.968s] [01m[K/home/catia/ros2_ws/src/navigation_/src/tf_node.cpp:20:9:[m[K [01;31m[Kerror: [m[Kâ€˜[01m[Ktimer_[m[Kâ€™ was not declared in this scope; did you mean â€˜[01m[Ktimer_t[m[Kâ€™?
[1.968s]    20 |         [01;31m[Ktimer_[m[K = this->create_wall_timer(
[1.968s]       |         [01;31m[K^~~~~~[m[K
[1.968s]       |         [32m[Ktimer_t[m[K
[1.968s] [01m[K/home/catia/ros2_ws/src/navigation_/src/tf_node.cpp:22:50:[m[K [01;31m[Kerror: [m[Kâ€˜[01m[Kpublish_map_to_odom[m[Kâ€™ is not a member of â€˜[01m[KTransformBroadcasterNode[m[Kâ€™
[1.968s]    22 |             std::bind(&TransformBroadcasterNode::[01;31m[Kpublish_map_to_odom[m[K, this));
[1.968s]       |                                                  [01;31m[K^~~~~~~~~~~~~~~~~~~[m[K
[1.977s] [01m[K/home/catia/ros2_ws/src/navigation_/src/tf_node.cpp:24:9:[m[K [01;31m[Kerror: [m[Kâ€˜[01m[Kpublish_base_to_laser[m[Kâ€™ was not declared in this scope
[1.977s]    24 |         [01;31m[Kpublish_base_to_laser[m[K();
[1.977s]       |         [01;31m[K^~~~~~~~~~~~~~~~~~~~~[m[K
[1.982s] [01m[K/home/catia/ros2_ws/src/navigation_/src/tf_node.cpp:[m[K In function â€˜[01m[Kvoid odom_callback(nav_msgs::msg::Odometry_<std::allocator<void> >::SharedPtr)[m[Kâ€™:
[1.982s] [01m[K/home/catia/ros2_ws/src/navigation_/src/tf_node.cpp:44:9:[m[K [01;31m[Kerror: [m[Kâ€˜[01m[Kx_[m[Kâ€™ was not declared in this scope
[1.982s]    44 |         [01;31m[Kx_[m[K = msg->pose.pose.position.x;
[1.982s]       |         [01;31m[K^~[m[K
[1.984s] [01m[K/home/catia/ros2_ws/src/navigation_/src/tf_node.cpp:45:9:[m[K [01;31m[Kerror: [m[Kâ€˜[01m[Ky_[m[Kâ€™ was not declared in this scope; did you mean â€˜[01m[Kyn[m[Kâ€™?
[1.984s]    45 |         [01;31m[Ky_[m[K = msg->pose.pose.position.y;
[1.984s]       |         [01;31m[K^~[m[K
[1.984s]       |         [32m[Kyn[m[K
[1.987s] [01m[K/home/catia/ros2_ws/src/navigation_/src/tf_node.cpp:46:9:[m[K [01;31m[Kerror: [m[Kâ€˜[01m[Ktheta_[m[Kâ€™ was not declared in this scope
[1.987s]    46 |         [01;31m[Ktheta_[m[K = tf2::getYaw(msg->pose.pose.orientation);  // Assuming theta is the yaw
[1.987s]       |         [01;31m[K^~~~~~[m[K
[1.988s] [01m[K/home/catia/ros2_ws/src/navigation_/src/tf_node.cpp:46:23:[m[K [01;31m[Kerror: [m[Kâ€˜[01m[KgetYaw[m[Kâ€™ is not a member of â€˜[01m[Ktf2[m[Kâ€™
[1.988s]    46 |         theta_ = tf2::[01;31m[KgetYaw[m[K(msg->pose.pose.orientation);  // Assuming theta is the yaw
[1.988s]       |                       [01;31m[K^~~~~~[m[K
[1.993s] [01m[K/home/catia/ros2_ws/src/navigation_/src/tf_node.cpp:48:9:[m[K [01;31m[Kerror: [m[Kâ€˜[01m[Kpublish_odom_to_base[m[Kâ€™ was not declared in this scope
[1.993s]    48 |         [01;31m[Kpublish_odom_to_base[m[K();  // Call the function here if you want to update the transform
[1.993s]       |         [01;31m[K^~~~~~~~~~~~~~~~~~~~[m[K
[1.993s] [01m[K/home/catia/ros2_ws/src/navigation_/src/tf_node.cpp:[m[K In function â€˜[01m[Kvoid base_callback(nav_msgs::msg::Odometry_<std::allocator<void> >::SharedPtr)[m[Kâ€™:
[1.994s] [01m[K/home/catia/ros2_ws/src/navigation_/src/tf_node.cpp:53:38:[m[K [01;31m[Kerror: [m[Kinvalid use of â€˜[01m[Kthis[m[Kâ€™ in non-member function
[1.994s]    53 |         base_to_laser.header.stamp = [01;31m[Kthis[m[K->get_clock()->now();
[1.994s]       |                                      [01;31m[K^~~~[m[K
[1.998s] [01m[K/home/catia/ros2_ws/src/navigation_/src/tf_node.cpp:69:9:[m[K [01;31m[Kerror: [m[Kâ€˜[01m[Kbroadcaster_[m[Kâ€™ was not declared in this scope
[1.998s]    69 |         [01;31m[Kbroadcaster_[m[K->sendTransform(base_to_laser);
[1.998s]       |         [01;31m[K^~~~~~~~~~~~[m[K
[1.998s] [01m[K/home/catia/ros2_ws/src/navigation_/src/tf_node.cpp:[m[K In function â€˜[01m[Kvoid publish_map_to_odom()[m[Kâ€™:
[1.998s] [01m[K/home/catia/ros2_ws/src/navigation_/src/tf_node.cpp:75:36:[m[K [01;31m[Kerror: [m[Kinvalid use of â€˜[01m[Kthis[m[Kâ€™ in non-member function
[1.998s]    75 |         map_to_odom.header.stamp = [01;31m[Kthis[m[K->get_clock()->now();
[1.998s]       |                                    [01;31m[K^~~~[m[K
[2.002s] [01m[K/home/catia/ros2_ws/src/navigation_/src/tf_node.cpp:90:9:[m[K [01;31m[Kerror: [m[Kâ€˜[01m[Kbroadcaster_[m[Kâ€™ was not declared in this scope
[2.002s]    90 |         [01;31m[Kbroadcaster_[m[K->sendTransform(map_to_odom);
[2.002s]       |         [01;31m[K^~~~~~~~~~~~[m[K
[2.002s] [01m[K/home/catia/ros2_ws/src/navigation_/src/tf_node.cpp:[m[K In function â€˜[01m[Kvoid publish_base_to_laser()[m[Kâ€™:
[2.002s] [01m[K/home/catia/ros2_ws/src/navigation_/src/tf_node.cpp:96:38:[m[K [01;31m[Kerror: [m[Kinvalid use of â€˜[01m[Kthis[m[Kâ€™ in non-member function
[2.002s]    96 |         base_to_laser.header.stamp = [01;31m[Kthis[m[K->get_clock()->now();
[2.002s]       |                                      [01;31m[K^~~~[m[K
[2.007s] [01m[K/home/catia/ros2_ws/src/navigation_/src/tf_node.cpp:111:9:[m[K [01;31m[Kerror: [m[Kâ€˜[01m[Kbroadcaster_[m[Kâ€™ was not declared in this scope
[2.007s]   111 |         [01;31m[Kbroadcaster_[m[K->sendTransform(base_to_laser);
[2.007s]       |         [01;31m[K^~~~~~~~~~~~[m[K
[2.007s] [01m[K/home/catia/ros2_ws/src/navigation_/src/tf_node.cpp:[m[K In function â€˜[01m[Kvoid publish_odom_to_base()[m[Kâ€™:
[2.007s] [01m[K/home/catia/ros2_ws/src/navigation_/src/tf_node.cpp:115:37:[m[K [01;31m[Kerror: [m[Kinvalid use of â€˜[01m[Kthis[m[Kâ€™ in non-member function
[2.007s]   115 |         odom_to_base.header.stamp = [01;31m[Kthis[m[K->get_clock()->now();
[2.007s]       |                                     [01;31m[K^~~~[m[K
[2.009s] [01m[K/home/catia/ros2_ws/src/navigation_/src/tf_node.cpp:120:48:[m[K [01;31m[Kerror: [m[Kâ€˜[01m[Kx_[m[Kâ€™ was not declared in this scope
[2.009s]   120 |         odom_to_base.transform.translation.x = [01;31m[Kx_[m[K;
[2.009s]       |                                                [01;31m[K^~[m[K
[2.012s] [01m[K/home/catia/ros2_ws/src/navigation_/src/tf_node.cpp:121:48:[m[K [01;31m[Kerror: [m[Kâ€˜[01m[Ky_[m[Kâ€™ was not declared in this scope; did you mean â€˜[01m[Kyn[m[Kâ€™?
[2.012s]   121 |         odom_to_base.transform.translation.y = [01;31m[Ky_[m[K;
[2.012s]       |                                                [01;31m[K^~[m[K
[2.012s]       |                                                [32m[Kyn[m[K
[2.014s] [01m[K/home/catia/ros2_ws/src/navigation_/src/tf_node.cpp:124:24:[m[K [01;31m[Kerror: [m[Kâ€˜[01m[Ktheta_[m[Kâ€™ was not declared in this scope
[2.014s]   124 |         q.setRPY(0, 0, [01;31m[Ktheta_[m[K);
[2.014s]       |                        [01;31m[K^~~~~~[m[K
[2.018s] [01m[K/home/catia/ros2_ws/src/navigation_/src/tf_node.cpp:130:9:[m[K [01;31m[Kerror: [m[Kâ€˜[01m[Kbroadcaster_[m[Kâ€™ was not declared in this scope
[2.018s]   130 |         [01;31m[Kbroadcaster_[m[K->sendTransform(odom_to_base);
[2.018s]       |         [01;31m[K^~~~~~~~~~~~[m[K
[2.050s] [01m[K/home/catia/ros2_ws/src/navigation_/src/tf_node.cpp:[m[K At global scope:
[2.050s] [01m[K/home/catia/ros2_ws/src/navigation_/src/tf_node.cpp:138:1:[m[K [01;31m[Kerror: [m[Kexpected declaration before â€˜[01m[K}[m[Kâ€™ token
[2.050s]   138 | [01;31m[K}[m[K;
[2.050s]       | [01;31m[K^[m[K
[2.558s] gmake[2]: *** [CMakeFiles/tf_node.dir/build.make:76: CMakeFiles/tf_node.dir/src/tf_node.cpp.o] Error 1
[2.558s] gmake[1]: *** [CMakeFiles/Makefile2:221: CMakeFiles/tf_node.dir/all] Error 2
[2.558s] gmake: *** [Makefile:146: all] Error 2
[2.560s] Invoked command in '/home/catia/ros2_ws/build/navigation_' returned '2': CMAKE_PREFIX_PATH=${CMAKE_PREFIX_PATH}:/opt/ros/humble /usr/bin/cmake --build /home/catia/ros2_ws/build/navigation_ -- -j8 -l8
