[0.011s] Invoking command in '/home/catia/ros2_ws/build/navigation_': CMAKE_PREFIX_PATH=${CMAKE_PREFIX_PATH}:/opt/ros/humble /usr/bin/cmake --build /home/catia/ros2_ws/build/navigation_ -- -j8 -l8
[0.049s] [35m[1mConsolidate compiler generated dependencies of target mobile_base[0m
[0.054s] [ 33%] Built target pub_occupancy_grid
[0.055s] [ 66%] Built target laserScan_
[0.066s] [ 83%] [32mBuilding CXX object CMakeFiles/mobile_base.dir/src/mobile_base.cpp.o[0m
[1.949s] [01m[K/home/catia/ros2_ws/src/navigation_/src/mobile_base.cpp:[m[K In member function â€˜[01m[Kvoid MobileBasePublisher::base_callback()[m[Kâ€™:
[1.949s] [01m[K/home/catia/ros2_ws/src/navigation_/src/mobile_base.cpp:45:7:[m[K [01;31m[Kerror: [m[Kexpected â€˜[01m[K;[m[Kâ€™ before â€˜[01m[Kodom_msg[m[Kâ€™
[1.949s]    45 |       [01;31m[Kodom_msg[m[K.pose.pose.position.x = x_;
[1.949s]       |       [01;31m[K^~~~~~~~[m[K
[2.639s] gmake[2]: *** [CMakeFiles/mobile_base.dir/build.make:76: CMakeFiles/mobile_base.dir/src/mobile_base.cpp.o] Error 1
[2.639s] gmake[1]: *** [CMakeFiles/Makefile2:193: CMakeFiles/mobile_base.dir/all] Error 2
[2.639s] gmake: *** [Makefile:146: all] Error 2
[2.641s] Invoked command in '/home/catia/ros2_ws/build/navigation_' returned '2': CMAKE_PREFIX_PATH=${CMAKE_PREFIX_PATH}:/opt/ros/humble /usr/bin/cmake --build /home/catia/ros2_ws/build/navigation_ -- -j8 -l8
