[0.009s] Invoking command in '/home/catia/ros2_ws/build/navigation_': CMAKE_PREFIX_PATH=${CMAKE_PREFIX_PATH}:/opt/ros/humble /usr/bin/cmake --build /home/catia/ros2_ws/build/navigation_ -- -j8 -l8
[0.042s] [35m[1mConsolidate compiler generated dependencies of target tf_node[0m
[0.051s] [ 50%] Built target laserScan_
[0.051s] [ 50%] Built target pub_occupancy_grid
[0.053s] [ 75%] Built target mobile_base
[0.056s] [ 87%] [32mBuilding CXX object CMakeFiles/tf_node.dir/src/tf_node.cpp.o[0m
[1.941s] [01m[K/home/catia/ros2_ws/src/navigation_/src/tf_node.cpp:[m[K In constructor â€˜[01m[KTransformBroadcasterNode::TransformBroadcasterNode()[m[Kâ€™:
[1.942s] [01m[K/home/catia/ros2_ws/src/navigation_/src/tf_node.cpp:16:9:[m[K [01;31m[Kerror: [m[Kâ€˜[01m[Kbase_subscriber_[m[Kâ€™ was not declared in this scope; did you mean â€˜[01m[Kodom_subscriber_[m[Kâ€™?
[1.942s]    16 |         [01;31m[Kbase_subscriber_[m[K = this->create_subscription<nav_msgs::msg::Odometry>(
[1.942s]       |         [01;31m[K^~~~~~~~~~~~~~~~[m[K
[1.942s]       |         [32m[Kodom_subscriber_[m[K
[1.953s] [01m[K/home/catia/ros2_ws/src/navigation_/src/tf_node.cpp:[m[K In member function â€˜[01m[Kvoid TransformBroadcasterNode::base_callback(nav_msgs::msg::Odometry_<std::allocator<void> >::SharedPtr)[m[Kâ€™:
[1.953s] [01m[K/home/catia/ros2_ws/src/navigation_/src/tf_node.cpp:42:65:[m[K [01;35m[Kwarning: [m[Kunused parameter â€˜[01m[Kmsg[m[Kâ€™ [[01;35m[K]8;;https://gcc.gnu.org/onlinedocs/gcc/Warning-Options.html#index-Wunused-parameter-Wunused-parameter]8;;[m[K]
[1.953s]    42 |     void base_callback([01;35m[Kconst nav_msgs::msg::Odometry::SharedPtr msg[m[K) {
[1.954s]       |                        [01;35m[K~~~~~~~~~~~~~~~~~~~~~~~~~~~~~~~~~~~~~~~~~^~~[m[K
[4.054s] gmake[2]: *** [CMakeFiles/tf_node.dir/build.make:76: CMakeFiles/tf_node.dir/src/tf_node.cpp.o] Error 1
[4.054s] gmake[1]: *** [CMakeFiles/Makefile2:221: CMakeFiles/tf_node.dir/all] Error 2
[4.055s] gmake: *** [Makefile:146: all] Error 2
[4.056s] Invoked command in '/home/catia/ros2_ws/build/navigation_' returned '2': CMAKE_PREFIX_PATH=${CMAKE_PREFIX_PATH}:/opt/ros/humble /usr/bin/cmake --build /home/catia/ros2_ws/build/navigation_ -- -j8 -l8
