[35m[1mConsolidate compiler generated dependencies of target mobile_base[0m
[ 37%] [32mBuilding CXX object CMakeFiles/tf_node.dir/src/tf_node.cpp.o[0m
[ 37%] Built target laserScan_
[ 62%] Built target pub_occupancy_grid
[ 87%] Built target mobile_base
[01m[K/home/catia/ros2_ws/src/navigation_/src/tf_node.cpp:16:9:[m[K [01;35m[Kwarning: [m[Kmissing terminating " character
   16 |         [01;35m[K"[m[Kbase_subscriber_ = this->create_subscription<nav_msgs::msg::Odometry>(
      |         [01;35m[K^[m[K
[01m[K/home/catia/ros2_ws/src/navigation_/src/tf_node.cpp:16:9:[m[K [01;31m[Kerror: [m[Kmissing terminating " character
   16 |         [01;31m[K"base_subscriber_ = this->create_subscription<nav_msgs::msg::Odometry>([m[K
      |         [01;31m[K^~~~~~~~~~~~~~~~~~~~~~~~~~~~~~~~~~~~~~~~~~~~~~~~~~~~~~~~~~~~~~~~~~~~~~~[m[K
[01m[K/home/catia/ros2_ws/src/navigation_/src/tf_node.cpp:17:112:[m[K [01;35m[Kwarning: [m[Kmissing terminating " character
   17 |             "/base_pub", 10, std::bind(&TransformBroadcasterNode::base_callback, this, std::placeholders::_1));[01;35m[K"[m[K
      |                                                                                                                [01;35m[K^[m[K
[01m[K/home/catia/ros2_ws/src/navigation_/src/tf_node.cpp:17:112:[m[K [01;31m[Kerror: [m[Kmissing terminating " character
[01m[K/home/catia/ros2_ws/src/navigation_/src/tf_node.cpp:42:5:[m[K [01;35m[Kwarning: [m[Kmissing terminating " character
   42 |     [01;35m[K"[m[Kvoid base_callback(const nav_msgs::msg::Odometry::SharedPtr msg) {
      |     [01;35m[K^[m[K
[01m[K/home/catia/ros2_ws/src/navigation_/src/tf_node.cpp:42:5:[m[K [01;31m[Kerror: [m[Kmissing terminating " character
   42 |     [01;31m[K"void base_callback(const nav_msgs::msg::Odometry::SharedPtr msg) {[m[K
      |     [01;31m[K^~~~~~~~~~~~~~~~~~~~~~~~~~~~~~~~~~~~~~~~~~~~~~~~~~~~~~~~~~~~~~~~~~~[m[K
[01m[K/home/catia/ros2_ws/src/navigation_/src/tf_node.cpp:62:6:[m[K [01;35m[Kwarning: [m[Kmissing terminating " character
   62 |     }[01;35m[K"[m[K
      |      [01;35m[K^[m[K
[01m[K/home/catia/ros2_ws/src/navigation_/src/tf_node.cpp:62:6:[m[K [01;31m[Kerror: [m[Kmissing terminating " character
[01m[K/home/catia/ros2_ws/src/navigation_/src/tf_node.cpp:43:10:[m[K [01;31m[Kerror: [m[Kexpected unqualified-id before â€˜[01m[Kvoid[m[Kâ€™
   43 |         ([01;31m[Kvoid[m[K)msg;
      |          [01;31m[K^~~~[m[K
[01m[K/home/catia/ros2_ws/src/navigation_/src/tf_node.cpp:43:10:[m[K [01;31m[Kerror: [m[Kexpected â€˜[01m[K)[m[Kâ€™ before â€˜[01m[Kvoid[m[Kâ€™
   43 |         [34m[K([m[K[01;31m[Kv[m[K[32m[Koid[m[K)msg;
      |         [34m[K~[m[K[01;31m[K^[m[K[32m[K~~~[m[K
      |          [32m[K)[m[K
[01m[K/home/catia/ros2_ws/src/navigation_/src/tf_node.cpp:45:9:[m[K [01;31m[Kerror: [m[Kâ€˜[01m[Kbase_to_laser[m[Kâ€™ does not name a type
   45 |         [01;31m[Kbase_to_laser[m[K.header.stamp = this->get_clock()->now();
      |         [01;31m[K^~~~~~~~~~~~~[m[K
[01m[K/home/catia/ros2_ws/src/navigation_/src/tf_node.cpp:46:9:[m[K [01;31m[Kerror: [m[Kâ€˜[01m[Kbase_to_laser[m[Kâ€™ does not name a type
   46 |         [01;31m[Kbase_to_laser[m[K.header.frame_id = "base_link";
      |         [01;31m[K^~~~~~~~~~~~~[m[K
[01m[K/home/catia/ros2_ws/src/navigation_/src/tf_node.cpp:47:9:[m[K [01;31m[Kerror: [m[Kâ€˜[01m[Kbase_to_laser[m[Kâ€™ does not name a type
   47 |         [01;31m[Kbase_to_laser[m[K.child_frame_id = "Laser_frame";
      |         [01;31m[K^~~~~~~~~~~~~[m[K
[01m[K/home/catia/ros2_ws/src/navigation_/src/tf_node.cpp:50:9:[m[K [01;31m[Kerror: [m[Kâ€˜[01m[Kbase_to_laser[m[Kâ€™ does not name a type
   50 |         [01;31m[Kbase_to_laser[m[K.transform.translation.x = 0.2;  // o un valore derivato dai dati di odometria
      |         [01;31m[K^~~~~~~~~~~~~[m[K
[01m[K/home/catia/ros2_ws/src/navigation_/src/tf_node.cpp:51:9:[m[K [01;31m[Kerror: [m[Kâ€˜[01m[Kbase_to_laser[m[Kâ€™ does not name a type
   51 |         [01;31m[Kbase_to_laser[m[K.transform.translation.y = 0.0;
      |         [01;31m[K^~~~~~~~~~~~~[m[K
[01m[K/home/catia/ros2_ws/src/navigation_/src/tf_node.cpp:52:9:[m[K [01;31m[Kerror: [m[Kâ€˜[01m[Kbase_to_laser[m[Kâ€™ does not name a type
   52 |         [01;31m[Kbase_to_laser[m[K.transform.translation.z = 0.1;
      |         [01;31m[K^~~~~~~~~~~~~[m[K
[01m[K/home/catia/ros2_ws/src/navigation_/src/tf_node.cpp:55:9:[m[K [01;31m[Kerror: [m[Kâ€˜[01m[Kq[m[Kâ€™ does not name a type
   55 |         [01;31m[Kq[m[K.setRPY(0, 0, 0);  // Assumendo nessuna rotazione tra base_link e laser
      |         [01;31m[K^[m[K
[01m[K/home/catia/ros2_ws/src/navigation_/src/tf_node.cpp:56:9:[m[K [01;31m[Kerror: [m[Kâ€˜[01m[Kbase_to_laser[m[Kâ€™ does not name a type
   56 |         [01;31m[Kbase_to_laser[m[K.transform.rotation.x = q.x();
      |         [01;31m[K^~~~~~~~~~~~~[m[K
[01m[K/home/catia/ros2_ws/src/navigation_/src/tf_node.cpp:57:9:[m[K [01;31m[Kerror: [m[Kâ€˜[01m[Kbase_to_laser[m[Kâ€™ does not name a type
   57 |         [01;31m[Kbase_to_laser[m[K.transform.rotation.y = q.y();
      |         [01;31m[K^~~~~~~~~~~~~[m[K
[01m[K/home/catia/ros2_ws/src/navigation_/src/tf_node.cpp:58:9:[m[K [01;31m[Kerror: [m[Kâ€˜[01m[Kbase_to_laser[m[Kâ€™ does not name a type
   58 |         [01;31m[Kbase_to_laser[m[K.transform.rotation.z = q.z();
      |         [01;31m[K^~~~~~~~~~~~~[m[K
[01m[K/home/catia/ros2_ws/src/navigation_/src/tf_node.cpp:59:9:[m[K [01;31m[Kerror: [m[Kâ€˜[01m[Kbase_to_laser[m[Kâ€™ does not name a type
   59 |         [01;31m[Kbase_to_laser[m[K.transform.rotation.w = q.w();
      |         [01;31m[K^~~~~~~~~~~~~[m[K
[01m[K/home/catia/ros2_ws/src/navigation_/src/tf_node.cpp:61:9:[m[K [01;31m[Kerror: [m[Kâ€˜[01m[Kbroadcaster_[m[Kâ€™ does not name a type
   61 |         [01;31m[Kbroadcaster_[m[K->sendTransform(base_to_laser);
      |         [01;31m[K^~~~~~~~~~~~[m[K
[01m[K/home/catia/ros2_ws/src/navigation_/src/tf_node.cpp:62:6:[m[K [01;31m[Kerror: [m[Kexpected â€˜[01m[K;[m[Kâ€™ after class definition
   62 |     }[01;31m[K"[m[K
      |      [01;31m[K^[m[K
      |      [32m[K;[m[K
[01m[K/home/catia/ros2_ws/src/navigation_/src/tf_node.cpp:[m[K In constructor â€˜[01m[KTransformBroadcasterNode::TransformBroadcasterNode()[m[Kâ€™:
[01m[K/home/catia/ros2_ws/src/navigation_/src/tf_node.cpp:10:9:[m[K [01;31m[Kerror: [m[Kâ€˜[01m[Kbroadcaster_[m[Kâ€™ was not declared in this scope
   10 |         [01;31m[Kbroadcaster_[m[K = std::make_shared<tf2_ros::TransformBroadcaster>(this);
      |         [01;31m[K^~~~~~~~~~~~[m[K
[01m[K/home/catia/ros2_ws/src/navigation_/src/tf_node.cpp:13:9:[m[K [01;31m[Kerror: [m[Kâ€˜[01m[Kodom_subscriber_[m[Kâ€™ was not declared in this scope; did you mean â€˜[01m[Kcount_subscribers[m[Kâ€™?
   13 |         [01;31m[Kodom_subscriber_[m[K = this->create_subscription<nav_msgs::msg::Odometry>(
      |         [01;31m[K^~~~~~~~~~~~~~~~[m[K
      |         [32m[Kcount_subscribers[m[K
[01m[K/home/catia/ros2_ws/src/navigation_/src/tf_node.cpp:17:13:[m[K [01;35m[Kwarning: [m[Kleft operand of comma operator has no effect [[01;35m[K]8;;https://gcc.gnu.org/onlinedocs/gcc/Warning-Options.html#index-Wunused-value-Wunused-value]8;;[m[K]
   17 |             [01;35m[K"/base_pub"[m[K, 10, std::bind(&TransformBroadcasterNode::base_callback, this, std::placeholders::_1));"
      |             [01;35m[K^~~~~~~~~~~[m[K
[01m[K/home/catia/ros2_ws/src/navigation_/src/tf_node.cpp:17:67:[m[K [01;31m[Kerror: [m[Kâ€˜[01m[Kbase_callback[m[Kâ€™ is not a member of â€˜[01m[KTransformBroadcasterNode[m[Kâ€™
   17 |             "/base_pub", 10, std::bind(&TransformBroadcasterNode::[01;31m[Kbase_callback[m[K, this, std::placeholders::_1));"
      |                                                                   [01;31m[K^~~~~~~~~~~~~[m[K
[01m[K/home/catia/ros2_ws/src/navigation_/src/tf_node.cpp:20:9:[m[K [01;31m[Kerror: [m[Kâ€˜[01m[Ktimer_[m[Kâ€™ was not declared in this scope; did you mean â€˜[01m[Ktimer_t[m[Kâ€™?
   20 |         [01;31m[Ktimer_[m[K = this->create_wall_timer(
      |         [01;31m[K^~~~~~[m[K
      |         [32m[Ktimer_t[m[K
[01m[K/home/catia/ros2_ws/src/navigation_/src/tf_node.cpp:22:50:[m[K [01;31m[Kerror: [m[Kâ€˜[01m[Kpublish_map_to_odom[m[Kâ€™ is not a member of â€˜[01m[KTransformBroadcasterNode[m[Kâ€™
   22 |             std::bind(&TransformBroadcasterNode::[01;31m[Kpublish_map_to_odom[m[K, this));
      |                                                  [01;31m[K^~~~~~~~~~~~~~~~~~~[m[K
[01m[K/home/catia/ros2_ws/src/navigation_/src/tf_node.cpp:24:9:[m[K [01;31m[Kerror: [m[Kâ€˜[01m[Kpublish_base_to_laser[m[Kâ€™ was not declared in this scope
   24 |         [01;31m[Kpublish_base_to_laser[m[K();
      |         [01;31m[K^~~~~~~~~~~~~~~~~~~~~[m[K
[01m[K/home/catia/ros2_ws/src/navigation_/src/tf_node.cpp:[m[K In member function â€˜[01m[Kvoid TransformBroadcasterNode::odom_callback(nav_msgs::msg::Odometry_<std::allocator<void> >::SharedPtr)[m[Kâ€™:
[01m[K/home/catia/ros2_ws/src/navigation_/src/tf_node.cpp:40:9:[m[K [01;31m[Kerror: [m[Kâ€˜[01m[Kbroadcaster_[m[Kâ€™ was not declared in this scope
   40 |         [01;31m[Kbroadcaster_[m[K->sendTransform(odom_to_base);
      |         [01;31m[K^~~~~~~~~~~~[m[K
[01m[K/home/catia/ros2_ws/src/navigation_/src/tf_node.cpp:[m[K In function â€˜[01m[Kvoid publish_map_to_odom()[m[Kâ€™:
[01m[K/home/catia/ros2_ws/src/navigation_/src/tf_node.cpp:67:36:[m[K [01;31m[Kerror: [m[Kinvalid use of â€˜[01m[Kthis[m[Kâ€™ in non-member function
   67 |         map_to_odom.header.stamp = [01;31m[Kthis[m[K->get_clock()->now();
      |                                    [01;31m[K^~~~[m[K
[01m[K/home/catia/ros2_ws/src/navigation_/src/tf_node.cpp:82:9:[m[K [01;31m[Kerror: [m[Kâ€˜[01m[Kbroadcaster_[m[Kâ€™ was not declared in this scope
   82 |         [01;31m[Kbroadcaster_[m[K->sendTransform(map_to_odom);
      |         [01;31m[K^~~~~~~~~~~~[m[K
[01m[K/home/catia/ros2_ws/src/navigation_/src/tf_node.cpp:[m[K In function â€˜[01m[Kvoid publish_base_to_laser()[m[Kâ€™:
[01m[K/home/catia/ros2_ws/src/navigation_/src/tf_node.cpp:88:38:[m[K [01;31m[Kerror: [m[Kinvalid use of â€˜[01m[Kthis[m[Kâ€™ in non-member function
   88 |         base_to_laser.header.stamp = [01;31m[Kthis[m[K->get_clock()->now();
      |                                      [01;31m[K^~~~[m[K
[01m[K/home/catia/ros2_ws/src/navigation_/src/tf_node.cpp:103:9:[m[K [01;31m[Kerror: [m[Kâ€˜[01m[Kbroadcaster_[m[Kâ€™ was not declared in this scope
  103 |         [01;31m[Kbroadcaster_[m[K->sendTransform(base_to_laser);
      |         [01;31m[K^~~~~~~~~~~~[m[K
[01m[K/home/catia/ros2_ws/src/navigation_/src/tf_node.cpp:[m[K In function â€˜[01m[Kvoid publish_odom_to_base()[m[Kâ€™:
[01m[K/home/catia/ros2_ws/src/navigation_/src/tf_node.cpp:107:37:[m[K [01;31m[Kerror: [m[Kinvalid use of â€˜[01m[Kthis[m[Kâ€™ in non-member function
  107 |         odom_to_base.header.stamp = [01;31m[Kthis[m[K->get_clock()->now();
      |                                     [01;31m[K^~~~[m[K
[01m[K/home/catia/ros2_ws/src/navigation_/src/tf_node.cpp:112:48:[m[K [01;31m[Kerror: [m[Kâ€˜[01m[Kx_[m[Kâ€™ was not declared in this scope
  112 |         odom_to_base.transform.translation.x = [01;31m[Kx_[m[K;
      |                                                [01;31m[K^~[m[K
[01m[K/home/catia/ros2_ws/src/navigation_/src/tf_node.cpp:113:48:[m[K [01;31m[Kerror: [m[Kâ€˜[01m[Ky_[m[Kâ€™ was not declared in this scope; did you mean â€˜[01m[Kyn[m[Kâ€™?
  113 |         odom_to_base.transform.translation.y = [01;31m[Ky_[m[K;
      |                                                [01;31m[K^~[m[K
      |                                                [32m[Kyn[m[K
[01m[K/home/catia/ros2_ws/src/navigation_/src/tf_node.cpp:116:24:[m[K [01;31m[Kerror: [m[Kâ€˜[01m[Ktheta_[m[Kâ€™ was not declared in this scope
  116 |         q.setRPY(0, 0, [01;31m[Ktheta_[m[K);
      |                        [01;31m[K^~~~~~[m[K
[01m[K/home/catia/ros2_ws/src/navigation_/src/tf_node.cpp:122:9:[m[K [01;31m[Kerror: [m[Kâ€˜[01m[Ktransform_broadcaster_[m[Kâ€™ was not declared in this scope; did you mean â€˜[01m[KTransformBroadcasterNode[m[Kâ€™?
  122 |         [01;31m[Ktransform_broadcaster_[m[K->sendTransform(odom_to_base);
      |         [01;31m[K^~~~~~~~~~~~~~~~~~~~~~[m[K
      |         [32m[KTransformBroadcasterNode[m[K
[01m[K/home/catia/ros2_ws/src/navigation_/src/tf_node.cpp:[m[K At global scope:
[01m[K/home/catia/ros2_ws/src/navigation_/src/tf_node.cpp:129:1:[m[K [01;31m[Kerror: [m[Kexpected declaration before â€˜[01m[K}[m[Kâ€™ token
  129 | [01;31m[K}[m[K;
      | [01;31m[K^[m[K
gmake[2]: *** [CMakeFiles/tf_node.dir/build.make:76: CMakeFiles/tf_node.dir/src/tf_node.cpp.o] Error 1
gmake[1]: *** [CMakeFiles/Makefile2:221: CMakeFiles/tf_node.dir/all] Error 2
gmake: *** [Makefile:146: all] Error 2
