[0.009s] Invoking command in '/home/catia/ros2_ws/build/navigation_': CMAKE_PREFIX_PATH=${CMAKE_PREFIX_PATH}:/opt/ros/humble /usr/bin/cmake --build /home/catia/ros2_ws/build/navigation_ -- -j8 -l8
[0.045s] [35m[1mConsolidate compiler generated dependencies of target mobile_base[0m
[0.055s] [ 37%] [32mBuilding CXX object CMakeFiles/tf_node.dir/src/tf_node.cpp.o[0m
[0.055s] [ 37%] Built target laserScan_
[0.056s] [ 62%] Built target pub_occupancy_grid
[0.060s] [ 87%] Built target mobile_base
[0.223s] [01m[K/home/catia/ros2_ws/src/navigation_/src/tf_node.cpp:16:9:[m[K [01;35m[Kwarning: [m[Kmissing terminating " character
[0.223s]    16 |         [01;35m[K"[m[Kbase_subscriber_ = this->create_subscription<nav_msgs::msg::Odometry>(
[0.223s]       |         [01;35m[K^[m[K
[0.223s] [01m[K/home/catia/ros2_ws/src/navigation_/src/tf_node.cpp:16:9:[m[K [01;31m[Kerror: [m[Kmissing terminating " character
[0.223s]    16 |         [01;31m[K"base_subscriber_ = this->create_subscription<nav_msgs::msg::Odometry>([m[K
[0.223s]       |         [01;31m[K^~~~~~~~~~~~~~~~~~~~~~~~~~~~~~~~~~~~~~~~~~~~~~~~~~~~~~~~~~~~~~~~~~~~~~~[m[K
[0.223s] [01m[K/home/catia/ros2_ws/src/navigation_/src/tf_node.cpp:17:112:[m[K [01;35m[Kwarning: [m[Kmissing terminating " character
[0.224s]    17 |             "/base_pub", 10, std::bind(&TransformBroadcasterNode::base_callback, this, std::placeholders::_1));[01;35m[K"[m[K
[0.224s]       |                                                                                                                [01;35m[K^[m[K
[0.224s] [01m[K/home/catia/ros2_ws/src/navigation_/src/tf_node.cpp:17:112:[m[K [01;31m[Kerror: [m[Kmissing terminating " character
[0.224s] [01m[K/home/catia/ros2_ws/src/navigation_/src/tf_node.cpp:42:5:[m[K [01;35m[Kwarning: [m[Kmissing terminating " character
[0.224s]    42 |     [01;35m[K"[m[Kvoid base_callback(const nav_msgs::msg::Odometry::SharedPtr msg) {
[0.224s]       |     [01;35m[K^[m[K
[0.224s] [01m[K/home/catia/ros2_ws/src/navigation_/src/tf_node.cpp:42:5:[m[K [01;31m[Kerror: [m[Kmissing terminating " character
[0.224s]    42 |     [01;31m[K"void base_callback(const nav_msgs::msg::Odometry::SharedPtr msg) {[m[K
[0.224s]       |     [01;31m[K^~~~~~~~~~~~~~~~~~~~~~~~~~~~~~~~~~~~~~~~~~~~~~~~~~~~~~~~~~~~~~~~~~~[m[K
[0.224s] [01m[K/home/catia/ros2_ws/src/navigation_/src/tf_node.cpp:62:6:[m[K [01;35m[Kwarning: [m[Kmissing terminating " character
[0.224s]    62 |     }[01;35m[K"[m[K
[0.224s]       |      [01;35m[K^[m[K
[0.224s] [01m[K/home/catia/ros2_ws/src/navigation_/src/tf_node.cpp:62:6:[m[K [01;31m[Kerror: [m[Kmissing terminating " character
[1.823s] [01m[K/home/catia/ros2_ws/src/navigation_/src/tf_node.cpp:43:10:[m[K [01;31m[Kerror: [m[Kexpected unqualified-id before â€˜[01m[Kvoid[m[Kâ€™
[1.823s]    43 |         ([01;31m[Kvoid[m[K)msg;
[1.823s]       |          [01;31m[K^~~~[m[K
[1.823s] [01m[K/home/catia/ros2_ws/src/navigation_/src/tf_node.cpp:43:10:[m[K [01;31m[Kerror: [m[Kexpected â€˜[01m[K)[m[Kâ€™ before â€˜[01m[Kvoid[m[Kâ€™
[1.823s]    43 |         [34m[K([m[K[01;31m[Kv[m[K[32m[Koid[m[K)msg;
[1.823s]       |         [34m[K~[m[K[01;31m[K^[m[K[32m[K~~~[m[K
[1.824s]       |          [32m[K)[m[K
[1.826s] [01m[K/home/catia/ros2_ws/src/navigation_/src/tf_node.cpp:45:9:[m[K [01;31m[Kerror: [m[Kâ€˜[01m[Kbase_to_laser[m[Kâ€™ does not name a type
[1.826s]    45 |         [01;31m[Kbase_to_laser[m[K.header.stamp = this->get_clock()->now();
[1.826s]       |         [01;31m[K^~~~~~~~~~~~~[m[K
[1.828s] [01m[K/home/catia/ros2_ws/src/navigation_/src/tf_node.cpp:46:9:[m[K [01;31m[Kerror: [m[Kâ€˜[01m[Kbase_to_laser[m[Kâ€™ does not name a type
[1.828s]    46 |         [01;31m[Kbase_to_laser[m[K.header.frame_id = "base_link";
[1.828s]       |         [01;31m[K^~~~~~~~~~~~~[m[K
[1.831s] [01m[K/home/catia/ros2_ws/src/navigation_/src/tf_node.cpp:47:9:[m[K [01;31m[Kerror: [m[Kâ€˜[01m[Kbase_to_laser[m[Kâ€™ does not name a type
[1.831s]    47 |         [01;31m[Kbase_to_laser[m[K.child_frame_id = "Laser_frame";
[1.831s]       |         [01;31m[K^~~~~~~~~~~~~[m[K
[1.833s] [01m[K/home/catia/ros2_ws/src/navigation_/src/tf_node.cpp:50:9:[m[K [01;31m[Kerror: [m[Kâ€˜[01m[Kbase_to_laser[m[Kâ€™ does not name a type
[1.833s]    50 |         [01;31m[Kbase_to_laser[m[K.transform.translation.x = 0.2;  // o un valore derivato dai dati di odometria
[1.834s]       |         [01;31m[K^~~~~~~~~~~~~[m[K
[1.836s] [01m[K/home/catia/ros2_ws/src/navigation_/src/tf_node.cpp:51:9:[m[K [01;31m[Kerror: [m[Kâ€˜[01m[Kbase_to_laser[m[Kâ€™ does not name a type
[1.836s]    51 |         [01;31m[Kbase_to_laser[m[K.transform.translation.y = 0.0;
[1.836s]       |         [01;31m[K^~~~~~~~~~~~~[m[K
[1.838s] [01m[K/home/catia/ros2_ws/src/navigation_/src/tf_node.cpp:52:9:[m[K [01;31m[Kerror: [m[Kâ€˜[01m[Kbase_to_laser[m[Kâ€™ does not name a type
[1.838s]    52 |         [01;31m[Kbase_to_laser[m[K.transform.translation.z = 0.1;
[1.838s]       |         [01;31m[K^~~~~~~~~~~~~[m[K
[1.838s] [01m[K/home/catia/ros2_ws/src/navigation_/src/tf_node.cpp:55:9:[m[K [01;31m[Kerror: [m[Kâ€˜[01m[Kq[m[Kâ€™ does not name a type
[1.838s]    55 |         [01;31m[Kq[m[K.setRPY(0, 0, 0);  // Assumendo nessuna rotazione tra base_link e laser
[1.838s]       |         [01;31m[K^[m[K
[1.841s] [01m[K/home/catia/ros2_ws/src/navigation_/src/tf_node.cpp:56:9:[m[K [01;31m[Kerror: [m[Kâ€˜[01m[Kbase_to_laser[m[Kâ€™ does not name a type
[1.841s]    56 |         [01;31m[Kbase_to_laser[m[K.transform.rotation.x = q.x();
[1.841s]       |         [01;31m[K^~~~~~~~~~~~~[m[K
[1.843s] [01m[K/home/catia/ros2_ws/src/navigation_/src/tf_node.cpp:57:9:[m[K [01;31m[Kerror: [m[Kâ€˜[01m[Kbase_to_laser[m[Kâ€™ does not name a type
[1.843s]    57 |         [01;31m[Kbase_to_laser[m[K.transform.rotation.y = q.y();
[1.843s]       |         [01;31m[K^~~~~~~~~~~~~[m[K
[1.845s] [01m[K/home/catia/ros2_ws/src/navigation_/src/tf_node.cpp:58:9:[m[K [01;31m[Kerror: [m[Kâ€˜[01m[Kbase_to_laser[m[Kâ€™ does not name a type
[1.845s]    58 |         [01;31m[Kbase_to_laser[m[K.transform.rotation.z = q.z();
[1.846s]       |         [01;31m[K^~~~~~~~~~~~~[m[K
[1.848s] [01m[K/home/catia/ros2_ws/src/navigation_/src/tf_node.cpp:59:9:[m[K [01;31m[Kerror: [m[Kâ€˜[01m[Kbase_to_laser[m[Kâ€™ does not name a type
[1.848s]    59 |         [01;31m[Kbase_to_laser[m[K.transform.rotation.w = q.w();
[1.848s]       |         [01;31m[K^~~~~~~~~~~~~[m[K
[1.849s] [01m[K/home/catia/ros2_ws/src/navigation_/src/tf_node.cpp:61:9:[m[K [01;31m[Kerror: [m[Kâ€˜[01m[Kbroadcaster_[m[Kâ€™ does not name a type
[1.850s]    61 |         [01;31m[Kbroadcaster_[m[K->sendTransform(base_to_laser);
[1.850s]       |         [01;31m[K^~~~~~~~~~~~[m[K
[1.850s] [01m[K/home/catia/ros2_ws/src/navigation_/src/tf_node.cpp:62:6:[m[K [01;31m[Kerror: [m[Kexpected â€˜[01m[K;[m[Kâ€™ after class definition
[1.850s]    62 |     }[01;31m[K"[m[K
[1.850s]       |      [01;31m[K^[m[K
[1.850s]       |      [32m[K;[m[K
[1.857s] [01m[K/home/catia/ros2_ws/src/navigation_/src/tf_node.cpp:[m[K In constructor â€˜[01m[KTransformBroadcasterNode::TransformBroadcasterNode()[m[Kâ€™:
[1.857s] [01m[K/home/catia/ros2_ws/src/navigation_/src/tf_node.cpp:10:9:[m[K [01;31m[Kerror: [m[Kâ€˜[01m[Kbroadcaster_[m[Kâ€™ was not declared in this scope
[1.857s]    10 |         [01;31m[Kbroadcaster_[m[K = std::make_shared<tf2_ros::TransformBroadcaster>(this);
[1.857s]       |         [01;31m[K^~~~~~~~~~~~[m[K
[1.865s] [01m[K/home/catia/ros2_ws/src/navigation_/src/tf_node.cpp:13:9:[m[K [01;31m[Kerror: [m[Kâ€˜[01m[Kodom_subscriber_[m[Kâ€™ was not declared in this scope; did you mean â€˜[01m[Kcount_subscribers[m[Kâ€™?
[1.865s]    13 |         [01;31m[Kodom_subscriber_[m[K = this->create_subscription<nav_msgs::msg::Odometry>(
[1.865s]       |         [01;31m[K^~~~~~~~~~~~~~~~[m[K
[1.865s]       |         [32m[Kcount_subscribers[m[K
[1.899s] [01m[K/home/catia/ros2_ws/src/navigation_/src/tf_node.cpp:17:13:[m[K [01;35m[Kwarning: [m[Kleft operand of comma operator has no effect [[01;35m[K]8;;https://gcc.gnu.org/onlinedocs/gcc/Warning-Options.html#index-Wunused-value-Wunused-value]8;;[m[K]
[1.899s]    17 |             [01;35m[K"/base_pub"[m[K, 10, std::bind(&TransformBroadcasterNode::base_callback, this, std::placeholders::_1));"
[1.899s]       |             [01;35m[K^~~~~~~~~~~[m[K
[1.899s] [01m[K/home/catia/ros2_ws/src/navigation_/src/tf_node.cpp:17:67:[m[K [01;31m[Kerror: [m[Kâ€˜[01m[Kbase_callback[m[Kâ€™ is not a member of â€˜[01m[KTransformBroadcasterNode[m[Kâ€™
[1.899s]    17 |             "/base_pub", 10, std::bind(&TransformBroadcasterNode::[01;31m[Kbase_callback[m[K, this, std::placeholders::_1));"
[1.899s]       |                                                                   [01;31m[K^~~~~~~~~~~~~[m[K
[1.904s] [01m[K/home/catia/ros2_ws/src/navigation_/src/tf_node.cpp:20:9:[m[K [01;31m[Kerror: [m[Kâ€˜[01m[Ktimer_[m[Kâ€™ was not declared in this scope; did you mean â€˜[01m[Ktimer_t[m[Kâ€™?
[1.904s]    20 |         [01;31m[Ktimer_[m[K = this->create_wall_timer(
[1.904s]       |         [01;31m[K^~~~~~[m[K
[1.904s]       |         [32m[Ktimer_t[m[K
[1.904s] [01m[K/home/catia/ros2_ws/src/navigation_/src/tf_node.cpp:22:50:[m[K [01;31m[Kerror: [m[Kâ€˜[01m[Kpublish_map_to_odom[m[Kâ€™ is not a member of â€˜[01m[KTransformBroadcasterNode[m[Kâ€™
[1.904s]    22 |             std::bind(&TransformBroadcasterNode::[01;31m[Kpublish_map_to_odom[m[K, this));
[1.904s]       |                                                  [01;31m[K^~~~~~~~~~~~~~~~~~~[m[K
[1.913s] [01m[K/home/catia/ros2_ws/src/navigation_/src/tf_node.cpp:24:9:[m[K [01;31m[Kerror: [m[Kâ€˜[01m[Kpublish_base_to_laser[m[Kâ€™ was not declared in this scope
[1.913s]    24 |         [01;31m[Kpublish_base_to_laser[m[K();
[1.913s]       |         [01;31m[K^~~~~~~~~~~~~~~~~~~~~[m[K
[1.922s] [01m[K/home/catia/ros2_ws/src/navigation_/src/tf_node.cpp:[m[K In member function â€˜[01m[Kvoid TransformBroadcasterNode::odom_callback(nav_msgs::msg::Odometry_<std::allocator<void> >::SharedPtr)[m[Kâ€™:
[1.922s] [01m[K/home/catia/ros2_ws/src/navigation_/src/tf_node.cpp:40:9:[m[K [01;31m[Kerror: [m[Kâ€˜[01m[Kbroadcaster_[m[Kâ€™ was not declared in this scope
[1.922s]    40 |         [01;31m[Kbroadcaster_[m[K->sendTransform(odom_to_base);
[1.922s]       |         [01;31m[K^~~~~~~~~~~~[m[K
[1.922s] [01m[K/home/catia/ros2_ws/src/navigation_/src/tf_node.cpp:[m[K In function â€˜[01m[Kvoid publish_map_to_odom()[m[Kâ€™:
[1.922s] [01m[K/home/catia/ros2_ws/src/navigation_/src/tf_node.cpp:67:36:[m[K [01;31m[Kerror: [m[Kinvalid use of â€˜[01m[Kthis[m[Kâ€™ in non-member function
[1.922s]    67 |         map_to_odom.header.stamp = [01;31m[Kthis[m[K->get_clock()->now();
[1.922s]       |                                    [01;31m[K^~~~[m[K
[1.926s] [01m[K/home/catia/ros2_ws/src/navigation_/src/tf_node.cpp:82:9:[m[K [01;31m[Kerror: [m[Kâ€˜[01m[Kbroadcaster_[m[Kâ€™ was not declared in this scope
[1.926s]    82 |         [01;31m[Kbroadcaster_[m[K->sendTransform(map_to_odom);
[1.926s]       |         [01;31m[K^~~~~~~~~~~~[m[K
[1.926s] [01m[K/home/catia/ros2_ws/src/navigation_/src/tf_node.cpp:[m[K In function â€˜[01m[Kvoid publish_base_to_laser()[m[Kâ€™:
[1.926s] [01m[K/home/catia/ros2_ws/src/navigation_/src/tf_node.cpp:88:38:[m[K [01;31m[Kerror: [m[Kinvalid use of â€˜[01m[Kthis[m[Kâ€™ in non-member function
[1.926s]    88 |         base_to_laser.header.stamp = [01;31m[Kthis[m[K->get_clock()->now();
[1.927s]       |                                      [01;31m[K^~~~[m[K
[1.931s] [01m[K/home/catia/ros2_ws/src/navigation_/src/tf_node.cpp:103:9:[m[K [01;31m[Kerror: [m[Kâ€˜[01m[Kbroadcaster_[m[Kâ€™ was not declared in this scope
[1.931s]   103 |         [01;31m[Kbroadcaster_[m[K->sendTransform(base_to_laser);
[1.931s]       |         [01;31m[K^~~~~~~~~~~~[m[K
[1.931s] [01m[K/home/catia/ros2_ws/src/navigation_/src/tf_node.cpp:[m[K In function â€˜[01m[Kvoid publish_odom_to_base()[m[Kâ€™:
[1.931s] [01m[K/home/catia/ros2_ws/src/navigation_/src/tf_node.cpp:107:37:[m[K [01;31m[Kerror: [m[Kinvalid use of â€˜[01m[Kthis[m[Kâ€™ in non-member function
[1.931s]   107 |         odom_to_base.header.stamp = [01;31m[Kthis[m[K->get_clock()->now();
[1.931s]       |                                     [01;31m[K^~~~[m[K
[1.934s] [01m[K/home/catia/ros2_ws/src/navigation_/src/tf_node.cpp:112:48:[m[K [01;31m[Kerror: [m[Kâ€˜[01m[Kx_[m[Kâ€™ was not declared in this scope
[1.934s]   112 |         odom_to_base.transform.translation.x = [01;31m[Kx_[m[K;
[1.934s]       |                                                [01;31m[K^~[m[K
[1.936s] [01m[K/home/catia/ros2_ws/src/navigation_/src/tf_node.cpp:113:48:[m[K [01;31m[Kerror: [m[Kâ€˜[01m[Ky_[m[Kâ€™ was not declared in this scope; did you mean â€˜[01m[Kyn[m[Kâ€™?
[1.937s]   113 |         odom_to_base.transform.translation.y = [01;31m[Ky_[m[K;
[1.937s]       |                                                [01;31m[K^~[m[K
[1.937s]       |                                                [32m[Kyn[m[K
[1.940s] [01m[K/home/catia/ros2_ws/src/navigation_/src/tf_node.cpp:116:24:[m[K [01;31m[Kerror: [m[Kâ€˜[01m[Ktheta_[m[Kâ€™ was not declared in this scope
[1.940s]   116 |         q.setRPY(0, 0, [01;31m[Ktheta_[m[K);
[1.940s]       |                        [01;31m[K^~~~~~[m[K
[1.946s] [01m[K/home/catia/ros2_ws/src/navigation_/src/tf_node.cpp:122:9:[m[K [01;31m[Kerror: [m[Kâ€˜[01m[Ktransform_broadcaster_[m[Kâ€™ was not declared in this scope; did you mean â€˜[01m[KTransformBroadcasterNode[m[Kâ€™?
[1.946s]   122 |         [01;31m[Ktransform_broadcaster_[m[K->sendTransform(odom_to_base);
[1.946s]       |         [01;31m[K^~~~~~~~~~~~~~~~~~~~~~[m[K
[1.946s]       |         [32m[KTransformBroadcasterNode[m[K
[1.946s] [01m[K/home/catia/ros2_ws/src/navigation_/src/tf_node.cpp:[m[K At global scope:
[1.946s] [01m[K/home/catia/ros2_ws/src/navigation_/src/tf_node.cpp:129:1:[m[K [01;31m[Kerror: [m[Kexpected declaration before â€˜[01m[K}[m[Kâ€™ token
[1.946s]   129 | [01;31m[K}[m[K;
[1.946s]       | [01;31m[K^[m[K
[3.612s] gmake[2]: *** [CMakeFiles/tf_node.dir/build.make:76: CMakeFiles/tf_node.dir/src/tf_node.cpp.o] Error 1
[3.612s] gmake[1]: *** [CMakeFiles/Makefile2:221: CMakeFiles/tf_node.dir/all] Error 2
[3.612s] gmake: *** [Makefile:146: all] Error 2
[3.614s] Invoked command in '/home/catia/ros2_ws/build/navigation_' returned '2': CMAKE_PREFIX_PATH=${CMAKE_PREFIX_PATH}:/opt/ros/humble /usr/bin/cmake --build /home/catia/ros2_ws/build/navigation_ -- -j8 -l8
