[01m[K/home/catia/ros2_ws/src/navigation_/src/mobile_base.cpp:[m[K In constructor â€˜[01m[KMobileBasePublisher::MobileBasePublisher()[m[Kâ€™:
[01m[K/home/catia/ros2_ws/src/navigation_/src/mobile_base.cpp:25:69:[m[K [01;31m[Kerror: [m[Kclass â€˜[01m[KMobileBasePublisher[m[Kâ€™ does not have any field named â€˜[01m[Kright_wheel_est_vel[m[Kâ€™
   25 |     : Node("mobile_base_publisher"), x_(0.0), y_(0.0), theta_(0.0), [01;31m[Kright_wheel_est_vel[m[K(0.0), left_wheel_est_vel(0.0), wheel_separation(0.5)
      |                                                                     [01;31m[K^~~~~~~~~~~~~~~~~~~[m[K
[01m[K/home/catia/ros2_ws/src/navigation_/src/mobile_base.cpp:25:95:[m[K [01;31m[Kerror: [m[Kclass â€˜[01m[KMobileBasePublisher[m[Kâ€™ does not have any field named â€˜[01m[Kleft_wheel_est_vel[m[Kâ€™
   25 |     : Node("mobile_base_publisher"), x_(0.0), y_(0.0), theta_(0.0), right_wheel_est_vel(0.0), [01;31m[Kleft_wheel_est_vel[m[K(0.0), wheel_separation(0.5)
      |                                                                                               [01;31m[K^~~~~~~~~~~~~~~~~~[m[K
[01m[K/home/catia/ros2_ws/src/navigation_/src/mobile_base.cpp:25:120:[m[K [01;31m[Kerror: [m[Kclass â€˜[01m[KMobileBasePublisher[m[Kâ€™ does not have any field named â€˜[01m[Kwheel_separation[m[Kâ€™
   25 |     : Node("mobile_base_publisher"), x_(0.0), y_(0.0), theta_(0.0), right_wheel_est_vel(0.0), left_wheel_est_vel(0.0), [01;31m[Kwheel_separation[m[K(0.5)
      |                                                                                                                        [01;31m[K^~~~~~~~~~~~~~~~[m[K
[01m[K/home/catia/ros2_ws/src/navigation_/src/mobile_base.cpp:[m[K In member function â€˜[01m[Kvoid MobileBasePublisher::cmd_vel_callback(geometry_msgs::msg::Twist_<std::allocator<void> >::SharedPtr)[m[Kâ€™:
[01m[K/home/catia/ros2_ws/src/navigation_/src/mobile_base.cpp:41:9:[m[K [01;31m[Kerror: [m[Kâ€˜[01m[Klinear[m[Kâ€™ was not declared in this scope; did you mean â€˜[01m[Klinkat[m[Kâ€™?
   41 |         [01;31m[Klinear[m[K = msg->linear.x;
      |         [01;31m[K^~~~~~[m[K
      |         [32m[Klinkat[m[K
[01m[K/home/catia/ros2_ws/src/navigation_/src/mobile_base.cpp:42:9:[m[K [01;31m[Kerror: [m[Kâ€˜[01m[Kangular[m[Kâ€™ was not declared in this scope
   42 |         [01;31m[Kangular[m[K = msg->angular.z;
      |         [01;31m[K^~~~~~~[m[K
[01m[K/home/catia/ros2_ws/src/navigation_/src/mobile_base.cpp:[m[K In member function â€˜[01m[Kvoid MobileBasePublisher::base_callback()[m[Kâ€™:
[01m[K/home/catia/ros2_ws/src/navigation_/src/mobile_base.cpp:50:24:[m[K [01;31m[Kerror: [m[Kâ€˜[01m[Kright_wheel_est_vel[m[Kâ€™ was not declared in this scope
   50 |       double linear = ([01;31m[Kright_wheel_est_vel[m[K + left_wheel_est_vel) / 2.0;
      |                        [01;31m[K^~~~~~~~~~~~~~~~~~~[m[K
[01m[K/home/catia/ros2_ws/src/navigation_/src/mobile_base.cpp:50:46:[m[K [01;31m[Kerror: [m[Kâ€˜[01m[Kleft_wheel_est_vel[m[Kâ€™ was not declared in this scope
   50 |       double linear = (right_wheel_est_vel + [01;31m[Kleft_wheel_est_vel[m[K) / 2.0;
      |                                              [01;31m[K^~~~~~~~~~~~~~~~~~[m[K
[01m[K/home/catia/ros2_ws/src/navigation_/src/mobile_base.cpp:51:69:[m[K [01;31m[Kerror: [m[Kâ€˜[01m[Kwheel_separation[m[Kâ€™ was not declared in this scope
   51 |       double angular = (right_wheel_est_vel - left_wheel_est_vel) / [01;31m[Kwheel_separation[m[K;
      |                                                                     [01;31m[K^~~~~~~~~~~~~~~~[m[K
[01m[K/home/catia/ros2_ws/src/navigation_/src/mobile_base.cpp:54:37:[m[K [01;31m[Kerror: [m[Kâ€˜[01m[Kth[m[Kâ€™ was not declared in this scope; did you mean â€˜[01m[Ktm[m[Kâ€™?
   54 |       double delta_x = linear * cos([01;31m[Kth[m[K) * dt;
      |                                     [01;31m[K^~[m[K
      |                                     [32m[Ktm[m[K
gmake[2]: *** [CMakeFiles/mobile_base.dir/build.make:76: CMakeFiles/mobile_base.dir/src/mobile_base.cpp.o] Error 1
gmake[1]: *** [CMakeFiles/Makefile2:197: CMakeFiles/mobile_base.dir/all] Error 2
gmake: *** [Makefile:146: all] Error 2
