[0.011s] Invoking command in '/home/catia/ros2_ws/build/navigation_': CMAKE_PREFIX_PATH=${CMAKE_PREFIX_PATH}:/opt/ros/humble /usr/bin/cmake --build /home/catia/ros2_ws/build/navigation_ -- -j8 -l8
[0.045s] [35m[1mConsolidate compiler generated dependencies of target mobile_base[0m
[0.058s] [ 20%] Built target tf_node
[0.058s] [ 40%] Built target ipose
[0.060s] [ 60%] Built target laserScan_
[0.061s] [ 70%] [32mBuilding CXX object CMakeFiles/mobile_base.dir/src/mobile_base.cpp.o[0m
[0.061s] [ 90%] Built target pub_occupancy_grid
[1.955s] [01m[K/home/catia/ros2_ws/src/navigation_/src/mobile_base.cpp:[m[K In constructor â€˜[01m[KMobileBasePublisher::MobileBasePublisher()[m[Kâ€™:
[1.955s] [01m[K/home/catia/ros2_ws/src/navigation_/src/mobile_base.cpp:25:69:[m[K [01;31m[Kerror: [m[Kclass â€˜[01m[KMobileBasePublisher[m[Kâ€™ does not have any field named â€˜[01m[Kright_wheel_est_vel[m[Kâ€™
[1.955s]    25 |     : Node("mobile_base_publisher"), x_(0.0), y_(0.0), theta_(0.0), [01;31m[Kright_wheel_est_vel[m[K(0.0), left_wheel_est_vel(0.0), wheel_separation(0.5)
[1.955s]       |                                                                     [01;31m[K^~~~~~~~~~~~~~~~~~~[m[K
[1.955s] [01m[K/home/catia/ros2_ws/src/navigation_/src/mobile_base.cpp:25:95:[m[K [01;31m[Kerror: [m[Kclass â€˜[01m[KMobileBasePublisher[m[Kâ€™ does not have any field named â€˜[01m[Kleft_wheel_est_vel[m[Kâ€™
[1.955s]    25 |     : Node("mobile_base_publisher"), x_(0.0), y_(0.0), theta_(0.0), right_wheel_est_vel(0.0), [01;31m[Kleft_wheel_est_vel[m[K(0.0), wheel_separation(0.5)
[1.955s]       |                                                                                               [01;31m[K^~~~~~~~~~~~~~~~~~[m[K
[1.955s] [01m[K/home/catia/ros2_ws/src/navigation_/src/mobile_base.cpp:25:120:[m[K [01;31m[Kerror: [m[Kclass â€˜[01m[KMobileBasePublisher[m[Kâ€™ does not have any field named â€˜[01m[Kwheel_separation[m[Kâ€™
[1.955s]    25 |     : Node("mobile_base_publisher"), x_(0.0), y_(0.0), theta_(0.0), right_wheel_est_vel(0.0), left_wheel_est_vel(0.0), [01;31m[Kwheel_separation[m[K(0.5)
[1.955s]       |                                                                                                                        [01;31m[K^~~~~~~~~~~~~~~~[m[K
[1.976s] [01m[K/home/catia/ros2_ws/src/navigation_/src/mobile_base.cpp:[m[K In member function â€˜[01m[Kvoid MobileBasePublisher::cmd_vel_callback(geometry_msgs::msg::Twist_<std::allocator<void> >::SharedPtr)[m[Kâ€™:
[1.976s] [01m[K/home/catia/ros2_ws/src/navigation_/src/mobile_base.cpp:41:9:[m[K [01;31m[Kerror: [m[Kâ€˜[01m[Klinear[m[Kâ€™ was not declared in this scope; did you mean â€˜[01m[Klinkat[m[Kâ€™?
[1.976s]    41 |         [01;31m[Klinear[m[K = msg->linear.x;
[1.976s]       |         [01;31m[K^~~~~~[m[K
[1.977s]       |         [32m[Klinkat[m[K
[1.981s] [01m[K/home/catia/ros2_ws/src/navigation_/src/mobile_base.cpp:42:9:[m[K [01;31m[Kerror: [m[Kâ€˜[01m[Kangular[m[Kâ€™ was not declared in this scope
[1.981s]    42 |         [01;31m[Kangular[m[K = msg->angular.z;
[1.981s]       |         [01;31m[K^~~~~~~[m[K
[1.989s] [01m[K/home/catia/ros2_ws/src/navigation_/src/mobile_base.cpp:[m[K In member function â€˜[01m[Kvoid MobileBasePublisher::base_callback()[m[Kâ€™:
[1.989s] [01m[K/home/catia/ros2_ws/src/navigation_/src/mobile_base.cpp:50:24:[m[K [01;31m[Kerror: [m[Kâ€˜[01m[Kright_wheel_est_vel[m[Kâ€™ was not declared in this scope
[1.989s]    50 |       double linear = ([01;31m[Kright_wheel_est_vel[m[K + left_wheel_est_vel) / 2.0;
[1.989s]       |                        [01;31m[K^~~~~~~~~~~~~~~~~~~[m[K
[1.998s] [01m[K/home/catia/ros2_ws/src/navigation_/src/mobile_base.cpp:50:46:[m[K [01;31m[Kerror: [m[Kâ€˜[01m[Kleft_wheel_est_vel[m[Kâ€™ was not declared in this scope
[1.998s]    50 |       double linear = (right_wheel_est_vel + [01;31m[Kleft_wheel_est_vel[m[K) / 2.0;
[1.998s]       |                                              [01;31m[K^~~~~~~~~~~~~~~~~~[m[K
[2.005s] [01m[K/home/catia/ros2_ws/src/navigation_/src/mobile_base.cpp:51:69:[m[K [01;31m[Kerror: [m[Kâ€˜[01m[Kwheel_separation[m[Kâ€™ was not declared in this scope
[2.005s]    51 |       double angular = (right_wheel_est_vel - left_wheel_est_vel) / [01;31m[Kwheel_separation[m[K;
[2.006s]       |                                                                     [01;31m[K^~~~~~~~~~~~~~~~[m[K
[2.009s] [01m[K/home/catia/ros2_ws/src/navigation_/src/mobile_base.cpp:54:37:[m[K [01;31m[Kerror: [m[Kâ€˜[01m[Kth[m[Kâ€™ was not declared in this scope; did you mean â€˜[01m[Ktm[m[Kâ€™?
[2.009s]    54 |       double delta_x = linear * cos([01;31m[Kth[m[K) * dt;
[2.009s]       |                                     [01;31m[K^~[m[K
[2.009s]       |                                     [32m[Ktm[m[K
[4.003s] gmake[2]: *** [CMakeFiles/mobile_base.dir/build.make:76: CMakeFiles/mobile_base.dir/src/mobile_base.cpp.o] Error 1
[4.003s] gmake[1]: *** [CMakeFiles/Makefile2:197: CMakeFiles/mobile_base.dir/all] Error 2
[4.003s] gmake: *** [Makefile:146: all] Error 2
[4.005s] Invoked command in '/home/catia/ros2_ws/build/navigation_' returned '2': CMAKE_PREFIX_PATH=${CMAKE_PREFIX_PATH}:/opt/ros/humble /usr/bin/cmake --build /home/catia/ros2_ws/build/navigation_ -- -j8 -l8
