[0.000000] (-) TimerEvent: {}
[0.001191] (navigation_) JobQueued: {'identifier': 'navigation_', 'dependencies': OrderedDict()}
[0.001223] (navigation_) JobStarted: {'identifier': 'navigation_'}
[0.009430] (navigation_) JobProgress: {'identifier': 'navigation_', 'progress': 'cmake'}
[0.010955] (navigation_) JobProgress: {'identifier': 'navigation_', 'progress': 'build'}
[0.011010] (navigation_) Command: {'cmd': ['/usr/bin/cmake', '--build', '/home/catia/ros2_ws/build/navigation_', '--', '-j8', '-l8'], 'cwd': '/home/catia/ros2_ws/build/navigation_', 'env': OrderedDict([('USER', 'catia'), ('LC_TIME', 'it_IT.UTF-8'), ('XDG_SESSION_TYPE', 'wayland'), ('SHLVL', '1'), ('LD_LIBRARY_PATH', '/usr/lib/x86_64-linux-gnu/gazebo-11/plugins:/opt/ros/humble/opt/rviz_ogre_vendor/lib:/opt/ros/humble/lib/x86_64-linux-gnu:/opt/ros/humble/lib'), ('HOME', '/home/catia'), ('OLDPWD', '/home/catia'), ('DESKTOP_SESSION', 'ubuntu'), ('ROS_PYTHON_VERSION', '3'), ('GNOME_SHELL_SESSION_MODE', 'ubuntu'), ('GTK_MODULES', 'gail:atk-bridge'), ('LC_MONETARY', 'it_IT.UTF-8'), ('SYSTEMD_EXEC_PID', '1684'), ('DBUS_SESSION_BUS_ADDRESS', 'unix:path=/run/user/1000/bus'), ('COLORTERM', 'truecolor'), ('IM_CONFIG_PHASE', '1'), ('WAYLAND_DISPLAY', 'wayland-0'), ('COLCON_PREFIX_PATH', '/home/catia/ros2_ws/install'), ('ROS_DISTRO', 'humble'), ('LOGNAME', 'catia'), ('_', '/usr/bin/colcon'), ('ROS_VERSION', '2'), ('XDG_SESSION_CLASS', 'user'), ('USERNAME', 'catia'), ('TERM', 'xterm-256color'), ('GNOME_DESKTOP_SESSION_ID', 'this-is-deprecated'), ('ROS_LOCALHOST_ONLY', '0'), ('PATH', '/opt/ros/humble/bin:/usr/local/sbin:/usr/local/bin:/usr/sbin:/usr/bin:/sbin:/bin:/usr/games:/usr/local/games:/snap/bin:/snap/bin'), ('SESSION_MANAGER', 'local/cat:@/tmp/.ICE-unix/1487,unix/cat:/tmp/.ICE-unix/1487'), ('XDG_MENU_PREFIX', 'gnome-'), ('LC_ADDRESS', 'it_IT.UTF-8'), ('GNOME_TERMINAL_SCREEN', '/org/gnome/Terminal/screen/211fe7c7_07ac_4e82_b848_761d0f72de75'), ('GNOME_SETUP_DISPLAY', ':1'), ('XDG_RUNTIME_DIR', '/run/user/1000'), ('DISPLAY', ':0'), ('LANG', 'en_US.UTF-8'), ('XDG_CURRENT_DESKTOP', 'ubuntu:GNOME'), ('LC_TELEPHONE', 'it_IT.UTF-8'), ('XMODIFIERS', '@im=ibus'), ('XDG_SESSION_DESKTOP', 'ubuntu'), ('XAUTHORITY', '/run/user/1000/.mutter-Xwaylandauth.7YD5T2'), ('GNOME_TERMINAL_SERVICE', ':1.110'), ('SSH_AGENT_LAUNCHER', 'gnome-keyring'), ('SSH_AUTH_SOCK', '/run/user/1000/keyring/ssh'), ('AMENT_PREFIX_PATH', '/home/catia/ros2_ws/install/nodes:/home/catia/ros2_ws/install/navigation_:/opt/ros/humble'), ('SHELL', '/bin/bash'), ('LC_NAME', 'it_IT.UTF-8'), ('QT_ACCESSIBILITY', '1'), ('GDMSESSION', 'ubuntu'), ('LC_MEASUREMENT', 'it_IT.UTF-8'), ('LC_IDENTIFICATION', 'it_IT.UTF-8'), ('QT_IM_MODULE', 'ibus'), ('PWD', '/home/catia/ros2_ws/build/navigation_'), ('TURTLEBOT3_MODEL', 'waffle'), ('LC_ALL', 'en_US.UTF-8'), ('XDG_CONFIG_DIRS', '/etc/xdg/xdg-ubuntu:/etc/xdg'), ('XDG_DATA_DIRS', '/usr/share/ubuntu:/usr/local/share/:/usr/share/:/var/lib/snapd/desktop'), ('PYTHONPATH', '/opt/ros/humble/lib/python3.10/site-packages:/opt/ros/humble/local/lib/python3.10/dist-packages'), ('LC_NUMERIC', 'it_IT.UTF-8'), ('LC_PAPER', 'it_IT.UTF-8'), ('COLCON', '1'), ('VTE_VERSION', '6800'), ('CMAKE_PREFIX_PATH', '/home/catia/ros2_ws/install/nodes:/home/catia/ros2_ws/install/navigation_:/opt/ros/humble')]), 'shell': False}
[0.099739] (-) TimerEvent: {}
[0.113390] (navigation_) StdoutLine: {'line': b'[ 75%] Built target laserScan_\n'}
[0.113604] (navigation_) StdoutLine: {'line': b'[ 75%] Built target pub_occupancy_grid\n'}
[0.113704] (navigation_) StdoutLine: {'line': b'[ 75%] Built target tf_node\n'}
[0.114015] (navigation_) StdoutLine: {'line': b'[ 87%] \x1b[32mBuilding CXX object CMakeFiles/mobile_base.dir/src/mobile_base.cpp.o\x1b[0m\n'}
[0.199895] (-) TimerEvent: {}
[0.300157] (-) TimerEvent: {}
[0.400526] (-) TimerEvent: {}
[0.500851] (-) TimerEvent: {}
[0.601164] (-) TimerEvent: {}
[0.701509] (-) TimerEvent: {}
[0.801847] (-) TimerEvent: {}
[0.902192] (-) TimerEvent: {}
[1.002533] (-) TimerEvent: {}
[1.102873] (-) TimerEvent: {}
[1.203214] (-) TimerEvent: {}
[1.303547] (-) TimerEvent: {}
[1.403891] (-) TimerEvent: {}
[1.504206] (-) TimerEvent: {}
[1.604534] (-) TimerEvent: {}
[1.704864] (-) TimerEvent: {}
[1.805222] (-) TimerEvent: {}
[1.905564] (-) TimerEvent: {}
[2.005900] (-) TimerEvent: {}
[2.106247] (-) TimerEvent: {}
[2.137758] (navigation_) StderrLine: {'line': b'\x1b[01m\x1b[K/home/catia/ros2_ws/src/navigation_/src/mobile_base.cpp:\x1b[m\x1b[K In member function \xe2\x80\x98\x1b[01m\x1b[Kvoid MobileBasePublisher::base_callback()\x1b[m\x1b[K\xe2\x80\x99:\n'}
[2.137952] (navigation_) StderrLine: {'line': b'\x1b[01m\x1b[K/home/catia/ros2_ws/src/navigation_/src/mobile_base.cpp:89:7:\x1b[m\x1b[K \x1b[01;31m\x1b[Kerror: \x1b[m\x1b[K\xe2\x80\x98\x1b[01m\x1b[Ktf_broadcaster_\x1b[m\x1b[K\xe2\x80\x99 was not declared in this scope; did you mean \xe2\x80\x98\x1b[01m\x1b[Kbroadcaster_\x1b[m\x1b[K\xe2\x80\x99?\n'}
[2.138013] (navigation_) StderrLine: {'line': b'   89 |       \x1b[01;31m\x1b[Ktf_broadcaster_\x1b[m\x1b[K->sendTransform(transform_stamped);\n'}
[2.138063] (navigation_) StderrLine: {'line': b'      |       \x1b[01;31m\x1b[K^~~~~~~~~~~~~~~\x1b[m\x1b[K\n'}
[2.138111] (navigation_) StderrLine: {'line': b'      |       \x1b[32m\x1b[Kbroadcaster_\x1b[m\x1b[K\n'}
[2.206402] (-) TimerEvent: {}
[2.306733] (-) TimerEvent: {}
[2.407074] (-) TimerEvent: {}
[2.507413] (-) TimerEvent: {}
[2.607782] (-) TimerEvent: {}
[2.708104] (-) TimerEvent: {}
[2.808499] (-) TimerEvent: {}
[2.908814] (-) TimerEvent: {}
[3.009145] (-) TimerEvent: {}
[3.109479] (-) TimerEvent: {}
[3.209818] (-) TimerEvent: {}
[3.310176] (-) TimerEvent: {}
[3.410511] (-) TimerEvent: {}
[3.510862] (-) TimerEvent: {}
[3.611206] (-) TimerEvent: {}
[3.711550] (-) TimerEvent: {}
[3.811885] (-) TimerEvent: {}
[3.912244] (-) TimerEvent: {}
[4.012533] (-) TimerEvent: {}
[4.112867] (-) TimerEvent: {}
[4.133468] (navigation_) StderrLine: {'line': b'gmake[2]: *** [CMakeFiles/mobile_base.dir/build.make:76: CMakeFiles/mobile_base.dir/src/mobile_base.cpp.o] Error 1\n'}
[4.133856] (navigation_) StderrLine: {'line': b'gmake[1]: *** [CMakeFiles/Makefile2:195: CMakeFiles/mobile_base.dir/all] Error 2\n'}
[4.134035] (navigation_) StderrLine: {'line': b'gmake: *** [Makefile:146: all] Error 2\n'}
[4.135590] (navigation_) CommandEnded: {'returncode': 2}
[4.173854] (navigation_) JobEnded: {'identifier': 'navigation_', 'rc': 2}
[4.184931] (-) EventReactorShutdown: {}
