[ 75%] Built target laserScan_
[ 75%] Built target pub_occupancy_grid
[ 75%] Built target tf_node
[ 87%] [32mBuilding CXX object CMakeFiles/mobile_base.dir/src/mobile_base.cpp.o[0m
[01m[K/home/catia/ros2_ws/src/navigation_/src/mobile_base.cpp:[m[K In member function â€˜[01m[Kvoid MobileBasePublisher::base_callback()[m[Kâ€™:
[01m[K/home/catia/ros2_ws/src/navigation_/src/mobile_base.cpp:89:7:[m[K [01;31m[Kerror: [m[Kâ€˜[01m[Ktf_broadcaster_[m[Kâ€™ was not declared in this scope; did you mean â€˜[01m[Kbroadcaster_[m[Kâ€™?
   89 |       [01;31m[Ktf_broadcaster_[m[K->sendTransform(transform_stamped);
      |       [01;31m[K^~~~~~~~~~~~~~~[m[K
      |       [32m[Kbroadcaster_[m[K
gmake[2]: *** [CMakeFiles/mobile_base.dir/build.make:76: CMakeFiles/mobile_base.dir/src/mobile_base.cpp.o] Error 1
gmake[1]: *** [CMakeFiles/Makefile2:195: CMakeFiles/mobile_base.dir/all] Error 2
gmake: *** [Makefile:146: all] Error 2
