[0.012s] Invoking command in '/home/catia/ros2_ws/build/navigation_': CMAKE_PREFIX_PATH=${CMAKE_PREFIX_PATH}:/opt/ros/humble /usr/bin/cmake --build /home/catia/ros2_ws/build/navigation_ -- -j8 -l8
[0.112s] [ 75%] Built target laserScan_
[0.112s] [ 75%] Built target pub_occupancy_grid
[0.113s] [ 75%] Built target tf_node
[0.113s] [ 87%] [32mBuilding CXX object CMakeFiles/mobile_base.dir/src/mobile_base.cpp.o[0m
[2.137s] [01m[K/home/catia/ros2_ws/src/navigation_/src/mobile_base.cpp:[m[K In member function â€˜[01m[Kvoid MobileBasePublisher::base_callback()[m[Kâ€™:
[2.137s] [01m[K/home/catia/ros2_ws/src/navigation_/src/mobile_base.cpp:89:7:[m[K [01;31m[Kerror: [m[Kâ€˜[01m[Ktf_broadcaster_[m[Kâ€™ was not declared in this scope; did you mean â€˜[01m[Kbroadcaster_[m[Kâ€™?
[2.137s]    89 |       [01;31m[Ktf_broadcaster_[m[K->sendTransform(transform_stamped);
[2.137s]       |       [01;31m[K^~~~~~~~~~~~~~~[m[K
[2.137s]       |       [32m[Kbroadcaster_[m[K
[4.132s] gmake[2]: *** [CMakeFiles/mobile_base.dir/build.make:76: CMakeFiles/mobile_base.dir/src/mobile_base.cpp.o] Error 1
[4.133s] gmake[1]: *** [CMakeFiles/Makefile2:195: CMakeFiles/mobile_base.dir/all] Error 2
[4.133s] gmake: *** [Makefile:146: all] Error 2
[4.135s] Invoked command in '/home/catia/ros2_ws/build/navigation_' returned '2': CMAKE_PREFIX_PATH=${CMAKE_PREFIX_PATH}:/opt/ros/humble /usr/bin/cmake --build /home/catia/ros2_ws/build/navigation_ -- -j8 -l8
