[0.010s] Invoking command in '/home/catia/ros2_ws/build/nodes': CMAKE_PREFIX_PATH=${CMAKE_PREFIX_PATH}:/opt/ros/humble /usr/bin/cmake --build /home/catia/ros2_ws/build/nodes -- -j8 -l8
[0.045s] [35m[1mConsolidate compiler generated dependencies of target laser_pub[0m
[0.055s] [ 66%] Built target sub_node
[0.055s] [ 66%] Built target pub_node
[0.059s] [ 83%] [32mBuilding CXX object CMakeFiles/laser_pub.dir/src/laser_publisher.cpp.o[0m
[1.812s] [01m[K/home/catia/ros2_ws/src/nodes/src/laser_publisher.cpp:[m[K In constructor â€˜[01m[KLaserPublisher::LaserPublisher()[m[Kâ€™:
[1.812s] [01m[K/home/catia/ros2_ws/src/nodes/src/laser_publisher.cpp:17:5:[m[K [01;31m[Kerror: [m[Kno matching function for call to â€˜[01m[Krclcpp::Node::Node()[m[Kâ€™
[1.812s]    17 |     [01;31m[K{[m[K
[1.812s]       |     [01;31m[K^[m[K
[1.812s] In file included from [01m[K/opt/ros/humble/include/rclcpp/rclcpp/executors/single_threaded_executor.hpp:28[m[K,
[1.812s]                  from [01m[K/opt/ros/humble/include/rclcpp/rclcpp/executors.hpp:22[m[K,
[1.812s]                  from [01m[K/opt/ros/humble/include/rclcpp/rclcpp/rclcpp.hpp:155[m[K,
[1.812s]                  from [01m[K/home/catia/ros2_ws/src/nodes/src/laser_publisher.cpp:6[m[K:
[1.812s] [01m[K/opt/ros/humble/include/rclcpp/rclcpp/node.hpp:1294:3:[m[K [01;36m[Knote: [m[Kcandidate: â€˜[01m[Krclcpp::Node::Node(const rclcpp::Node&, const string&)[m[Kâ€™
[1.812s]  1294 |   [01;36m[KNode[m[K(
[1.813s]       |   [01;36m[K^~~~[m[K
[1.813s] [01m[K/opt/ros/humble/include/rclcpp/rclcpp/node.hpp:1294:3:[m[K [01;36m[Knote: [m[K  candidate expects 2 arguments, 0 provided
[1.813s] [01m[K/opt/ros/humble/include/rclcpp/rclcpp/node.hpp:101:12:[m[K [01;36m[Knote: [m[Kcandidate: â€˜[01m[Krclcpp::Node::Node(const string&, const string&, const rclcpp::NodeOptions&)[m[Kâ€™
[1.813s]   101 |   explicit [01;36m[KNode[m[K(
[1.813s]       |            [01;36m[K^~~~[m[K
[1.813s] [01m[K/opt/ros/humble/include/rclcpp/rclcpp/node.hpp:101:12:[m[K [01;36m[Knote: [m[K  candidate expects 3 arguments, 0 provided
[1.813s] [01m[K/opt/ros/humble/include/rclcpp/rclcpp/node.hpp:89:12:[m[K [01;36m[Knote: [m[Kcandidate: â€˜[01m[Krclcpp::Node::Node(const string&, const rclcpp::NodeOptions&)[m[Kâ€™
[1.813s]    89 |   explicit [01;36m[KNode[m[K(
[1.813s]       |            [01;36m[K^~~~[m[K
[1.813s] [01m[K/opt/ros/humble/include/rclcpp/rclcpp/node.hpp:89:12:[m[K [01;36m[Knote: [m[K  candidate expects 2 arguments, 0 provided
[2.469s] gmake[2]: *** [CMakeFiles/laser_pub.dir/build.make:76: CMakeFiles/laser_pub.dir/src/laser_publisher.cpp.o] Error 1
[2.469s] gmake[1]: *** [CMakeFiles/Makefile2:193: CMakeFiles/laser_pub.dir/all] Error 2
[2.469s] gmake: *** [Makefile:146: all] Error 2
[2.471s] Invoked command in '/home/catia/ros2_ws/build/nodes' returned '2': CMAKE_PREFIX_PATH=${CMAKE_PREFIX_PATH}:/opt/ros/humble /usr/bin/cmake --build /home/catia/ros2_ws/build/nodes -- -j8 -l8
