[0.010s] Invoking command in '/home/catia/ros2_ws/build/nodes': CMAKE_PREFIX_PATH=${CMAKE_PREFIX_PATH}:/opt/ros/humble /usr/bin/cmake --build /home/catia/ros2_ws/build/nodes -- -j8 -l8
[0.045s] [35m[1mConsolidate compiler generated dependencies of target laser_pub[0m
[0.056s] [ 66%] Built target sub_node
[0.056s] [ 66%] Built target pub_node
[0.062s] [ 83%] [32mBuilding CXX object CMakeFiles/laser_pub.dir/src/laser_publisher.cpp.o[0m
[1.814s] [01m[K/home/catia/ros2_ws/src/nodes/src/laser_publisher.cpp:[m[K In constructor â€˜[01m[KLaserPublisher::LaserPublisher()[m[Kâ€™:
[1.814s] [01m[K/home/catia/ros2_ws/src/nodes/src/laser_publisher.cpp:18:5:[m[K [01;31m[Kerror: [m[Kexpected identifier before â€˜[01m[K{[m[Kâ€™ token
[1.815s]    18 |     [01;31m[K{[m[K
[1.815s]       |     [01;31m[K^[m[K
[1.817s] [01m[K/home/catia/ros2_ws/src/nodes/src/laser_publisher.cpp:20:63:[m[K [01;31m[Kerror: [m[Kâ€˜[01m[KMinimalPublisher[m[Kâ€™ has not been declared
[1.817s]    20 |       laser_timer = this->create_wall_timer(500ms, std::bind(&[01;31m[KMinimalPublisher[m[K::laser_callback,this));
[1.817s]       |                                                               [01;31m[K^~~~~~~~~~~~~~~~[m[K
[2.350s] gmake[2]: *** [CMakeFiles/laser_pub.dir/build.make:76: CMakeFiles/laser_pub.dir/src/laser_publisher.cpp.o] Error 1
[2.350s] gmake[1]: *** [CMakeFiles/Makefile2:193: CMakeFiles/laser_pub.dir/all] Error 2
[2.350s] gmake: *** [Makefile:146: all] Error 2
[2.352s] Invoked command in '/home/catia/ros2_ws/build/nodes' returned '2': CMAKE_PREFIX_PATH=${CMAKE_PREFIX_PATH}:/opt/ros/humble /usr/bin/cmake --build /home/catia/ros2_ws/build/nodes -- -j8 -l8
