[01m[K/home/catia/ros2_ws/src/navigation_/src/mobile_base.cpp:[m[K In member function â€˜[01m[Kvoid MobileBasePublisher::publish_marker()[m[Kâ€™:
[01m[K/home/catia/ros2_ws/src/navigation_/src/mobile_base.cpp:103:29:[m[K [01;31m[Kerror: [m[Kâ€˜[01m[Kcurrent_time[m[Kâ€™ was not declared in this scope
  103 |       marker.header.stamp = [01;31m[Kcurrent_time[m[K;
      |                             [01;31m[K^~~~~~~~~~~~[m[K
gmake[2]: *** [CMakeFiles/mobile_base.dir/build.make:76: CMakeFiles/mobile_base.dir/src/mobile_base.cpp.o] Error 1
gmake[1]: *** [CMakeFiles/Makefile2:197: CMakeFiles/mobile_base.dir/all] Error 2
gmake: *** [Makefile:146: all] Error 2
