[0.012s] Invoking command in '/home/catia/ros2_ws/build/navigation_': CMAKE_PREFIX_PATH=${CMAKE_PREFIX_PATH}:/opt/ros/humble /usr/bin/cmake --build /home/catia/ros2_ws/build/navigation_ -- -j8 -l8
[0.046s] [35m[1mConsolidate compiler generated dependencies of target mobile_base[0m
[0.055s] [ 20%] Built target pub_occupancy_grid
[0.055s] [ 40%] Built target ipose
[0.060s] [ 60%] Built target laserScan_
[0.060s] [ 80%] Built target tf_node
[0.065s] [ 90%] [32mBuilding CXX object CMakeFiles/mobile_base.dir/src/mobile_base.cpp.o[0m
[1.885s] [01m[K/home/catia/ros2_ws/src/navigation_/src/mobile_base.cpp:[m[K In member function â€˜[01m[Kvoid MobileBasePublisher::publish_marker()[m[Kâ€™:
[1.885s] [01m[K/home/catia/ros2_ws/src/navigation_/src/mobile_base.cpp:103:29:[m[K [01;31m[Kerror: [m[Kâ€˜[01m[Kcurrent_time[m[Kâ€™ was not declared in this scope
[1.885s]   103 |       marker.header.stamp = [01;31m[Kcurrent_time[m[K;
[1.885s]       |                             [01;31m[K^~~~~~~~~~~~[m[K
[3.852s] gmake[2]: *** [CMakeFiles/mobile_base.dir/build.make:76: CMakeFiles/mobile_base.dir/src/mobile_base.cpp.o] Error 1
[3.852s] gmake[1]: *** [CMakeFiles/Makefile2:197: CMakeFiles/mobile_base.dir/all] Error 2
[3.852s] gmake: *** [Makefile:146: all] Error 2
[3.854s] Invoked command in '/home/catia/ros2_ws/build/navigation_' returned '2': CMAKE_PREFIX_PATH=${CMAKE_PREFIX_PATH}:/opt/ros/humble /usr/bin/cmake --build /home/catia/ros2_ws/build/navigation_ -- -j8 -l8
