[01m[K/home/catia/ros2_ws/src/navigation_/src/pub_occupancy_grid.cpp:[m[K In member function â€˜[01m[Kvoid OccupancyGrid_Publisher::og_callback()[m[Kâ€™:
[01m[K/home/catia/ros2_ws/src/navigation_/src/pub_occupancy_grid.cpp:58:7:[m[K [01;31m[Kerror: [m[Kâ€˜[01m[Kpublish_tf[m[Kâ€™ was not declared in this scope
   58 |       [01;31m[Kpublish_tf[m[K();
      |       [01;31m[K^~~~~~~~~~[m[K
[01m[K/home/catia/ros2_ws/src/navigation_/src/pub_occupancy_grid.cpp:61:5:[m[K [01;31m[Kerror: [m[Ka function-definition is not allowed here before â€˜[01m[K{[m[Kâ€™ token
   61 |     [01;31m[K{[m[K
      |     [01;31m[K^[m[K
gmake[2]: *** [CMakeFiles/pub_occupancy_grid.dir/build.make:76: CMakeFiles/pub_occupancy_grid.dir/src/pub_occupancy_grid.cpp.o] Error 1
gmake[1]: *** [CMakeFiles/Makefile2:141: CMakeFiles/pub_occupancy_grid.dir/all] Error 2
gmake: *** [Makefile:146: all] Error 2
