[0.012s] Invoking command in '/home/catia/ros2_ws/build/navigation_': CMAKE_PREFIX_PATH=${CMAKE_PREFIX_PATH}:/opt/ros/humble /usr/bin/cmake --build /home/catia/ros2_ws/build/navigation_ -- -j8 -l8
[0.031s] -- Found ament_cmake: 1.3.9 (/opt/ros/humble/share/ament_cmake/cmake)
[0.134s] -- Found rclcpp: 16.0.9 (/opt/ros/humble/share/rclcpp/cmake)
[0.156s] -- Found rosidl_generator_c: 3.1.5 (/opt/ros/humble/share/rosidl_generator_c/cmake)
[0.158s] -- Found rosidl_adapter: 3.1.5 (/opt/ros/humble/share/rosidl_adapter/cmake)
[0.163s] -- Found rosidl_generator_cpp: 3.1.5 (/opt/ros/humble/share/rosidl_generator_cpp/cmake)
[0.171s] -- Using all available rosidl_typesupport_c: rosidl_typesupport_fastrtps_c;rosidl_typesupport_introspection_c
[0.183s] -- Using all available rosidl_typesupport_cpp: rosidl_typesupport_fastrtps_cpp;rosidl_typesupport_introspection_cpp
[0.225s] -- Found rmw_implementation_cmake: 6.1.2 (/opt/ros/humble/share/rmw_implementation_cmake/cmake)
[0.226s] -- Found rmw_fastrtps_cpp: 6.2.6 (/opt/ros/humble/share/rmw_fastrtps_cpp/cmake)
[0.317s] -- Using RMW implementation 'rmw_fastrtps_cpp' as default
[0.436s] -- Found nav_msgs: 4.2.4 (/opt/ros/humble/share/nav_msgs/cmake)
[0.527s] -- Found sensor_msgs: 4.2.4 (/opt/ros/humble/share/sensor_msgs/cmake)
[0.589s] -- Found tf2: 0.25.7 (/opt/ros/humble/share/tf2/cmake)
[0.595s] -- Found tf2_ros: 0.25.7 (/opt/ros/humble/share/tf2_ros/cmake)
[0.841s] -- Found ament_lint_auto: 0.12.11 (/opt/ros/humble/share/ament_lint_auto/cmake)
[0.895s] -- Added test 'cppcheck' to perform static code analysis on C / C++ code
[0.895s] -- Configured cppcheck include dirs: 
[0.895s] -- Configured cppcheck exclude dirs and/or files: 
[0.896s] -- Added test 'lint_cmake' to check CMake code style
[0.898s] -- Added test 'uncrustify' to check C / C++ code style
[0.898s] -- Configured uncrustify additional arguments: 
[0.898s] -- Added test 'xmllint' to check XML markup files
[0.899s] -- Configuring done
[0.914s] -- Generating done
[0.915s] -- Build files have been written to: /home/catia/ros2_ws/build/navigation_
[0.936s] [35m[1mConsolidate compiler generated dependencies of target pub_occupancy_grid[0m
[0.936s] [35m[1mConsolidate compiler generated dependencies of target laserScan_[0m
[0.936s] [35m[1mConsolidate compiler generated dependencies of target mobile_base[0m
[0.950s] [ 66%] Built target mobile_base
[0.950s] [ 66%] Built target laserScan_
[0.951s] [ 83%] [32mBuilding CXX object CMakeFiles/pub_occupancy_grid.dir/src/pub_occupancy_grid.cpp.o[0m
[2.808s] [01m[K/home/catia/ros2_ws/src/navigation_/src/pub_occupancy_grid.cpp:[m[K In member function â€˜[01m[Kvoid OccupancyGrid_Publisher::og_callback()[m[Kâ€™:
[2.809s] [01m[K/home/catia/ros2_ws/src/navigation_/src/pub_occupancy_grid.cpp:58:7:[m[K [01;31m[Kerror: [m[Kâ€˜[01m[Kpublish_tf[m[Kâ€™ was not declared in this scope
[2.809s]    58 |       [01;31m[Kpublish_tf[m[K();
[2.809s]       |       [01;31m[K^~~~~~~~~~[m[K
[2.809s] [01m[K/home/catia/ros2_ws/src/navigation_/src/pub_occupancy_grid.cpp:61:5:[m[K [01;31m[Kerror: [m[Ka function-definition is not allowed here before â€˜[01m[K{[m[Kâ€™ token
[2.809s]    61 |     [01;31m[K{[m[K
[2.809s]       |     [01;31m[K^[m[K
[3.504s] gmake[2]: *** [CMakeFiles/pub_occupancy_grid.dir/build.make:76: CMakeFiles/pub_occupancy_grid.dir/src/pub_occupancy_grid.cpp.o] Error 1
[3.504s] gmake[1]: *** [CMakeFiles/Makefile2:141: CMakeFiles/pub_occupancy_grid.dir/all] Error 2
[3.504s] gmake: *** [Makefile:146: all] Error 2
[3.506s] Invoked command in '/home/catia/ros2_ws/build/navigation_' returned '2': CMAKE_PREFIX_PATH=${CMAKE_PREFIX_PATH}:/opt/ros/humble /usr/bin/cmake --build /home/catia/ros2_ws/build/navigation_ -- -j8 -l8
