[01m[Kcc1plus:[m[K [01;31m[Kfatal error: [m[K/home/catia/ros2_ws/src/nodes/src/publisher.cpp: No such file or directory
compilation terminated.
gmake[2]: *** [CMakeFiles/pub_node.dir/build.make:76: CMakeFiles/pub_node.dir/src/publisher.cpp.o] Error 1
gmake[1]: *** [CMakeFiles/Makefile2:137: CMakeFiles/pub_node.dir/all] Error 2
gmake: *** [Makefile:146: all] Error 2
