[35m[1mConsolidate compiler generated dependencies of target mobile_base[0m
[ 37%] [32mBuilding CXX object CMakeFiles/pub_occupancy_grid.dir/src/pub_occupancy_grid.cpp.o[0m
[ 37%] Built target laserScan_
[ 75%] Built target tf_node
[ 87%] Built target mobile_base
[01m[K/home/catia/ros2_ws/src/navigation_/src/pub_occupancy_grid.cpp:[m[K In member function â€˜[01m[Kvoid OccupancyGrid_Publisher::og_callback()[m[Kâ€™:
[01m[K/home/catia/ros2_ws/src/navigation_/src/pub_occupancy_grid.cpp:50:59:[m[K [01;31m[Kerror: [m[Kâ€˜[01m[Kusing SharedPtr = class std::shared_ptr<rclcpp::Clock>[m[Kâ€™ {aka â€˜[01m[Kclass std::shared_ptr<rclcpp::Clock>[m[Kâ€™} has no member named â€˜[01m[Know[m[Kâ€™
   50 |       occupancy_grid_msg.header.stamp = this->get_clock().[01;31m[Know[m[K();
      |                                                           [01;31m[K^~~[m[K
gmake[2]: *** [CMakeFiles/pub_occupancy_grid.dir/build.make:76: CMakeFiles/pub_occupancy_grid.dir/src/pub_occupancy_grid.cpp.o] Error 1
gmake[1]: *** [CMakeFiles/Makefile2:143: CMakeFiles/pub_occupancy_grid.dir/all] Error 2
gmake: *** [Makefile:146: all] Error 2
